#
# There is insufficient memory for the Java Runtime Environment to continue.
# Native memory allocation (mmap) failed to map 35651584 bytes. Error detail: G1 virtual space
# Possible reasons:
#   The system is out of physical RAM or swap space
#   This process is running with CompressedOops enabled, and the Java Heap may be blocking the growth of the native heap
# Possible solutions:
#   Reduce memory load on the system
#   Increase physical memory or swap space
#   Check if swap backing store is full
#   Decrease Java heap size (-Xmx/-Xms)
#   Decrease number of Java threads
#   Decrease Java thread stack sizes (-Xss)
#   Set larger code cache with -XX:ReservedCodeCacheSize=
#   JVM is running with Unscaled Compressed Oops mode in which the Java heap is
#     placed in the first 4GB address space. The Java Heap base address is the
#     maximum limit for the native heap growth. Please use -XX:HeapBaseMinAddress
#     to set the Java Heap base and to place the Java Heap above 4GB virtual address.
# This output file may be truncated or incomplete.
#
#  Out of Memory Error (os_windows.cpp:3686), pid=10680, tid=6640
#
# JRE version: OpenJDK Runtime Environment Temurin-21.0.6+7 (21.0.6+7) (build 21.0.6+7-LTS)
# Java VM: OpenJDK 64-Bit Server VM Temurin-21.0.6+7 (21.0.6+7-LTS, mixed mode, sharing, tiered, compressed oops, compressed class ptrs, g1 gc, windows-amd64)
# No core dump will be written. Minidumps are not enabled by default on client versions of Windows
#

---------------  S U M M A R Y ------------

Command Line: -XX:+ShowCodeDetailsInExceptionMessages -Dspring.jmx.enabled=true -Dmanagement.endpoints.jmx.exposure.include=* -Dspring.application.admin.enabled=true -Dspring.boot.project.name=school-library -Djava.rmi.server.hostname=localhost -Dcom.sun.management.jmxremote.port=45556 -Dcom.sun.management.jmxremote.authenticate=false -Dcom.sun.management.jmxremote.ssl=false com.sena.school_library.SchoolLibraryApplication

Host: Intel(R) Celeron(R) CPU G1610 @ 2.60GHz, 2 cores, 7G,  Windows 10 , 64 bit Build 19041 (10.0.19041.928)
Time: Thu Apr 17 12:11:54 2025 Hora est. Pacífico, Sudamérica elapsed time: 231.536781 seconds (0d 0h 3m 51s)

---------------  T H R E A D  ---------------

Current thread (0x00000231a72460a0):  VMThread "VM Thread"          [id=6640, stack(0x000000a3d3100000,0x000000a3d3200000) (1024K)]

Stack: [0x000000a3d3100000,0x000000a3d3200000]
Native frames: (J=compiled Java code, j=interpreted, Vv=VM code, C=native code)
V  [jvm.dll+0x6cdee9]
V  [jvm.dll+0x8a83d1]
V  [jvm.dll+0x8aa8fe]
V  [jvm.dll+0x8aafe3]
V  [jvm.dll+0x27f706]
V  [jvm.dll+0x6ca755]
V  [jvm.dll+0x6bea3a]
V  [jvm.dll+0x355d6a]
V  [jvm.dll+0x35d936]
V  [jvm.dll+0x3af58e]
V  [jvm.dll+0x3af838]
V  [jvm.dll+0x329efc]
V  [jvm.dll+0x329f87]
V  [jvm.dll+0x36dd4c]
V  [jvm.dll+0x36c598]
V  [jvm.dll+0x3296c1]
V  [jvm.dll+0x36bc0a]
V  [jvm.dll+0x8b0cff]
V  [jvm.dll+0x8b2084]
V  [jvm.dll+0x8b25c0]
V  [jvm.dll+0x8b2863]
V  [jvm.dll+0x851f8b]
V  [jvm.dll+0x6cc5ed]
C  [ucrtbase.dll+0x21bb2]
C  [KERNEL32.DLL+0x17034]
C  [ntdll.dll+0x52651]

VM_Operation (0x000000a3d43fde30): G1CollectForAllocation, mode: safepoint, requested by thread 0x00000231eebdfdb0


---------------  P R O C E S S  ---------------

Threads class SMR info:
_java_thread_list=0x00000231ee895880, length=23, elements={
0x00000231a7260ad0, 0x00000231a72614f0, 0x00000231a7264cd0, 0x00000231a7265330,
0x00000231a7265990, 0x00000231a7265ff0, 0x00000231a7266980, 0x00000231a72d82f0,
0x00000231a7378400, 0x00000231a746c350, 0x00000231a7c96130, 0x00000231a7897390,
0x00000231a789a5f0, 0x00000231edfc5550, 0x00000231edfc4830, 0x00000231edfc2df0,
0x00000231edfc41a0, 0x00000231a7e17d80, 0x00000231f0aa34f0, 0x00000231a7e16340,
0x00000231a7e14f90, 0x00000231eebdf090, 0x00000231eebdfdb0
}

Java Threads: ( => current thread )
  0x00000231a7260ad0 JavaThread "Reference Handler"          daemon [_thread_blocked, id=6768, stack(0x000000a3d3200000,0x000000a3d3300000) (1024K)]
  0x00000231a72614f0 JavaThread "Finalizer"                  daemon [_thread_blocked, id=7284, stack(0x000000a3d3300000,0x000000a3d3400000) (1024K)]
  0x00000231a7264cd0 JavaThread "Signal Dispatcher"          daemon [_thread_blocked, id=10576, stack(0x000000a3d3400000,0x000000a3d3500000) (1024K)]
  0x00000231a7265330 JavaThread "Attach Listener"            daemon [_thread_blocked, id=7408, stack(0x000000a3d3500000,0x000000a3d3600000) (1024K)]
  0x00000231a7265990 JavaThread "Service Thread"             daemon [_thread_blocked, id=10220, stack(0x000000a3d3600000,0x000000a3d3700000) (1024K)]
  0x00000231a7265ff0 JavaThread "Monitor Deflation Thread"   daemon [_thread_blocked, id=6048, stack(0x000000a3d3700000,0x000000a3d3800000) (1024K)]
  0x00000231a7266980 JavaThread "C2 CompilerThread0"         daemon [_thread_blocked, id=11072, stack(0x000000a3d3800000,0x000000a3d3900000) (1024K)]
  0x00000231a72d82f0 JavaThread "C1 CompilerThread0"         daemon [_thread_blocked, id=3468, stack(0x000000a3d3900000,0x000000a3d3a00000) (1024K)]
  0x00000231a7378400 JavaThread "Common-Cleaner"             daemon [_thread_blocked, id=224, stack(0x000000a3d3a00000,0x000000a3d3b00000) (1024K)]
  0x00000231a746c350 JavaThread "Notification Thread"        daemon [_thread_blocked, id=6940, stack(0x000000a3d3b00000,0x000000a3d3c00000) (1024K)]
  0x00000231a7c96130 JavaThread "RMI TCP Accept-0"           daemon [_thread_in_native, id=9940, stack(0x000000a3d3d00000,0x000000a3d3e00000) (1024K)]
  0x00000231a7897390 JavaThread "RMI TCP Accept-45556"       daemon [_thread_in_native, id=8352, stack(0x000000a3d3e00000,0x000000a3d3f00000) (1024K)]
  0x00000231a789a5f0 JavaThread "RMI TCP Accept-0"           daemon [_thread_in_native, id=8708, stack(0x000000a3d3f00000,0x000000a3d4000000) (1024K)]
  0x00000231edfc5550 JavaThread "RMI Scheduler(0)"           daemon [_thread_blocked, id=2028, stack(0x000000a3d4500000,0x000000a3d4600000) (1024K)]
  0x00000231edfc4830 JavaThread "JMX server connection timeout 32" daemon [_thread_blocked, id=10836, stack(0x000000a3d4600000,0x000000a3d4700000) (1024K)]
  0x00000231edfc2df0 JavaThread "RMI TCP Connection(3)-127.0.0.1" daemon [_thread_in_native, id=6384, stack(0x000000a3d4200000,0x000000a3d4300000) (1024K)]
  0x00000231edfc41a0 JavaThread "mysql-cj-abandoned-connection-cleanup" daemon [_thread_blocked, id=9232, stack(0x000000a3d4a00000,0x000000a3d4b00000) (1024K)]
  0x00000231a7e17d80 JavaThread "Live Reload Server"         daemon [_thread_in_native, id=11056, stack(0x000000a3d4e00000,0x000000a3d4f00000) (1024K)]
  0x00000231f0aa34f0 JavaThread "DestroyJavaVM"                     [_thread_blocked, id=5316, stack(0x000000a3d2900000,0x000000a3d2a00000) (1024K)]
  0x00000231a7e16340 JavaThread "Catalina-utility-1"                [_thread_blocked, id=7568, stack(0x000000a3d2a00000,0x000000a3d2b00000) (1024K)]
  0x00000231a7e14f90 JavaThread "Catalina-utility-2"                [_thread_blocked, id=3048, stack(0x000000a3d4000000,0x000000a3d4100000) (1024K)]
  0x00000231eebdf090 JavaThread "Thread-23"                         [_thread_blocked, id=416, stack(0x000000a3d2800000,0x000000a3d2900000) (1024K)]
  0x00000231eebdfdb0 JavaThread "restartedMain"                     [_thread_blocked, id=11004, stack(0x000000a3d4300000,0x000000a3d4400000) (1024K)]
Total: 23

Other Threads:
=>0x00000231a72460a0 VMThread "VM Thread"                           [id=6640, stack(0x000000a3d3100000,0x000000a3d3200000) (1024K)]
  0x00000231a7235200 WatcherThread "VM Periodic Task Thread"        [id=5764, stack(0x000000a3d3000000,0x000000a3d3100000) (1024K)]
  0x000002319079ed90 WorkerThread "GC Thread#0"                     [id=7220, stack(0x000000a3d2b00000,0x000000a3d2c00000) (1024K)]
  0x00000231a7704fe0 WorkerThread "GC Thread#1"                     [id=5152, stack(0x000000a3d3c00000,0x000000a3d3d00000) (1024K)]
  0x00000231907afb60 ConcurrentGCThread "G1 Main Marker"            [id=9788, stack(0x000000a3d2c00000,0x000000a3d2d00000) (1024K)]
  0x00000231907b0e00 WorkerThread "G1 Conc#0"                       [id=10524, stack(0x000000a3d2d00000,0x000000a3d2e00000) (1024K)]
  0x00000231a70f34c0 ConcurrentGCThread "G1 Refine#0"               [id=4980, stack(0x000000a3d2e00000,0x000000a3d2f00000) (1024K)]
  0x00000231a70f5b00 ConcurrentGCThread "G1 Service"                [id=9000, stack(0x000000a3d2f00000,0x000000a3d3000000) (1024K)]
Total: 8

Threads with active compile tasks:
Total: 0

VM state: at safepoint (normal execution)

VM Mutex/Monitor currently owned by a thread:  ([mutex/lock_event])
[0x00007ff82261e380] Threads_lock - owner thread: 0x00000231a72460a0
[0x00007ff82261e480] Heap_lock - owner thread: 0x00000231eebdfdb0

Heap address: 0x0000000081e00000, size: 2018 MB, Compressed Oops mode: 32-bit

CDS archive(s) mapped at: [0x00000231a8000000-0x00000231a8ba0000-0x00000231a8ba0000), size 12189696, SharedBaseAddress: 0x00000231a8000000, ArchiveRelocationMode: 1.
Compressed class space mapped at: 0x00000231a9000000-0x00000231e9000000, reserved size: 1073741824
Narrow klass base: 0x00000231a8000000, Narrow klass shift: 0, Narrow klass range: 0x100000000

GC Precious Log:
 CardTable entry size: 512
 Card Set container configuration: InlinePtr #cards 5 size 8 Array Of Cards #cards 12 size 40 Howl #buckets 4 coarsen threshold 1843 Howl Bitmap #cards 512 size 80 coarsen threshold 460 Card regions per heap region 1 cards per card region 2048
 CPUs: 2 total, 2 available
 Memory: 8068M
 Large Page Support: Disabled
 NUMA Support: Disabled
 Compressed Oops: Enabled (32-bit)
 Heap Region Size: 1M
 Heap Min Capacity: 8M
 Heap Initial Capacity: 128M
 Heap Max Capacity: 2018M
 Pre-touch: Disabled
 Parallel Workers: 2
 Concurrent Workers: 1
 Concurrent Refinement Workers: 2
 Periodic GC: Disabled

Heap:
 garbage-first heap   total 94208K, used 51318K [0x0000000081e00000, 0x0000000100000000)
  region size 1024K, 4 young (4096K), 4 survivors (4096K)
 Metaspace       used 79314K, committed 80320K, reserved 1179648K
  class space    used 10322K, committed 10816K, reserved 1048576K

Heap Regions: E=young(eden), S=young(survivor), O=old, HS=humongous(starts), HC=humongous(continues), CS=collection set, F=free, TAMS=top-at-mark-start, PB=parsable bottom
|   0|0x0000000081e00000, 0x0000000081f00000, 0x0000000081f00000|100%|HS|  |TAMS 0x0000000081f00000| PB 0x0000000081e00000| Untracked 
|   1|0x0000000081f00000, 0x0000000082000000, 0x0000000082000000|100%|HS|  |TAMS 0x0000000082000000| PB 0x0000000081f00000| Untracked 
|   2|0x0000000082000000, 0x0000000082100000, 0x0000000082100000|100%| O|  |TAMS 0x0000000082100000| PB 0x0000000082000000| Untracked 
|   3|0x0000000082100000, 0x0000000082200000, 0x0000000082200000|100%| O|  |TAMS 0x0000000082200000| PB 0x0000000082100000| Untracked 
|   4|0x0000000082200000, 0x0000000082300000, 0x0000000082300000|100%| O|  |TAMS 0x0000000082300000| PB 0x0000000082200000| Untracked 
|   5|0x0000000082300000, 0x00000000823ffff8, 0x0000000082400000| 99%| O|  |TAMS 0x00000000823ffff8| PB 0x0000000082300000| Untracked 
|   6|0x0000000082400000, 0x00000000824ffff8, 0x0000000082500000| 99%| O|  |TAMS 0x00000000824ffff8| PB 0x0000000082400000| Untracked 
|   7|0x0000000082500000, 0x0000000082600000, 0x0000000082600000|100%| O|  |TAMS 0x0000000082600000| PB 0x0000000082500000| Untracked 
|   8|0x0000000082600000, 0x00000000826fe170, 0x0000000082700000| 99%| O|  |TAMS 0x00000000826fe170| PB 0x0000000082600000| Untracked 
|   9|0x0000000082700000, 0x00000000827fffb0, 0x0000000082800000| 99%| O|  |TAMS 0x00000000827fffb0| PB 0x0000000082700000| Untracked 
|  10|0x0000000082800000, 0x0000000082900000, 0x0000000082900000|100%| O|  |TAMS 0x0000000082900000| PB 0x0000000082800000| Untracked 
|  11|0x0000000082900000, 0x00000000829fffb8, 0x0000000082a00000| 99%| O|  |TAMS 0x00000000829fffb8| PB 0x0000000082900000| Untracked 
|  12|0x0000000082a00000, 0x0000000082b00000, 0x0000000082b00000|100%| O|  |TAMS 0x0000000082b00000| PB 0x0000000082a00000| Untracked 
|  13|0x0000000082b00000, 0x0000000082c00000, 0x0000000082c00000|100%| O|  |TAMS 0x0000000082c00000| PB 0x0000000082b00000| Untracked 
|  14|0x0000000082c00000, 0x0000000082cffff0, 0x0000000082d00000| 99%| O|  |TAMS 0x0000000082cffff0| PB 0x0000000082c00000| Untracked 
|  15|0x0000000082d00000, 0x0000000082dffd80, 0x0000000082e00000| 99%| O|  |TAMS 0x0000000082dffd80| PB 0x0000000082d00000| Untracked 
|  16|0x0000000082e00000, 0x0000000082efffd8, 0x0000000082f00000| 99%| O|  |TAMS 0x0000000082efffd8| PB 0x0000000082e00000| Untracked 
|  17|0x0000000082f00000, 0x0000000083000000, 0x0000000083000000|100%| O|  |TAMS 0x0000000083000000| PB 0x0000000082f00000| Untracked 
|  18|0x0000000083000000, 0x00000000830fffc8, 0x0000000083100000| 99%| O|  |TAMS 0x00000000830fffc8| PB 0x0000000083000000| Untracked 
|  19|0x0000000083100000, 0x00000000831ffff8, 0x0000000083200000| 99%| O|  |TAMS 0x00000000831ffff8| PB 0x0000000083100000| Untracked 
|  20|0x0000000083200000, 0x00000000832fffe0, 0x0000000083300000| 99%| O|  |TAMS 0x00000000832fffe0| PB 0x0000000083200000| Untracked 
|  21|0x0000000083300000, 0x00000000833ffff8, 0x0000000083400000| 99%| O|  |TAMS 0x00000000833ffff8| PB 0x0000000083300000| Untracked 
|  22|0x0000000083400000, 0x00000000834fff88, 0x0000000083500000| 99%| O|  |TAMS 0x00000000834fff88| PB 0x0000000083400000| Untracked 
|  23|0x0000000083500000, 0x00000000835ffff0, 0x0000000083600000| 99%| O|  |TAMS 0x00000000835ffff0| PB 0x0000000083500000| Untracked 
|  24|0x0000000083600000, 0x00000000836fffd8, 0x0000000083700000| 99%| O|  |TAMS 0x00000000836fffd8| PB 0x0000000083600000| Untracked 
|  25|0x0000000083700000, 0x0000000083800000, 0x0000000083800000|100%| O|  |TAMS 0x0000000083800000| PB 0x0000000083700000| Untracked 
|  26|0x0000000083800000, 0x00000000838fffd0, 0x0000000083900000| 99%| O|  |TAMS 0x00000000838fffd0| PB 0x0000000083800000| Untracked 
|  27|0x0000000083900000, 0x00000000839ffba8, 0x0000000083a00000| 99%| O|  |TAMS 0x00000000839ffba8| PB 0x0000000083900000| Untracked 
|  28|0x0000000083a00000, 0x0000000083afffe8, 0x0000000083b00000| 99%| O|  |TAMS 0x0000000083afffe8| PB 0x0000000083a00000| Untracked 
|  29|0x0000000083b00000, 0x0000000083c00000, 0x0000000083c00000|100%| O|  |TAMS 0x0000000083c00000| PB 0x0000000083b00000| Untracked 
|  30|0x0000000083c00000, 0x0000000083d00000, 0x0000000083d00000|100%| O|  |TAMS 0x0000000083d00000| PB 0x0000000083c00000| Untracked 
|  31|0x0000000083d00000, 0x0000000083dfff98, 0x0000000083e00000| 99%| O|  |TAMS 0x0000000083dfff98| PB 0x0000000083d00000| Untracked 
|  32|0x0000000083e00000, 0x0000000083effff8, 0x0000000083f00000| 99%| O|  |TAMS 0x0000000083effff8| PB 0x0000000083e00000| Untracked 
|  33|0x0000000083f00000, 0x0000000084000000, 0x0000000084000000|100%| O|  |TAMS 0x0000000084000000| PB 0x0000000083f00000| Untracked 
|  34|0x0000000084000000, 0x00000000840fffb8, 0x0000000084100000| 99%| O|  |TAMS 0x00000000840fffb8| PB 0x0000000084000000| Untracked 
|  35|0x0000000084100000, 0x00000000841ffff8, 0x0000000084200000| 99%| O|  |TAMS 0x00000000841ffff8| PB 0x0000000084100000| Untracked 
|  36|0x0000000084200000, 0x00000000842fffe0, 0x0000000084300000| 99%| O|  |TAMS 0x00000000842fffe0| PB 0x0000000084200000| Untracked 
|  37|0x0000000084300000, 0x0000000084400000, 0x0000000084400000|100%| O|  |TAMS 0x0000000084400000| PB 0x0000000084300000| Untracked 
|  38|0x0000000084400000, 0x0000000084500000, 0x0000000084500000|100%| O|  |TAMS 0x0000000084500000| PB 0x0000000084400000| Untracked 
|  39|0x0000000084500000, 0x00000000845fffe0, 0x0000000084600000| 99%| O|  |TAMS 0x00000000845fffe0| PB 0x0000000084500000| Untracked 
|  40|0x0000000084600000, 0x00000000846fffe8, 0x0000000084700000| 99%| O|  |TAMS 0x00000000846fffe8| PB 0x0000000084600000| Untracked 
|  41|0x0000000084700000, 0x00000000847ffff8, 0x0000000084800000| 99%| O|  |TAMS 0x00000000847ffff8| PB 0x0000000084700000| Untracked 
|  42|0x0000000084800000, 0x0000000084900000, 0x0000000084900000|100%| O|  |TAMS 0x0000000084900000| PB 0x0000000084800000| Untracked 
|  43|0x0000000084900000, 0x00000000849ffff8, 0x0000000084a00000| 99%| O|  |TAMS 0x00000000849ffff8| PB 0x0000000084900000| Untracked 
|  44|0x0000000084a00000, 0x0000000084a9f460, 0x0000000084b00000| 62%| O|  |TAMS 0x0000000084a9f460| PB 0x0000000084a00000| Untracked 
|  45|0x0000000084b00000, 0x0000000084bffff8, 0x0000000084c00000| 99%| O|  |TAMS 0x0000000084bffff8| PB 0x0000000084b00000| Untracked 
|  46|0x0000000084c00000, 0x0000000084c00000, 0x0000000084d00000|  0%| F|  |TAMS 0x0000000084c00000| PB 0x0000000084c00000| Untracked 
|  47|0x0000000084d00000, 0x0000000084d80e30, 0x0000000084e00000| 50%| O|  |TAMS 0x0000000084d80e30| PB 0x0000000084d00000| Untracked 
|  48|0x0000000084e00000, 0x0000000084e00000, 0x0000000084f00000|  0%| F|  |TAMS 0x0000000084e00000| PB 0x0000000084e00000| Untracked 
|  49|0x0000000084f00000, 0x0000000085000000, 0x0000000085000000|100%| S|CS|TAMS 0x0000000084f00000| PB 0x0000000084f00000| Complete 
|  50|0x0000000085000000, 0x0000000085100000, 0x0000000085100000|100%| S|CS|TAMS 0x0000000085000000| PB 0x0000000085000000| Complete 
|  51|0x0000000085100000, 0x0000000085200000, 0x0000000085200000|100%| S|CS|TAMS 0x0000000085100000| PB 0x0000000085100000| Complete 
|  52|0x0000000085200000, 0x0000000085300000, 0x0000000085300000|100%| S|CS|TAMS 0x0000000085200000| PB 0x0000000085200000| Complete 
|  53|0x0000000085300000, 0x0000000085300000, 0x0000000085400000|  0%| F|  |TAMS 0x0000000085300000| PB 0x0000000085300000| Untracked 
|  54|0x0000000085400000, 0x0000000085400000, 0x0000000085500000|  0%| F|  |TAMS 0x0000000085400000| PB 0x0000000085400000| Untracked 
|  55|0x0000000085500000, 0x0000000085500000, 0x0000000085600000|  0%| F|  |TAMS 0x0000000085500000| PB 0x0000000085500000| Untracked 
|  56|0x0000000085600000, 0x0000000085600000, 0x0000000085700000|  0%| F|  |TAMS 0x0000000085600000| PB 0x0000000085600000| Untracked 
|  57|0x0000000085700000, 0x0000000085700000, 0x0000000085800000|  0%| F|  |TAMS 0x0000000085700000| PB 0x0000000085700000| Untracked 
|  58|0x0000000085800000, 0x0000000085800000, 0x0000000085900000|  0%| F|  |TAMS 0x0000000085800000| PB 0x0000000085800000| Untracked 
|  59|0x0000000085900000, 0x0000000085900000, 0x0000000085a00000|  0%| F|  |TAMS 0x0000000085900000| PB 0x0000000085900000| Untracked 
|  60|0x0000000085a00000, 0x0000000085a00000, 0x0000000085b00000|  0%| F|  |TAMS 0x0000000085a00000| PB 0x0000000085a00000| Untracked 
|  61|0x0000000085b00000, 0x0000000085b00000, 0x0000000085c00000|  0%| F|  |TAMS 0x0000000085b00000| PB 0x0000000085b00000| Untracked 
|  62|0x0000000085c00000, 0x0000000085c00000, 0x0000000085d00000|  0%| F|  |TAMS 0x0000000085c00000| PB 0x0000000085c00000| Untracked 
|  63|0x0000000085d00000, 0x0000000085d00000, 0x0000000085e00000|  0%| F|  |TAMS 0x0000000085d00000| PB 0x0000000085d00000| Untracked 
|  64|0x0000000085e00000, 0x0000000085e00000, 0x0000000085f00000|  0%| F|  |TAMS 0x0000000085e00000| PB 0x0000000085e00000| Untracked 
|  65|0x0000000085f00000, 0x0000000085f00000, 0x0000000086000000|  0%| F|  |TAMS 0x0000000085f00000| PB 0x0000000085f00000| Untracked 
|  66|0x0000000086000000, 0x0000000086000000, 0x0000000086100000|  0%| F|  |TAMS 0x0000000086000000| PB 0x0000000086000000| Untracked 
|  67|0x0000000086100000, 0x0000000086100000, 0x0000000086200000|  0%| F|  |TAMS 0x0000000086100000| PB 0x0000000086100000| Untracked 
|  68|0x0000000086200000, 0x0000000086200000, 0x0000000086300000|  0%| F|  |TAMS 0x0000000086200000| PB 0x0000000086200000| Untracked 
|  69|0x0000000086300000, 0x0000000086300000, 0x0000000086400000|  0%| F|  |TAMS 0x0000000086300000| PB 0x0000000086300000| Untracked 
|  70|0x0000000086400000, 0x0000000086400000, 0x0000000086500000|  0%| F|  |TAMS 0x0000000086400000| PB 0x0000000086400000| Untracked 
|  71|0x0000000086500000, 0x0000000086500000, 0x0000000086600000|  0%| F|  |TAMS 0x0000000086500000| PB 0x0000000086500000| Untracked 
|  72|0x0000000086600000, 0x0000000086600000, 0x0000000086700000|  0%| F|  |TAMS 0x0000000086600000| PB 0x0000000086600000| Untracked 
|  73|0x0000000086700000, 0x0000000086700000, 0x0000000086800000|  0%| F|  |TAMS 0x0000000086700000| PB 0x0000000086700000| Untracked 
|  74|0x0000000086800000, 0x0000000086800000, 0x0000000086900000|  0%| F|  |TAMS 0x0000000086800000| PB 0x0000000086800000| Untracked 
|  75|0x0000000086900000, 0x0000000086900000, 0x0000000086a00000|  0%| F|  |TAMS 0x0000000086900000| PB 0x0000000086900000| Untracked 
|  76|0x0000000086a00000, 0x0000000086a00000, 0x0000000086b00000|  0%| F|  |TAMS 0x0000000086a00000| PB 0x0000000086a00000| Untracked 
|  77|0x0000000086b00000, 0x0000000086b00000, 0x0000000086c00000|  0%| F|  |TAMS 0x0000000086b00000| PB 0x0000000086b00000| Untracked 
|  78|0x0000000086c00000, 0x0000000086c00000, 0x0000000086d00000|  0%| F|  |TAMS 0x0000000086c00000| PB 0x0000000086c00000| Untracked 
|  79|0x0000000086d00000, 0x0000000086d00000, 0x0000000086e00000|  0%| F|  |TAMS 0x0000000086d00000| PB 0x0000000086d00000| Untracked 
|  80|0x0000000086e00000, 0x0000000086e00000, 0x0000000086f00000|  0%| F|  |TAMS 0x0000000086e00000| PB 0x0000000086e00000| Untracked 
|  81|0x0000000086f00000, 0x0000000086f00000, 0x0000000087000000|  0%| F|  |TAMS 0x0000000086f00000| PB 0x0000000086f00000| Untracked 
|  82|0x0000000087000000, 0x0000000087000000, 0x0000000087100000|  0%| F|  |TAMS 0x0000000087000000| PB 0x0000000087000000| Untracked 
|  83|0x0000000087100000, 0x0000000087100000, 0x0000000087200000|  0%| F|  |TAMS 0x0000000087100000| PB 0x0000000087100000| Untracked 
|  84|0x0000000087200000, 0x0000000087200000, 0x0000000087300000|  0%| F|  |TAMS 0x0000000087200000| PB 0x0000000087200000| Untracked 
|  85|0x0000000087300000, 0x0000000087300000, 0x0000000087400000|  0%| F|  |TAMS 0x0000000087300000| PB 0x0000000087300000| Untracked 
|  86|0x0000000087400000, 0x0000000087400000, 0x0000000087500000|  0%| F|  |TAMS 0x0000000087400000| PB 0x0000000087400000| Untracked 
|  87|0x0000000087500000, 0x0000000087500000, 0x0000000087600000|  0%| F|  |TAMS 0x0000000087500000| PB 0x0000000087500000| Untracked 
|  88|0x0000000087600000, 0x0000000087600000, 0x0000000087700000|  0%| F|  |TAMS 0x0000000087600000| PB 0x0000000087600000| Untracked 
|  89|0x0000000087700000, 0x0000000087700000, 0x0000000087800000|  0%| F|  |TAMS 0x0000000087700000| PB 0x0000000087700000| Untracked 
|  90|0x0000000087800000, 0x0000000087800000, 0x0000000087900000|  0%| F|  |TAMS 0x0000000087800000| PB 0x0000000087800000| Untracked 
| 127|0x0000000089d00000, 0x0000000089d00000, 0x0000000089e00000|  0%| F|  |TAMS 0x0000000089d00000| PB 0x0000000089d00000| Untracked 

Card table byte_map: [0x00000231a2d40000,0x00000231a3140000] _byte_map_base: 0x00000231a2931000

Marking Bits: (CMBitMap*) 0x000002319079f490
 Bits: [0x00000231a3140000, 0x00000231a50c8000)

Polling page: 0x000002318ff10000

Metaspace:

Usage:
  Non-class:     67.37 MB used.
      Class:     10.08 MB used.
       Both:     77.46 MB used.

Virtual space:
  Non-class space:      128.00 MB reserved,      67.88 MB ( 53%) committed,  2 nodes.
      Class space:        1.00 GB reserved,      10.56 MB (  1%) committed,  1 nodes.
             Both:        1.12 GB reserved,      78.44 MB (  7%) committed. 

Chunk freelists:
   Non-Class:  12.09 MB
       Class:  5.46 MB
        Both:  17.56 MB

MaxMetaspaceSize: unlimited
CompressedClassSpaceSize: 1.00 GB
Initial GC threshold: 21.00 MB
Current GC threshold: 130.62 MB
CDS: on
 - commit_granule_bytes: 65536.
 - commit_granule_words: 8192.
 - virtual_space_node_default_size: 8388608.
 - enlarge_chunks_in_place: 1.
 - use_allocation_guard: 0.


Internal statistics:

num_allocs_failed_limit: 9.
num_arena_births: 1452.
num_arena_deaths: 0.
num_vsnodes_births: 3.
num_vsnodes_deaths: 0.
num_space_committed: 1255.
num_space_uncommitted: 0.
num_chunks_returned_to_freelist: 9.
num_chunks_taken_from_freelist: 4617.
num_chunk_merges: 9.
num_chunk_splits: 3098.
num_chunks_enlarged: 2255.
num_inconsistent_stats: 0.

CodeHeap 'non-profiled nmethods': size=120064Kb used=8619Kb max_used=8619Kb free=111445Kb
 bounds [0x000002319b400000, 0x000002319bc70000, 0x00000231a2940000]
CodeHeap 'profiled nmethods': size=120000Kb used=18717Kb max_used=18865Kb free=101282Kb
 bounds [0x0000023193940000, 0x0000023194bc0000, 0x000002319ae70000]
CodeHeap 'non-nmethods': size=5696Kb used=1739Kb max_used=1801Kb free=3956Kb
 bounds [0x000002319ae70000, 0x000002319b0e0000, 0x000002319b400000]
 total_blobs=11013 nmethods=10259 adapters=658
 compilation: enabled
              stopped_count=0, restarted_count=0
 full_count=0

Compilation events (20 events):
Event: 231.372 Thread 0x00000231a7266980 12917       4       org.springframework.util.ClassUtils::getShortName (52 bytes)
Event: 231.405 Thread 0x00000231a7266980 nmethod 12917 0x000002319bc64490 code [0x000002319bc64680, 0x000002319bc651e8]
Event: 231.405 Thread 0x00000231a7266980 12919       4       java.util.LinkedList$ListItr::<init> (47 bytes)
Event: 231.408 Thread 0x00000231a7266980 nmethod 12919 0x000002319bc65890 code [0x000002319bc65a20, 0x000002319bc65d58]
Event: 231.408 Thread 0x00000231a7266980 12920       4       org.springframework.util.PlaceholderParser::replacePlaceholders (47 bytes)
Event: 231.462 Thread 0x00000231a72d82f0 12921       1       org.springframework.core.convert.Property::getReadMethod (5 bytes)
Event: 231.462 Thread 0x00000231a72d82f0 nmethod 12921 0x000002319bc65e90 code [0x000002319bc66020, 0x000002319bc660e8]
Event: 231.469 Thread 0x00000231a72d82f0 12922       1       org.springframework.aop.aspectj.annotation.AspectMetadata::getAspectClass (5 bytes)
Event: 231.469 Thread 0x00000231a72d82f0 nmethod 12922 0x000002319bc66190 code [0x000002319bc66320, 0x000002319bc663e8]
Event: 231.473 Thread 0x00000231a72d82f0 12923       3       org.aspectj.weaver.patterns.BasicToken::makeOperator (16 bytes)
Event: 231.473 Thread 0x00000231a72d82f0 nmethod 12923 0x0000023193d14190 code [0x0000023193d14360, 0x0000023193d14668]
Event: 231.473 Thread 0x00000231a72d82f0 12924       3       org.aspectj.weaver.patterns.BasicTokenSource::makeString (5 bytes)
Event: 231.474 Thread 0x00000231a72d82f0 nmethod 12924 0x000002319452cd90 code [0x000002319452cf40, 0x000002319452d0b0]
Event: 231.474 Thread 0x00000231a72d82f0 12926       3       org.aspectj.weaver.patterns.PatternNode::<init> (15 bytes)
Event: 231.474 Thread 0x00000231a72d82f0 nmethod 12926 0x000002319453e010 code [0x000002319453e1c0, 0x000002319453e330]
Event: 231.503 Thread 0x00000231a7266980 nmethod 12920 0x000002319bc66490 code [0x000002319bc66840, 0x000002319bc68a18]
Event: 231.503 Thread 0x00000231a7266980 12925   !   4       org.aspectj.weaver.patterns.BasicTokenSource::peek (15 bytes)
Event: 231.504 Thread 0x00000231a7266980 nmethod 12925 0x000002319bc6a210 code [0x000002319bc6a3a0, 0x000002319bc6a4b8]
Event: 231.504 Thread 0x00000231a7266980 12918       4       org.springframework.core.annotation.TypeMappedAnnotations$MergedAnnotationFinder::<init> (37 bytes)
Event: 231.507 Thread 0x00000231a7266980 nmethod 12918 0x000002319bc6a590 code [0x000002319bc6a720, 0x000002319bc6ab58]

GC Heap History (20 events):
Event: 213.648 GC heap after
{Heap after GC invocations=63 (full 4):
 garbage-first heap   total 94208K, used 44914K [0x0000000081e00000, 0x0000000100000000)
  region size 1024K, 4 young (4096K), 4 survivors (4096K)
 Metaspace       used 78301K, committed 79360K, reserved 1179648K
  class space    used 10269K, committed 10752K, reserved 1048576K
}
Event: 215.054 GC heap before
{Heap before GC invocations=64 (full 4):
 garbage-first heap   total 94208K, used 82802K [0x0000000081e00000, 0x0000000100000000)
  region size 1024K, 41 young (41984K), 4 survivors (4096K)
 Metaspace       used 78452K, committed 79488K, reserved 1179648K
  class space    used 10278K, committed 10752K, reserved 1048576K
}
Event: 215.063 GC heap after
{Heap after GC invocations=65 (full 4):
 garbage-first heap   total 94208K, used 46530K [0x0000000081e00000, 0x0000000100000000)
  region size 1024K, 2 young (2048K), 2 survivors (2048K)
 Metaspace       used 78452K, committed 79488K, reserved 1179648K
  class space    used 10278K, committed 10752K, reserved 1048576K
}
Event: 216.075 GC heap before
{Heap before GC invocations=65 (full 4):
 garbage-first heap   total 94208K, used 84418K [0x0000000081e00000, 0x0000000100000000)
  region size 1024K, 39 young (39936K), 2 survivors (2048K)
 Metaspace       used 78729K, committed 79680K, reserved 1179648K
  class space    used 10292K, committed 10752K, reserved 1048576K
}
Event: 216.084 GC heap after
{Heap after GC invocations=66 (full 4):
 garbage-first heap   total 94208K, used 49128K [0x0000000081e00000, 0x0000000100000000)
  region size 1024K, 4 young (4096K), 4 survivors (4096K)
 Metaspace       used 78729K, committed 79680K, reserved 1179648K
  class space    used 10292K, committed 10752K, reserved 1048576K
}
Event: 216.664 GC heap before
{Heap before GC invocations=66 (full 4):
 garbage-first heap   total 94208K, used 82920K [0x0000000081e00000, 0x0000000100000000)
  region size 1024K, 37 young (37888K), 4 survivors (4096K)
 Metaspace       used 78763K, committed 79744K, reserved 1179648K
  class space    used 10292K, committed 10752K, reserved 1048576K
}
Event: 216.674 GC heap after
{Heap after GC invocations=67 (full 4):
 garbage-first heap   total 94208K, used 50145K [0x0000000081e00000, 0x0000000100000000)
  region size 1024K, 4 young (4096K), 4 survivors (4096K)
 Metaspace       used 78763K, committed 79744K, reserved 1179648K
  class space    used 10292K, committed 10752K, reserved 1048576K
}
Event: 218.617 GC heap before
{Heap before GC invocations=68 (full 4):
 garbage-first heap   total 94208K, used 65505K [0x0000000081e00000, 0x0000000100000000)
  region size 1024K, 20 young (20480K), 4 survivors (4096K)
 Metaspace       used 78790K, committed 79808K, reserved 1179648K
  class space    used 10292K, committed 10752K, reserved 1048576K
}
Event: 218.722 GC heap after
{Heap after GC invocations=69 (full 5):
 garbage-first heap   total 94208K, used 44004K [0x0000000081e00000, 0x0000000100000000)
  region size 1024K, 0 young (0K), 0 survivors (0K)
 Metaspace       used 78790K, committed 79808K, reserved 1179648K
  class space    used 10292K, committed 10752K, reserved 1048576K
}
Event: 219.714 GC heap before
{Heap before GC invocations=69 (full 5):
 garbage-first heap   total 94208K, used 84964K [0x0000000081e00000, 0x0000000100000000)
  region size 1024K, 41 young (41984K), 0 survivors (0K)
 Metaspace       used 78860K, committed 79936K, reserved 1179648K
  class space    used 10295K, committed 10816K, reserved 1048576K
}
Event: 219.721 GC heap after
{Heap after GC invocations=70 (full 5):
 garbage-first heap   total 94208K, used 48069K [0x0000000081e00000, 0x0000000100000000)
  region size 1024K, 4 young (4096K), 4 survivors (4096K)
 Metaspace       used 78860K, committed 79936K, reserved 1179648K
  class space    used 10295K, committed 10816K, reserved 1048576K
}
Event: 220.290 GC heap before
{Heap before GC invocations=71 (full 5):
 garbage-first heap   total 94208K, used 82885K [0x0000000081e00000, 0x0000000100000000)
  region size 1024K, 38 young (38912K), 4 survivors (4096K)
 Metaspace       used 78920K, committed 80000K, reserved 1179648K
  class space    used 10302K, committed 10816K, reserved 1048576K
}
Event: 220.300 GC heap after
{Heap after GC invocations=72 (full 5):
 garbage-first heap   total 94208K, used 49649K [0x0000000081e00000, 0x0000000100000000)
  region size 1024K, 2 young (2048K), 2 survivors (2048K)
 Metaspace       used 78920K, committed 80000K, reserved 1179648K
  class space    used 10302K, committed 10816K, reserved 1048576K
}
Event: 221.223 GC heap before
{Heap before GC invocations=72 (full 5):
 garbage-first heap   total 94208K, used 84465K [0x0000000081e00000, 0x0000000100000000)
  region size 1024K, 36 young (36864K), 2 survivors (2048K)
 Metaspace       used 79228K, committed 80256K, reserved 1179648K
  class space    used 10319K, committed 10816K, reserved 1048576K
}
Event: 221.231 GC heap after
{Heap after GC invocations=73 (full 5):
 garbage-first heap   total 94208K, used 51846K [0x0000000081e00000, 0x0000000100000000)
  region size 1024K, 4 young (4096K), 4 survivors (4096K)
 Metaspace       used 79228K, committed 80256K, reserved 1179648K
  class space    used 10319K, committed 10816K, reserved 1048576K
}
Event: 221.573 GC heap before
{Heap before GC invocations=73 (full 5):
 garbage-first heap   total 94208K, used 82566K [0x0000000081e00000, 0x0000000100000000)
  region size 1024K, 34 young (34816K), 4 survivors (4096K)
 Metaspace       used 79240K, committed 80256K, reserved 1179648K
  class space    used 10319K, committed 10816K, reserved 1048576K
}
Event: 221.583 GC heap after
{Heap after GC invocations=74 (full 5):
 garbage-first heap   total 94208K, used 52848K [0x0000000081e00000, 0x0000000100000000)
  region size 1024K, 4 young (4096K), 4 survivors (4096K)
 Metaspace       used 79240K, committed 80256K, reserved 1179648K
  class space    used 10319K, committed 10816K, reserved 1048576K
}
Event: 229.390 GC heap before
{Heap before GC invocations=75 (full 5):
 garbage-first heap   total 94208K, used 78448K [0x0000000081e00000, 0x0000000100000000)
  region size 1024K, 30 young (30720K), 4 survivors (4096K)
 Metaspace       used 79266K, committed 80256K, reserved 1179648K
  class space    used 10319K, committed 10816K, reserved 1048576K
}
Event: 229.509 GC heap after
{Heap after GC invocations=76 (full 6):
 garbage-first heap   total 94208K, used 47222K [0x0000000081e00000, 0x0000000100000000)
  region size 1024K, 0 young (0K), 0 survivors (0K)
 Metaspace       used 79266K, committed 80256K, reserved 1179648K
  class space    used 10319K, committed 10816K, reserved 1048576K
}
Event: 231.526 GC heap before
{Heap before GC invocations=76 (full 6):
 garbage-first heap   total 94208K, used 87158K [0x0000000081e00000, 0x0000000100000000)
  region size 1024K, 39 young (39936K), 0 survivors (0K)
 Metaspace       used 79314K, committed 80320K, reserved 1179648K
  class space    used 10322K, committed 10816K, reserved 1048576K
}

Dll operation events (11 events):
Event: 0.009 Loaded shared library C:\Users\EDITH\.vscode\extensions\redhat.java-1.41.1-win32-x64\jre\21.0.6-win32-x86_64\bin\java.dll
Event: 0.059 Loaded shared library C:\Users\EDITH\.vscode\extensions\redhat.java-1.41.1-win32-x64\jre\21.0.6-win32-x86_64\bin\zip.dll
Event: 0.239 Loaded shared library C:\Users\EDITH\.vscode\extensions\redhat.java-1.41.1-win32-x64\jre\21.0.6-win32-x86_64\bin\jimage.dll
Event: 0.249 Loaded shared library C:\Users\EDITH\.vscode\extensions\redhat.java-1.41.1-win32-x64\jre\21.0.6-win32-x86_64\bin\net.dll
Event: 0.251 Loaded shared library C:\Users\EDITH\.vscode\extensions\redhat.java-1.41.1-win32-x64\jre\21.0.6-win32-x86_64\bin\nio.dll
Event: 0.257 Loaded shared library C:\Users\EDITH\.vscode\extensions\redhat.java-1.41.1-win32-x64\jre\21.0.6-win32-x86_64\bin\zip.dll
Event: 0.529 Loaded shared library C:\Users\EDITH\.vscode\extensions\redhat.java-1.41.1-win32-x64\jre\21.0.6-win32-x86_64\bin\management.dll
Event: 0.609 Loaded shared library C:\Users\EDITH\.vscode\extensions\redhat.java-1.41.1-win32-x64\jre\21.0.6-win32-x86_64\bin\management_ext.dll
Event: 1.467 Loaded shared library C:\Users\EDITH\.vscode\extensions\redhat.java-1.41.1-win32-x64\jre\21.0.6-win32-x86_64\bin\extnet.dll
Event: 4.755 Loaded shared library C:\Users\EDITH\.vscode\extensions\redhat.java-1.41.1-win32-x64\jre\21.0.6-win32-x86_64\bin\sunmscapi.dll
Event: 19.275 Loaded shared library C:\Users\EDITH\.vscode\extensions\redhat.java-1.41.1-win32-x64\jre\21.0.6-win32-x86_64\bin\verify.dll

Deoptimization events (20 events):
Event: 220.789 Thread 0x00000231a7e18410 Uncommon trap: trap_request=0xffffff6e fr.pc=0x000002319bba1bbc relative=0x000000000000027c
Event: 220.789 Thread 0x00000231a7e18410 Uncommon trap: reason=loop_limit_check action=maybe_recompile pc=0x000002319bba1bbc method=com.mysql.cj.util.StringUtils.indexOfIgnoreCase(ILjava/lang/String;Ljava/lang/String;)I @ 90 c2
Event: 220.789 Thread 0x00000231a7e18410 DEOPT PACKING pc=0x000002319bba1bbc sp=0x000000a3d43fd530
Event: 220.789 Thread 0x00000231a7e18410 DEOPT UNPACKING pc=0x000002319aec469c sp=0x000000a3d43fd4c0 mode 2
Event: 229.041 Thread 0x00000231eebdf090 Uncommon trap: trap_request=0xffffffc6 fr.pc=0x000002319b612d94 relative=0x0000000000000b74
Event: 229.041 Thread 0x00000231eebdf090 Uncommon trap: reason=bimorphic_or_optimized_type_check action=maybe_recompile pc=0x000002319b612d94 method=java.util.HashMap.removeNode(ILjava/lang/Object;Ljava/lang/Object;ZZ)Ljava/util/HashMap$Node; @ 143 c2
Event: 229.041 Thread 0x00000231eebdf090 DEOPT PACKING pc=0x000002319b612d94 sp=0x000000a3d28febe0
Event: 229.041 Thread 0x00000231eebdf090 DEOPT UNPACKING pc=0x000002319aec469c sp=0x000000a3d28feb78 mode 2
Event: 230.740 Thread 0x00000231eebdfdb0 Uncommon trap: trap_request=0xffffff76 fr.pc=0x000002319bc54e58 relative=0x0000000000000ed8
Event: 230.740 Thread 0x00000231eebdfdb0 Uncommon trap: reason=predicate action=maybe_recompile pc=0x000002319bc54e58 method=java.util.TimSort.reverseRange([Ljava/lang/Object;II)V @ 5 c2
Event: 230.740 Thread 0x00000231eebdfdb0 DEOPT PACKING pc=0x000002319bc54e58 sp=0x000000a3d43fcf10
Event: 230.740 Thread 0x00000231eebdfdb0 DEOPT UNPACKING pc=0x000002319aec469c sp=0x000000a3d43fcdc0 mode 2
Event: 231.413 Thread 0x00000231eebdfdb0 Uncommon trap: trap_request=0xffffffd6 fr.pc=0x000002319bc618f0 relative=0x00000000000010d0
Event: 231.413 Thread 0x00000231eebdfdb0 Uncommon trap: reason=array_check action=maybe_recompile pc=0x000002319bc618f0 method=java.util.TimSort.reverseRange([Ljava/lang/Object;II)V @ 20 c2
Event: 231.413 Thread 0x00000231eebdfdb0 DEOPT PACKING pc=0x000002319bc618f0 sp=0x000000a3d43fe030
Event: 231.413 Thread 0x00000231eebdfdb0 DEOPT UNPACKING pc=0x000002319aec469c sp=0x000000a3d43fdec8 mode 2
Event: 231.468 Thread 0x00000231eebdfdb0 Uncommon trap: trap_request=0xffffffd6 fr.pc=0x000002319bc618f0 relative=0x00000000000010d0
Event: 231.468 Thread 0x00000231eebdfdb0 Uncommon trap: reason=array_check action=maybe_recompile pc=0x000002319bc618f0 method=java.util.TimSort.reverseRange([Ljava/lang/Object;II)V @ 20 c2
Event: 231.468 Thread 0x00000231eebdfdb0 DEOPT PACKING pc=0x000002319bc618f0 sp=0x000000a3d43fc920
Event: 231.468 Thread 0x00000231eebdfdb0 DEOPT UNPACKING pc=0x000002319aec469c sp=0x000000a3d43fc7b8 mode 2

Classes loaded (20 events):
Event: 175.375 Loading class java/security/Key done
Event: 175.375 Loading class javax/security/auth/Destroyable
Event: 175.375 Loading class javax/security/auth/Destroyable done
Event: 175.375 Loading class java/security/PrivateKey done
Event: 175.375 Loading class javax/net/ssl/SSLSocket
Event: 175.376 Loading class javax/net/ssl/SSLSocket done
Event: 175.376 Loading class javax/crypto/NoSuchPaddingException
Event: 175.376 Loading class javax/crypto/NoSuchPaddingException done
Event: 175.376 Loading class javax/crypto/IllegalBlockSizeException
Event: 175.376 Loading class javax/crypto/IllegalBlockSizeException done
Event: 175.376 Loading class javax/crypto/BadPaddingException
Event: 175.376 Loading class javax/crypto/BadPaddingException done
Event: 175.376 Loading class java/security/spec/InvalidKeySpecException
Event: 175.376 Loading class java/security/spec/InvalidKeySpecException done
Event: 175.376 Loading class java/security/spec/KeySpec
Event: 175.376 Loading class java/security/spec/KeySpec done
Event: 175.513 Loading class java/lang/ref/Finalizer$2
Event: 175.513 Loading class java/lang/ref/Finalizer$2 done
Event: 175.513 Loading class java/lang/ref/Finalizer$1
Event: 175.513 Loading class java/lang/ref/Finalizer$1 done

Classes unloaded (0 events):
No events

Classes redefined (0 events):
No events

Internal exceptions (20 events):
Event: 219.666 Thread 0x00000231a7e18410 Exception <a 'java/lang/NoClassDefFoundError'{0x00000000855ebde0}: org/quartz/Scheduler> (0x00000000855ebde0) 
thrown [s\src\hotspot\share\oops\constantPool.cpp, line 873]
Event: 219.666 Thread 0x00000231a7e18410 Exception <a 'java/lang/NoClassDefFoundError'{0x00000000855ec460}: org/springframework/session/jdbc/JdbcIndexedSessionRepository> (0x00000000855ec460) 
thrown [s\src\hotspot\share\oops\constantPool.cpp, line 873]
Event: 219.679 Thread 0x00000231a7e18410 Exception <a 'java/lang/ArrayIndexOutOfBoundsException'{0x0000000085317fc0}> (0x0000000085317fc0) 
thrown [s\src\hotspot\share\runtime\sharedRuntime.cpp, line 625]
Event: 219.679 Thread 0x00000231a7e18410 Exception <a 'java/lang/ArrayIndexOutOfBoundsException'{0x0000000085318598}> (0x0000000085318598) 
thrown [s\src\hotspot\share\runtime\sharedRuntime.cpp, line 625]
Event: 219.682 Thread 0x00000231a7e18410 Exception <a 'java/lang/ArrayIndexOutOfBoundsException'{0x000000008535e008}> (0x000000008535e008) 
thrown [s\src\hotspot\share\runtime\sharedRuntime.cpp, line 625]
Event: 219.682 Thread 0x00000231a7e18410 Exception <a 'java/lang/ArrayIndexOutOfBoundsException'{0x000000008535e5e0}> (0x000000008535e5e0) 
thrown [s\src\hotspot\share\runtime\sharedRuntime.cpp, line 625]
Event: 219.943 Thread 0x00000231a7e18410 Exception <a 'java/io/FileNotFoundException'{0x0000000086fb32f8}> (0x0000000086fb32f8) 
thrown [s\src\hotspot\share\prims\jni.cpp, line 520]
Event: 220.076 Thread 0x00000231a7e18410 Exception <a 'java/io/FileNotFoundException'{0x0000000086424a58}> (0x0000000086424a58) 
thrown [s\src\hotspot\share\prims\jni.cpp, line 520]
Event: 229.389 Thread 0x00000231a7e15620 Exception <a 'java/lang/InterruptedException'{0x000000008609cda8}: sleep interrupted> (0x000000008609cda8) 
thrown [s\src\hotspot\share\prims\jvm.cpp, line 3074]
Event: 229.748 Thread 0x00000231eebdfdb0 Exception <a 'sun/nio/fs/WindowsException'{0x0000000089d6cc90}> (0x0000000089d6cc90) 
thrown [s\src\hotspot\share\prims\jni.cpp, line 520]
Event: 231.408 Thread 0x00000231eebdfdb0 Exception <a 'java/lang/NoClassDefFoundError'{0x000000008552ff90}: org/flywaydb/core/Flyway> (0x000000008552ff90) 
thrown [s\src\hotspot\share\oops\constantPool.cpp, line 873]
Event: 231.408 Thread 0x00000231eebdfdb0 Exception <a 'java/lang/NoClassDefFoundError'{0x00000000855305f0}: liquibase/integration/spring/SpringLiquibase> (0x00000000855305f0) 
thrown [s\src\hotspot\share\oops\constantPool.cpp, line 873]
Event: 231.411 Thread 0x00000231eebdfdb0 Exception <a 'java/lang/NoClassDefFoundError'{0x00000000855642f8}: org/jooq/DSLContext> (0x00000000855642f8) 
thrown [s\src\hotspot\share\oops\constantPool.cpp, line 873]
Event: 231.414 Thread 0x00000231eebdfdb0 Exception <a 'java/lang/NoClassDefFoundError'{0x00000000855c3398}: org/springframework/batch/core/repository/JobRepository> (0x00000000855c3398) 
thrown [s\src\hotspot\share\oops\constantPool.cpp, line 873]
Event: 231.414 Thread 0x00000231eebdfdb0 Exception <a 'java/lang/NoClassDefFoundError'{0x00000000855c39f0}: org/quartz/Scheduler> (0x00000000855c39f0) 
thrown [s\src\hotspot\share\oops\constantPool.cpp, line 873]
Event: 231.414 Thread 0x00000231eebdfdb0 Exception <a 'java/lang/NoClassDefFoundError'{0x00000000855c4070}: org/springframework/session/jdbc/JdbcIndexedSessionRepository> (0x00000000855c4070) 
thrown [s\src\hotspot\share\oops\constantPool.cpp, line 873]
Event: 231.474 Thread 0x00000231eebdfdb0 Exception <a 'java/lang/ArrayIndexOutOfBoundsException'{0x00000000854ef808}> (0x00000000854ef808) 
thrown [s\src\hotspot\share\runtime\sharedRuntime.cpp, line 625]
Event: 231.474 Thread 0x00000231eebdfdb0 Exception <a 'java/lang/ArrayIndexOutOfBoundsException'{0x00000000854efde0}> (0x00000000854efde0) 
thrown [s\src\hotspot\share\runtime\sharedRuntime.cpp, line 625]
Event: 231.478 Thread 0x00000231eebdfdb0 Exception <a 'java/lang/ArrayIndexOutOfBoundsException'{0x00000000853357e8}> (0x00000000853357e8) 
thrown [s\src\hotspot\share\runtime\sharedRuntime.cpp, line 625]
Event: 231.478 Thread 0x00000231eebdfdb0 Exception <a 'java/lang/ArrayIndexOutOfBoundsException'{0x0000000085335dc0}> (0x0000000085335dc0) 
thrown [s\src\hotspot\share\runtime\sharedRuntime.cpp, line 625]

ZGC Phase Switch (0 events):
No events

VM Operations (20 events):
Event: 220.300 Executing VM operation: G1CollectForAllocation (G1 Evacuation Pause) done
Event: 221.223 Executing VM operation: G1CollectForAllocation (G1 Evacuation Pause)
Event: 221.231 Executing VM operation: G1CollectForAllocation (G1 Evacuation Pause) done
Event: 221.573 Executing VM operation: G1CollectForAllocation (G1 Evacuation Pause)
Event: 221.583 Executing VM operation: G1CollectForAllocation (G1 Evacuation Pause) done
Event: 221.690 Executing VM operation: G1PauseRemark
Event: 221.701 Executing VM operation: G1PauseRemark done
Event: 221.742 Executing VM operation: G1PauseCleanup
Event: 221.743 Executing VM operation: G1PauseCleanup done
Event: 223.755 Executing VM operation: Cleanup
Event: 223.755 Executing VM operation: Cleanup done
Event: 228.810 Executing VM operation: Cleanup
Event: 228.810 Executing VM operation: Cleanup done
Event: 229.390 Executing VM operation: G1CollectFull (System.gc())
Event: 229.509 Executing VM operation: G1CollectFull (System.gc()) done
Event: 230.522 Executing VM operation: Cleanup
Event: 230.522 Executing VM operation: Cleanup done
Event: 231.522 Executing VM operation: Cleanup
Event: 231.522 Executing VM operation: Cleanup done
Event: 231.526 Executing VM operation: G1CollectForAllocation (G1 Evacuation Pause)

Memory protections (0 events):
No events

Nmethod flushes (20 events):
Event: 229.463 Thread 0x00000231a72460a0 flushing  nmethod 0x00000231942d3410
Event: 229.463 Thread 0x00000231a72460a0 flushing  nmethod 0x0000023194303a90
Event: 229.463 Thread 0x00000231a72460a0 flushing  nmethod 0x000002319430b090
Event: 229.463 Thread 0x00000231a72460a0 flushing  nmethod 0x0000023194341e10
Event: 229.463 Thread 0x00000231a72460a0 flushing  nmethod 0x0000023194351090
Event: 229.463 Thread 0x00000231a72460a0 flushing  nmethod 0x00000231943bc310
Event: 229.463 Thread 0x00000231a72460a0 flushing  nmethod 0x00000231943ece90
Event: 229.463 Thread 0x00000231a72460a0 flushing  nmethod 0x0000023194475e10
Event: 229.463 Thread 0x00000231a72460a0 flushing  nmethod 0x00000231944ba290
Event: 229.463 Thread 0x00000231a72460a0 flushing  nmethod 0x0000023194526590
Event: 229.463 Thread 0x00000231a72460a0 flushing  nmethod 0x0000023194528e10
Event: 229.463 Thread 0x00000231a72460a0 flushing  nmethod 0x0000023194529290
Event: 229.463 Thread 0x00000231a72460a0 flushing  nmethod 0x0000023194529690
Event: 229.463 Thread 0x00000231a72460a0 flushing  nmethod 0x000002319452b610
Event: 229.463 Thread 0x00000231a72460a0 flushing  nmethod 0x000002319452cd90
Event: 229.463 Thread 0x00000231a72460a0 flushing  nmethod 0x000002319452fd90
Event: 229.463 Thread 0x00000231a72460a0 flushing  nmethod 0x0000023194558710
Event: 229.463 Thread 0x00000231a72460a0 flushing  nmethod 0x0000023194575e90
Event: 229.463 Thread 0x00000231a72460a0 flushing  nmethod 0x0000023194852d10
Event: 229.463 Thread 0x00000231a72460a0 flushing  nmethod 0x0000023194853690

Events (20 events):
Event: 229.040 Thread 0x00000231eebde370 Thread exited: 0x00000231eebde370
Event: 229.040 Thread 0x00000231eebdea00 Thread exited: 0x00000231eebdea00
Event: 229.040 Thread 0x00000231eebdd650 Thread exited: 0x00000231eebdd650
Event: 229.040 Thread 0x00000231eebdbc10 Thread exited: 0x00000231eebdbc10
Event: 229.040 Thread 0x00000231eebe0ad0 Thread exited: 0x00000231eebe0ad0
Event: 229.040 Thread 0x00000231eebdc2a0 Thread exited: 0x00000231eebdc2a0
Event: 229.040 Thread 0x00000231eebdc930 Thread exited: 0x00000231eebdc930
Event: 229.040 Thread 0x00000231eebe0440 Thread exited: 0x00000231eebe0440
Event: 229.040 Thread 0x00000231eebddce0 Thread exited: 0x00000231eebddce0
Event: 229.040 Thread 0x00000231eebdfdb0 Thread exited: 0x00000231eebdfdb0
Event: 229.040 Thread 0x00000231eebdcfc0 Thread exited: 0x00000231eebdcfc0
Event: 229.262 Thread 0x00000231eebdf090 Thread added: 0x00000231eebda1d0
Event: 229.263 Thread 0x00000231a7e169d0 Thread exited: 0x00000231a7e169d0
Event: 229.339 Thread 0x00000231eebda1d0 Thread exited: 0x00000231eebda1d0
Event: 229.389 Thread 0x00000231a7e15620 Thread exited: 0x00000231a7e15620
Event: 229.547 Thread 0x00000231eebdf090 Thread added: 0x00000231eebdd650
Event: 229.631 Thread 0x00000231eebdf090 Thread added: 0x00000231eebdfdb0
Event: 229.631 Thread 0x00000231eebdd650 Thread exited: 0x00000231eebdd650
Event: 230.098 Thread 0x00000231eebdfdb0 Thread added: 0x00000231eebe0440
Event: 230.177 Thread 0x00000231eebe0440 Thread exited: 0x00000231eebe0440


Dynamic libraries:
0x00007ff6f7580000 - 0x00007ff6f758e000 	C:\Users\EDITH\.vscode\extensions\redhat.java-1.41.1-win32-x64\jre\21.0.6-win32-x86_64\bin\java.exe
0x00007ff888fb0000 - 0x00007ff8891a5000 	C:\Windows\SYSTEM32\ntdll.dll
0x00007ff888540000 - 0x00007ff8885fd000 	C:\Windows\System32\KERNEL32.DLL
0x00007ff886840000 - 0x00007ff886b08000 	C:\Windows\System32\KERNELBASE.dll
0x00007ff886be0000 - 0x00007ff886ce0000 	C:\Windows\System32\ucrtbase.dll
0x00007ff86c9f0000 - 0x00007ff86ca08000 	C:\Users\EDITH\.vscode\extensions\redhat.java-1.41.1-win32-x64\jre\21.0.6-win32-x86_64\bin\jli.dll
0x00007ff888b40000 - 0x00007ff888ce0000 	C:\Windows\System32\USER32.dll
0x00007ff886e20000 - 0x00007ff886e42000 	C:\Windows\System32\win32u.dll
0x00007ff888e50000 - 0x00007ff888e7a000 	C:\Windows\System32\GDI32.dll
0x00007ff886730000 - 0x00007ff88683b000 	C:\Windows\System32\gdi32full.dll
0x00007ff886e50000 - 0x00007ff886eed000 	C:\Windows\System32\msvcp_win.dll
0x00007ff8692a0000 - 0x00007ff8692be000 	C:\Users\EDITH\.vscode\extensions\redhat.java-1.41.1-win32-x64\jre\21.0.6-win32-x86_64\bin\VCRUNTIME140.dll
0x00007ff87c7d0000 - 0x00007ff87ca6a000 	C:\Windows\WinSxS\amd64_microsoft.windows.common-controls_6595b64144ccf1df_6.0.19041.844_none_ca00b6081b84eb1d\COMCTL32.dll
0x00007ff888aa0000 - 0x00007ff888b3e000 	C:\Windows\System32\msvcrt.dll
0x00007ff888390000 - 0x00007ff8883c0000 	C:\Windows\System32\IMM32.DLL
0x00007ff87c5f0000 - 0x00007ff87c5fc000 	C:\Users\EDITH\.vscode\extensions\redhat.java-1.41.1-win32-x64\jre\21.0.6-win32-x86_64\bin\vcruntime140_1.dll
0x00007ff824600000 - 0x00007ff82468d000 	C:\Users\EDITH\.vscode\extensions\redhat.java-1.41.1-win32-x64\jre\21.0.6-win32-x86_64\bin\msvcp140.dll
0x00007ff821970000 - 0x00007ff822700000 	C:\Users\EDITH\.vscode\extensions\redhat.java-1.41.1-win32-x64\jre\21.0.6-win32-x86_64\bin\server\jvm.dll
0x00007ff888730000 - 0x00007ff8887dc000 	C:\Windows\System32\ADVAPI32.dll
0x00007ff8884a0000 - 0x00007ff88853b000 	C:\Windows\System32\sechost.dll
0x00007ff888600000 - 0x00007ff88872b000 	C:\Windows\System32\RPCRT4.dll
0x00007ff888860000 - 0x00007ff8888cb000 	C:\Windows\System32\WS2_32.dll
0x00007ff8864f0000 - 0x00007ff88653b000 	C:\Windows\SYSTEM32\POWRPROF.dll
0x00007ff8778a0000 - 0x00007ff8778c7000 	C:\Windows\SYSTEM32\WINMM.dll
0x00007ff877970000 - 0x00007ff87797a000 	C:\Windows\SYSTEM32\VERSION.dll
0x00007ff8864d0000 - 0x00007ff8864e2000 	C:\Windows\SYSTEM32\UMPDC.dll
0x00007ff884690000 - 0x00007ff8846a2000 	C:\Windows\SYSTEM32\kernel.appcore.dll
0x00007ff87b5c0000 - 0x00007ff87b5ca000 	C:\Users\EDITH\.vscode\extensions\redhat.java-1.41.1-win32-x64\jre\21.0.6-win32-x86_64\bin\jimage.dll
0x00007ff877990000 - 0x00007ff877b74000 	C:\Windows\SYSTEM32\DBGHELP.DLL
0x00007ff8770e0000 - 0x00007ff87710c000 	C:\Windows\SYSTEM32\dbgcore.DLL
0x00007ff886b10000 - 0x00007ff886b90000 	C:\Windows\System32\bcryptPrimitives.dll
0x00007ff867430000 - 0x00007ff86744f000 	C:\Users\EDITH\.vscode\extensions\redhat.java-1.41.1-win32-x64\jre\21.0.6-win32-x86_64\bin\java.dll
0x00007ff8870e0000 - 0x00007ff887822000 	C:\Windows\System32\SHELL32.dll
0x00007ff884890000 - 0x00007ff885021000 	C:\Windows\SYSTEM32\windows.storage.dll
0x00007ff887900000 - 0x00007ff887c55000 	C:\Windows\System32\combase.dll
0x00007ff886130000 - 0x00007ff88615c000 	C:\Windows\SYSTEM32\Wldp.dll
0x00007ff888d40000 - 0x00007ff888dee000 	C:\Windows\System32\SHCORE.dll
0x00007ff888ce0000 - 0x00007ff888d35000 	C:\Windows\System32\shlwapi.dll
0x00007ff886670000 - 0x00007ff88668f000 	C:\Windows\SYSTEM32\profapi.dll
0x00007ff866400000 - 0x00007ff866418000 	C:\Users\EDITH\.vscode\extensions\redhat.java-1.41.1-win32-x64\jre\21.0.6-win32-x86_64\bin\zip.dll
0x00007ff87aa00000 - 0x00007ff87aa10000 	C:\Users\EDITH\.vscode\extensions\redhat.java-1.41.1-win32-x64\jre\21.0.6-win32-x86_64\bin\net.dll
0x00007ff87dec0000 - 0x00007ff87dfcb000 	C:\Windows\SYSTEM32\WINHTTP.dll
0x00007ff885ea0000 - 0x00007ff885f0a000 	C:\Windows\system32\mswsock.dll
0x00007ff8623c0000 - 0x00007ff8623d6000 	C:\Users\EDITH\.vscode\extensions\redhat.java-1.41.1-win32-x64\jre\21.0.6-win32-x86_64\bin\nio.dll
0x00007ff87c620000 - 0x00007ff87c62a000 	C:\Users\EDITH\.vscode\extensions\redhat.java-1.41.1-win32-x64\jre\21.0.6-win32-x86_64\bin\management.dll
0x00007ff87c110000 - 0x00007ff87c11b000 	C:\Users\EDITH\.vscode\extensions\redhat.java-1.41.1-win32-x64\jre\21.0.6-win32-x86_64\bin\management_ext.dll
0x00007ff888930000 - 0x00007ff888938000 	C:\Windows\System32\PSAPI.DLL
0x00007ff870e30000 - 0x00007ff870e47000 	C:\Windows\system32\napinsp.dll
0x00007ff870e10000 - 0x00007ff870e2b000 	C:\Windows\system32\pnrpnsp.dll
0x00007ff870df0000 - 0x00007ff870e05000 	C:\Windows\system32\wshbth.dll
0x00007ff8821b0000 - 0x00007ff8821cd000 	C:\Windows\system32\NLAapi.dll
0x00007ff885b90000 - 0x00007ff885bcb000 	C:\Windows\SYSTEM32\IPHLPAPI.DLL
0x00007ff885bd0000 - 0x00007ff885c9c000 	C:\Windows\SYSTEM32\DNSAPI.dll
0x00007ff888a90000 - 0x00007ff888a98000 	C:\Windows\System32\NSI.dll
0x00007ff870dd0000 - 0x00007ff870de2000 	C:\Windows\System32\winrnr.dll
0x00007ff87cba0000 - 0x00007ff87cbaa000 	C:\Windows\System32\rasadhlp.dll
0x00007ff87d4d0000 - 0x00007ff87d54f000 	C:\Windows\System32\fwpuclnt.dll
0x00007ff886d90000 - 0x00007ff886db7000 	C:\Windows\System32\bcrypt.dll
0x00007ff886080000 - 0x00007ff886098000 	C:\Windows\SYSTEM32\CRYPTSP.dll
0x00007ff885840000 - 0x00007ff885874000 	C:\Windows\system32\rsaenh.dll
0x00007ff8865f0000 - 0x00007ff88661e000 	C:\Windows\SYSTEM32\USERENV.dll
0x00007ff886070000 - 0x00007ff88607c000 	C:\Windows\SYSTEM32\CRYPTBASE.dll
0x00007ff86b930000 - 0x00007ff86b939000 	C:\Users\EDITH\.vscode\extensions\redhat.java-1.41.1-win32-x64\jre\21.0.6-win32-x86_64\bin\extnet.dll
0x00007ff87c0e0000 - 0x00007ff87c0ee000 	C:\Users\EDITH\.vscode\extensions\redhat.java-1.41.1-win32-x64\jre\21.0.6-win32-x86_64\bin\sunmscapi.dll
0x00007ff886ef0000 - 0x00007ff88704f000 	C:\Windows\System32\CRYPT32.dll
0x00007ff8861a0000 - 0x00007ff8861c7000 	C:\Windows\SYSTEM32\ncrypt.dll
0x00007ff886160000 - 0x00007ff88619b000 	C:\Windows\SYSTEM32\NTASN1.dll
0x00007ff87a480000 - 0x00007ff87a490000 	C:\Users\EDITH\.vscode\extensions\redhat.java-1.41.1-win32-x64\jre\21.0.6-win32-x86_64\bin\verify.dll
0x00007ff86c8d0000 - 0x00007ff86c8d7000 	C:\Windows\system32\wshunix.dll

dbghelp: loaded successfully - version: 4.0.5 - missing functions: none
symbol engine: initialized successfully - sym options: 0x614 - pdb path: .;C:\Users\EDITH\.vscode\extensions\redhat.java-1.41.1-win32-x64\jre\21.0.6-win32-x86_64\bin;C:\Windows\SYSTEM32;C:\Windows\WinSxS\amd64_microsoft.windows.common-controls_6595b64144ccf1df_6.0.19041.844_none_ca00b6081b84eb1d;C:\Users\EDITH\.vscode\extensions\redhat.java-1.41.1-win32-x64\jre\21.0.6-win32-x86_64\bin\server

VM Arguments:
jvm_args: -XX:+ShowCodeDetailsInExceptionMessages -Dspring.jmx.enabled=true -Dmanagement.endpoints.jmx.exposure.include=* -Dspring.application.admin.enabled=true -Dspring.boot.project.name=school-library -Djava.rmi.server.hostname=localhost -Dcom.sun.management.jmxremote.port=45556 -Dcom.sun.management.jmxremote.authenticate=false -Dcom.sun.management.jmxremote.ssl=false 
java_command: com.sena.school_library.SchoolLibraryApplication
java_class_path (initial): C:\Users\EDITH\Desktop\Crud-java\Back-end\target\classes;C:\Users\EDITH\.m2\repository\org\springframework\boot\spring-boot-starter-actuator\3.4.4\spring-boot-starter-actuator-3.4.4.jar;C:\Users\EDITH\.m2\repository\org\springframework\boot\spring-boot-starter\3.4.4\spring-boot-starter-3.4.4.jar;C:\Users\EDITH\.m2\repository\org\springframework\boot\spring-boot-starter-logging\3.4.4\spring-boot-starter-logging-3.4.4.jar;C:\Users\EDITH\.m2\repository\ch\qos\logback\logback-classic\1.5.18\logback-classic-1.5.18.jar;C:\Users\EDITH\.m2\repository\ch\qos\logback\logback-core\1.5.18\logback-core-1.5.18.jar;C:\Users\EDITH\.m2\repository\org\apache\logging\log4j\log4j-to-slf4j\2.24.3\log4j-to-slf4j-2.24.3.jar;C:\Users\EDITH\.m2\repository\org\apache\logging\log4j\log4j-api\2.24.3\log4j-api-2.24.3.jar;C:\Users\EDITH\.m2\repository\org\slf4j\jul-to-slf4j\2.0.17\jul-to-slf4j-2.0.17.jar;C:\Users\EDITH\.m2\repository\jakarta\annotation\jakarta.annotation-api\2.1.1\jakarta.annotation-api-2.1.1.jar;C:\Users\EDITH\.m2\repository\org\yaml\snakeyaml\2.3\snakeyaml-2.3.jar;C:\Users\EDITH\.m2\repository\org\springframework\boot\spring-boot-actuator-autoconfigure\3.4.4\spring-boot-actuator-autoconfigure-3.4.4.jar;C:\Users\EDITH\.m2\repository\org\springframework\boot\spring-boot-actuator\3.4.4\spring-boot-actuator-3.4.4.jar;C:\Users\EDITH\.m2\repository\com\fasterxml\jackson\core\jackson-databind\2.18.3\jackson-databind-2.18.3.jar;C:\Users\EDITH\.m2\repository\com\fasterxml\jackson\core\jackson-annotations\2.18.3\jackson-annotations-2.18.3.jar;C:\Users\EDITH\.m2\repository\com\fasterxml\jackson\core\jackson-core\2.18.3\jackson-core-2.18.3.jar;C:\Users\EDITH\.m2\repository\com\fasterxml\jackson\datatype\jackson-datatype-jsr310\2.18.3\jackson-datatype-jsr310-2.18.3.jar;C:\Users\EDITH\.m2\repository\io\micrometer\micrometer-observation\1.14.5\micrometer-observation-1.14.5.jar;C:\Users\EDITH\.m2\repository\io\micrometer\micrometer-commons\1.14.5\micrometer-commons-1.14.5.jar;C:\Users\EDITH\.m2\repository\io\micrometer\micrometer-jakarta9\1.14.5\micrometer-jakarta9-1.14.5.jar;C:\Users\EDITH\.m2\repository\io\micrometer\micrometer-core\1.14.5\micrometer-core-1.14.5.jar;C:\Users\EDITH\.m2\repository\org\hdrhistogram\HdrHistogram\2.2.2\HdrHistogram-2.2.2.jar;C:\Users\EDITH\.m2\repository\org\latencyutils\LatencyUtils\2.0.3\LatencyUtils-2.0.3.jar;C:\Users\EDITH\.m2\repository\org\springframework\boot\spring-boot-starter-data-jpa\3.4.4\spring-boot-starter-data-jpa-3.4.4.jar;C:\Users\EDITH\.m2\repository\org\springframework\boot\spring-boot-starter-jdbc\3.4.4\spring-boot-starter-jdbc-3.4.4.jar;C:\Users\EDITH\.m2\repository\com\zaxxer\HikariCP\5.1.0\HikariCP-5.1.0.jar;C:\Users\EDITH\.m2\repository\org\springframework\spring-jdbc\6.2.5\spring-jdbc-6.2.5.jar;C:\Users\EDITH\.m2\repository\org\hibernate\orm\hibernate-core\6.6.11.Final\hibernate-core-6.6.11.Final.jar;C:\Users\EDITH\.m2\repository\jakarta\persistence\jakarta.persistence-api\3.1.0\jakarta.persistence-api-3.1.0.jar;C:\Users\EDITH\.m2\repository\jakarta\transaction\jakarta.transaction-api\2.0.1\jakarta.transaction-api-2.0.1.jar;C:\Users\EDITH\.m2\repository\org\jboss\logging\jboss-logging\3.6.1.Final\jboss-logging-3.6.1.Final.jar;C:\Users\EDITH\.m2\repository\org\hibernate\common\hibernate-commons-annotations\7.0.3.Final\hibernate-commons-annotations-7.0.3.Final.jar;C:\Users\EDITH\.m2\repository\io\smallrye\jandex\3.2.0\jandex-3.2.0.jar;C:\Users\EDITH\.m2\repository\com\fasterxml\classmate\1.7.0\classmate-1.7.0.jar;C:\Users\EDITH\.m2\repository\net\bytebuddy\byte-buddy\1.15.11\byte-buddy-1.15.11.jar;C:\Users\EDITH\.m2\repository\org\glassfish\jaxb\jaxb-runtime\4.0.5\jaxb-runtime-4.0.5.jar;C:\Users\EDITH\.m2\repository\org\glassfish\jaxb\jaxb-core\4.0.5\jaxb-core-4.0.5.jar;C:\Users\EDITH\.m2\repository\org\eclipse\angus\angus-activation\2.0.2\angus-activation-2.0.2.jar;C:\Users\EDITH\.m2\repository\org\glassfish\jaxb\txw2\4.0.5\txw2-4.0.5.jar;C:\Users\EDITH\.m2\repository\com\sun\istack\istack-commons-runtime\4.1.2\istack-commons-runtime-4.1.2.jar;C:\Users\EDITH\.m2\repository\jakarta\inject\jakarta.inject-api\2.0.1\jakarta.inject-api-2.0.1.jar;C:\Users\EDITH\.m2\repository\org\antlr\antlr4-runtime\4.13.0\antlr4-runtime-4.13.0.jar;C:\Users\EDITH\.m2\repository\org\springframework\data\spring-data-jpa\3.4.4\spring-data-jpa-3.4.4.jar;C:\Users\EDITH\.m2\repository\org\springframework\data\spring-data-commons\3.4.4\spring-data-commons-3.4.4.jar;C:\Users\EDITH\.m2\repository\org\springframework\spring-orm\6.2.5\spring-orm-6.2.5.jar;C:\Users\EDITH\.m2\repository\org\springframework\spring-context\6.2.5\spring-context-6.2.5.jar;C:\Users\EDITH\.m2\repository\org\springframework\spring-aop\6.2.5\spring-aop-6.2.5.jar;C:\Users\EDITH\.m2\repository\org\springframework\spring-tx\6.2.5\spring-tx-6.2.5.jar;C:\Users\EDITH\.m2\repository\org\springframework\spring-beans\6.2.5\spring-beans-6.2.5.jar;C:\Users\EDITH\.m2\repository\org\slf4j\slf4j-api\2.0.17\slf4j-api-2.0.17.jar;C:\Users\EDITH\.m2\repository\org\springframework\spring-aspects\6.2.5\spring-aspects-6.2.5.jar;C:\Users\EDITH\.m2\repository\org\aspectj\aspectjweaver\1.9.23\aspectjweaver-1.9.23.jar;C:\Users\EDITH\.m2\repository\org\springframework\boot\spring-boot-starter-web\3.4.4\spring-boot-starter-web-3.4.4.jar;C:\Users\EDITH\.m2\repository\org\springframework\boot\spring-boot-starter-json\3.4.4\spring-boot-starter-json-3.4.4.jar;C:\Users\EDITH\.m2\repository\com\fasterxml\jackson\datatype\jackson-datatype-jdk8\2.18.3\jackson-datatype-jdk8-2.18.3.jar;C:\Users\EDITH\.m2\repository\com\fasterxml\jackson\module\jackson-module-parameter-names\2.18.3\jackson-module-parameter-names-2.18.3.jar;C:\Users\EDITH\.m2\repository\org\springframework\boot\spring-boot-starter-tomcat\3.4.4\spring-boot-starter-tomcat-3.4.4.jar;C:\Users\EDITH\.m2\repository\org\apache\tomcat\embed\tomcat-embed-core\10.1.39\tomcat-embed-core-10.1.39.jar;C:\Users\EDITH\.m2\repository\org\apache\tomcat\embed\tomcat-embed-el\10.1.39\tomcat-embed-el-10.1.39.jar;C:\Users\EDITH\.m2\repository\org\apache\tomcat\embed\tomcat-embed-websocket\10.1.39\tomcat-embed-websocket-10.1.39.jar;C:\Users\EDITH\.m2\repository\org\springframework\spring-web\6.2.5\spring-web-6.2.5.jar;C:\Users\EDITH\.m2\repository\org\springframework\spring-webmvc\6.2.5\spring-webmvc-6.2.5.jar;C:\Users\EDITH\.m2\repository\org\springframework\spring-expression\6.2.5\spring-expression-6.2.5.jar;C:\Users\EDITH\.m2\repository\org\springframework\boot\spring-boot-devtools\3.4.4\spring-boot-devtools-3.4.4.jar;C:\Users\EDITH\.m2\repository\org\springframework\boot\spring-boot\3.4.4\spring-boot-3.4.4.jar;C:\Users\EDITH\.m2\repository\org\springframework\boot\spring-boot-autoconfigure\3.4.4\spring-boot-autoconfigure-3.4.4.jar;C:\Users\EDITH\.m2\repository\com\mysql\mysql-connector-j\9.1.0\mysql-connector-j-9.1.0.jar;C:\Users\EDITH\.m2\repository\jakarta\xml\bind\jakarta.xml.bind-api\4.0.2\jakarta.xml.bind-api-4.0.2.jar;C:\Users\EDITH\.m2\repository\jakarta\activation\jakarta.activation-api\2.1.3\jakarta.activation-api-2.1.3.jar;C:\Users\EDITH\.m2\repository\org\springframework\spring-core\6.2.5\spring-core-6.2.5.jar;C:\Users\EDITH\.m2\repository\org\springframework\spring-jcl\6.2.5\spring-jcl-6.2.5.jar
Launcher Type: SUN_STANDARD

[Global flags]
     intx CICompilerCount                          = 2                                         {product} {ergonomic}
     uint ConcGCThreads                            = 1                                         {product} {ergonomic}
     uint G1ConcRefinementThreads                  = 2                                         {product} {ergonomic}
   size_t G1HeapRegionSize                         = 1048576                                   {product} {ergonomic}
    uintx GCDrainStackTargetSize                   = 64                                        {product} {ergonomic}
   size_t InitialHeapSize                          = 134217728                                 {product} {ergonomic}
     bool ManagementServer                         = true                                      {product} {command line}
   size_t MarkStackSize                            = 4194304                                   {product} {ergonomic}
   size_t MaxHeapSize                              = 2116026368                                {product} {ergonomic}
   size_t MaxNewSize                               = 1268776960                                {product} {ergonomic}
   size_t MinHeapDeltaBytes                        = 1048576                                   {product} {ergonomic}
   size_t MinHeapSize                              = 8388608                                   {product} {ergonomic}
    uintx NonNMethodCodeHeapSize                   = 5826188                                {pd product} {ergonomic}
    uintx NonProfiledCodeHeapSize                  = 122916026                              {pd product} {ergonomic}
    uintx ProfiledCodeHeapSize                     = 122916026                              {pd product} {ergonomic}
    uintx ReservedCodeCacheSize                    = 251658240                              {pd product} {ergonomic}
     bool SegmentedCodeCache                       = true                                      {product} {ergonomic}
     bool ShowCodeDetailsInExceptionMessages       = true                                   {manageable} {command line}
   size_t SoftMaxHeapSize                          = 2116026368                             {manageable} {ergonomic}
     bool UseCompressedOops                        = true                           {product lp64_product} {ergonomic}
     bool UseG1GC                                  = true                                      {product} {ergonomic}
     bool UseLargePagesIndividualAllocation        = false                                  {pd product} {ergonomic}

Logging:
Log output configuration:
 #0: stdout all=warning uptime,level,tags foldmultilines=false
 #1: stderr all=off uptime,level,tags foldmultilines=false

Environment Variables:
PATH=C:\Ruby31-x64\bin;C:\Program Files\Common Files\Oracle\Java\javapath;C:\Program Files (x86)\Common Files\Oracle\Java\java8path;C:\Program Files (x86)\Common Files\Oracle\Java\javapath;C:\Windows\system32;C:\Windows;C:\Windows\System32\Wbem;C:\Windows\System32\WindowsPowerShell\v1.0\;C:\Windows\System32\OpenSSH\;C:\Program Files (x86)\HP\Common\HPDestPlgIn\;C:\Users\EDITH\AppData\Local\nvm;C:\nvm4w\nodejs;C:\Program Files\nodejs\;C:\Program Files\Microsoft SQL Server\150\Tools\Binn\;C:\Program Files\Microsoft SQL Server\Client SDK\ODBC\170\Tools\Binn\;C:\Program Files\dotnet\;C:\Program Files (x86)\Microsoft SQL Server\160\Tools\Binn\;C:\Program Files\Microsoft SQL Server\160\Tools\Binn\;C:\Program Files\Microsoft SQL Server\160\DTS\Binn\;C:\Program Files (x86)\Microsoft SQL Server\160\DTS\Binn\;C:\Program Files\Git\cmd;C:\Users\EDITH\AppData\Local\Microsoft\WindowsApps;C:\Program Files (x86)\HP\Common\HPDestPlgIn\;C:\Users\EDITH\AppData\Local\nvm;C:\nvm4w\nodejs;C:\Users\EDITH\AppData\Roaming\npm;C:\Users\EDITH\AppData\Local\Programs\Microsoft VS Code\bin;C:\Users\EDITH\.dotnet\tools
USERNAME=EDITH
SHELL=C:\Program Files\Git\usr\bin\bash.exe
DISPLAY=needs-to-be-defined
LANG=en_US.UTF-8
LC_CTYPE=es_ES.UTF-8
TERM=xterm
TMPDIR=C:\Users\EDITH\AppData\Local\Temp
OS=Windows_NT
PROCESSOR_IDENTIFIER=Intel64 Family 6 Model 58 Stepping 9, GenuineIntel
TMP=C:\Users\EDITH\AppData\Local\Temp
TEMP=C:\Users\EDITH\AppData\Local\Temp




Periodic native trim disabled

---------------  S Y S T E M  ---------------

OS:
 Windows 10 , 64 bit Build 19041 (10.0.19041.928)
OS uptime: 0 days 5:31 hours

CPU: total 2 (initial active 2) (2 cores per cpu, 1 threads per core) family 6 model 58 stepping 9 microcode 0x21, cx8, cmov, fxsr, mmx, sse, sse2, sse3, ssse3, sse4.1, sse4.2, popcnt, tsc, tscinvbit, erms, clmul, clflush, rdtscp
Processor Information for the first 2 processors :
  Max Mhz: 2600, Current Mhz: 2600, Mhz Limit: 2600

Memory: 4k page, system-wide physical 8068M (1693M free)
TotalPageFile size 8068M (AvailPageFile size 34M)
current process WorkingSet (physical memory assigned to process): 308M, peak: 312M
current process commit charge ("private bytes"): 329M, peak: 363M

vm_info: OpenJDK 64-Bit Server VM (21.0.6+7-LTS) for windows-amd64 JRE (21.0.6+7-LTS), built on 2025-01-21T00:00:00Z by "admin" with MS VC++ 17.7 (VS2022)

END.
