#
# There is insufficient memory for the Java Runtime Environment to continue.
# Native memory allocation (malloc) failed to allocate 1048576 bytes. Error detail: AllocateHeap
# Possible reasons:
#   The system is out of physical RAM or swap space
#   This process is running with CompressedOops enabled, and the Java Heap may be blocking the growth of the native heap
# Possible solutions:
#   Reduce memory load on the system
#   Increase physical memory or swap space
#   Check if swap backing store is full
#   Decrease Java heap size (-Xmx/-Xms)
#   Decrease number of Java threads
#   Decrease Java thread stack sizes (-Xss)
#   Set larger code cache with -XX:ReservedCodeCacheSize=
#   JVM is running with Unscaled Compressed Oops mode in which the Java heap is
#     placed in the first 4GB address space. The Java Heap base address is the
#     maximum limit for the native heap growth. Please use -XX:HeapBaseMinAddress
#     to set the Java Heap base and to place the Java Heap above 4GB virtual address.
# This output file may be truncated or incomplete.
#
#  Out of Memory Error (allocation.cpp:44), pid=5776, tid=4940
#
# JRE version: OpenJDK Runtime Environment Temurin-21.0.6+7 (21.0.6+7) (build 21.0.6+7-LTS)
# Java VM: OpenJDK 64-Bit Server VM Temurin-21.0.6+7 (21.0.6+7-LTS, mixed mode, sharing, tiered, compressed oops, compressed class ptrs, g1 gc, windows-amd64)
# No core dump will be written. Minidumps are not enabled by default on client versions of Windows
#

---------------  S U M M A R Y ------------

Command Line: -XX:+ShowCodeDetailsInExceptionMessages -Dspring.jmx.enabled=true -Dmanagement.endpoints.jmx.exposure.include=* -Dspring.application.admin.enabled=true -Dspring.boot.project.name=school-library -Djava.rmi.server.hostname=localhost -Dcom.sun.management.jmxremote.port=45556 -Dcom.sun.management.jmxremote.authenticate=false -Dcom.sun.management.jmxremote.ssl=false com.sena.school_library.SchoolLibraryApplication

Host: Intel(R) Celeron(R) CPU G1610 @ 2.60GHz, 2 cores, 7G,  Windows 10 , 64 bit Build 19041 (10.0.19041.928)
Time: Thu Apr 17 12:02:01 2025 Hora est. Pacífico, Sudamérica elapsed time: 1233.029164 seconds (0d 0h 20m 33s)

---------------  T H R E A D  ---------------

Current thread (0x000001b9e6276f70):  VMThread "VM Thread"          [id=4940, stack(0x0000002996700000,0x0000002996800000) (1024K)]

Stack: [0x0000002996700000,0x0000002996800000]
Native frames: (J=compiled Java code, j=interpreted, Vv=VM code, C=native code)
V  [jvm.dll+0x6cdee9]
V  [jvm.dll+0x8a83d1]
V  [jvm.dll+0x8aa8fe]
V  [jvm.dll+0x8aafe3]
V  [jvm.dll+0x27f706]
V  [jvm.dll+0xbfb37]
V  [jvm.dll+0x3466a2]
V  [jvm.dll+0x34111e]
V  [jvm.dll+0x329a18]
V  [jvm.dll+0x36bca4]
V  [jvm.dll+0x8b0cff]
V  [jvm.dll+0x8b2084]
V  [jvm.dll+0x8b25c0]
V  [jvm.dll+0x8b2863]
V  [jvm.dll+0x851f8b]
V  [jvm.dll+0x6cc5ed]
C  [ucrtbase.dll+0x21bb2]
C  [KERNEL32.DLL+0x17034]
C  [ntdll.dll+0x52651]

VM_Operation (0x0000002995efed30): G1CollectFull, mode: safepoint, requested by thread 0x000001b9ed75bf20


---------------  P R O C E S S  ---------------

Threads class SMR info:
_java_thread_list=0x000001b9eb946500, length=23, elements={
0x000001b9e6291380, 0x000001b9e6292190, 0x000001b9e6297d70, 0x000001b9e62987c0,
0x000001b9e6299210, 0x000001b9e6299c60, 0x000001b9e629a9e0, 0x000001b9e6308470,
0x000001b9e634cbe0, 0x000001b9e6503260, 0x000001b9e6a17e60, 0x000001b9e6abec20,
0x000001b9e69c3cf0, 0x000001b9eb7a77a0, 0x000001b9eb7a7e30, 0x000001b9eb7a84c0,
0x000001b9eb7aa590, 0x000001b9ed75b890, 0x000001b9eb8d8d10, 0x000001b9eb8dbb00,
0x000001b9eb8dc190, 0x000001b9eb8ddbd0, 0x000001b9ed75bf20
}
_to_delete_list=0x000001b9ed2684d0, length=24, elements={
0x000001b9e6291380, 0x000001b9e6292190, 0x000001b9e6297d70, 0x000001b9e62987c0,
0x000001b9e6299210, 0x000001b9e6299c60, 0x000001b9e629a9e0, 0x000001b9e6308470,
0x000001b9e634cbe0, 0x000001b9e6503260, 0x000001b9e6a17e60, 0x000001b9e6abec20,
0x000001b9e69c3cf0, 0x000001b9eb7a77a0, 0x000001b9eb7a7e30, 0x000001b9eb7a84c0,
0x000001b9eb7aa590, 0x000001b9ed75b890, 0x000001b9eb8d8d10, 0x000001b9eb8dbb00,
0x000001b9eb8dc190, 0x000001b9eb7a91e0, 0x000001b9eb8ddbd0, 0x000001b9ed75bf20
}

Java Threads: ( => current thread )
  0x000001b9e6291380 JavaThread "Reference Handler"          daemon [_thread_blocked, id=1868, stack(0x0000002996800000,0x0000002996900000) (1024K)]
  0x000001b9e6292190 JavaThread "Finalizer"                  daemon [_thread_blocked, id=6304, stack(0x0000002996900000,0x0000002996a00000) (1024K)]
  0x000001b9e6297d70 JavaThread "Signal Dispatcher"          daemon [_thread_blocked, id=8748, stack(0x0000002996a00000,0x0000002996b00000) (1024K)]
  0x000001b9e62987c0 JavaThread "Attach Listener"            daemon [_thread_blocked, id=4652, stack(0x0000002996b00000,0x0000002996c00000) (1024K)]
  0x000001b9e6299210 JavaThread "Service Thread"             daemon [_thread_blocked, id=10088, stack(0x0000002996c00000,0x0000002996d00000) (1024K)]
  0x000001b9e6299c60 JavaThread "Monitor Deflation Thread"   daemon [_thread_blocked, id=10248, stack(0x0000002996d00000,0x0000002996e00000) (1024K)]
  0x000001b9e629a9e0 JavaThread "C2 CompilerThread0"         daemon [_thread_blocked, id=10708, stack(0x0000002996e00000,0x0000002996f00000) (1024K)]
  0x000001b9e6308470 JavaThread "C1 CompilerThread0"         daemon [_thread_blocked, id=6924, stack(0x0000002996f00000,0x0000002997000000) (1024K)]
  0x000001b9e634cbe0 JavaThread "Common-Cleaner"             daemon [_thread_blocked, id=8676, stack(0x0000002997000000,0x0000002997100000) (1024K)]
  0x000001b9e6503260 JavaThread "Notification Thread"        daemon [_thread_blocked, id=9708, stack(0x0000002997100000,0x0000002997200000) (1024K)]
  0x000001b9e6a17e60 JavaThread "RMI TCP Accept-0"           daemon [_thread_in_native, id=11076, stack(0x0000002997300000,0x0000002997400000) (1024K)]
  0x000001b9e6abec20 JavaThread "RMI TCP Accept-45556"       daemon [_thread_in_native, id=10500, stack(0x0000002997400000,0x0000002997500000) (1024K)]
  0x000001b9e69c3cf0 JavaThread "RMI TCP Accept-0"           daemon [_thread_in_native, id=3052, stack(0x0000002997500000,0x0000002997600000) (1024K)]
  0x000001b9eb7a77a0 JavaThread "RMI TCP Connection(2)-127.0.0.1" daemon [_thread_in_native, id=8100, stack(0x0000002997a00000,0x0000002997b00000) (1024K)]
  0x000001b9eb7a7e30 JavaThread "RMI Scheduler(0)"           daemon [_thread_blocked, id=10008, stack(0x0000002997b00000,0x0000002997c00000) (1024K)]
  0x000001b9eb7a84c0 JavaThread "JMX server connection timeout 33" daemon [_thread_blocked, id=6904, stack(0x0000002997800000,0x0000002997900000) (1024K)]
  0x000001b9eb7aa590 JavaThread "mysql-cj-abandoned-connection-cleanup" daemon [_thread_blocked, id=2828, stack(0x0000002997f00000,0x0000002998000000) (1024K)]
  0x000001b9ed75b890 JavaThread "Live Reload Server"         daemon [_thread_in_native, id=556, stack(0x0000002998600000,0x0000002998700000) (1024K)]
  0x000001b9eb8d8d10 JavaThread "DestroyJavaVM"                     [_thread_blocked, id=6564, stack(0x0000002995f00000,0x0000002996000000) (1024K)]
  0x000001b9eb8dbb00 JavaThread "File Watcher"               daemon [_thread_blocked, id=8300, stack(0x0000002997900000,0x0000002997a00000) (1024K)]
  0x000001b9eb8dc190 JavaThread "File Watcher"               daemon [_thread_blocked, id=6428, stack(0x0000002997c00000,0x0000002997d00000) (1024K)]
  0x000001b9eb8ddbd0 JavaThread "RMI TCP Connection(4)-127.0.0.1" daemon [_thread_in_native, id=10336, stack(0x0000002997e00000,0x0000002997f00000) (1024K)]
  0x000001b9ed75bf20 JavaThread "Thread-57"                         [_thread_blocked, id=6232, stack(0x0000002995e00000,0x0000002995f00000) (1024K)]
Total: 23

Other Threads:
=>0x000001b9e6276f70 VMThread "VM Thread"                           [id=4940, stack(0x0000002996700000,0x0000002996800000) (1024K)]
  0x000001b9e62680a0 WatcherThread "VM Periodic Task Thread"        [id=6824, stack(0x0000002996600000,0x0000002996700000) (1024K)]
  0x000001b9cf7ced90 WorkerThread "GC Thread#0"                     [id=1708, stack(0x0000002996100000,0x0000002996200000) (1024K)]
  0x000001b9e683d9b0 WorkerThread "GC Thread#1"                     [id=10056, stack(0x0000002997200000,0x0000002997300000) (1024K)]
  0x000001b9cf7dfb60 ConcurrentGCThread "G1 Main Marker"            [id=10484, stack(0x0000002996200000,0x0000002996300000) (1024K)]
  0x000001b9cf7e0e00 WorkerThread "G1 Conc#0"                       [id=436, stack(0x0000002996300000,0x0000002996400000) (1024K)]
  0x000001b9cf83eb80 ConcurrentGCThread "G1 Refine#0"               [id=10236, stack(0x0000002996400000,0x0000002996500000) (1024K)]
  0x000001b9e6126bb0 ConcurrentGCThread "G1 Service"                [id=9416, stack(0x0000002996500000,0x0000002996600000) (1024K)]
Total: 8

Threads with active compile tasks:
Total: 0

VM state: at safepoint (normal execution)

VM Mutex/Monitor currently owned by a thread:  ([mutex/lock_event])
[0x00007ff82261e380] Threads_lock - owner thread: 0x000001b9e6276f70
[0x00007ff82261e480] Heap_lock - owner thread: 0x000001b9ed75bf20

Heap address: 0x0000000081e00000, size: 2018 MB, Compressed Oops mode: 32-bit

CDS archive(s) mapped at: [0x000001b980000000-0x000001b980ba0000-0x000001b980ba0000), size 12189696, SharedBaseAddress: 0x000001b980000000, ArchiveRelocationMode: 1.
Compressed class space mapped at: 0x000001b981000000-0x000001b9c1000000, reserved size: 1073741824
Narrow klass base: 0x000001b980000000, Narrow klass shift: 0, Narrow klass range: 0x100000000

GC Precious Log:
 CardTable entry size: 512
 Card Set container configuration: InlinePtr #cards 5 size 8 Array Of Cards #cards 12 size 40 Howl #buckets 4 coarsen threshold 1843 Howl Bitmap #cards 512 size 80 coarsen threshold 460 Card regions per heap region 1 cards per card region 2048
 CPUs: 2 total, 2 available
 Memory: 8068M
 Large Page Support: Disabled
 NUMA Support: Disabled
 Compressed Oops: Enabled (32-bit)
 Heap Region Size: 1M
 Heap Min Capacity: 8M
 Heap Initial Capacity: 128M
 Heap Max Capacity: 2018M
 Pre-touch: Disabled
 Parallel Workers: 2
 Concurrent Workers: 1
 Concurrent Refinement Workers: 2
 Periodic GC: Disabled

Heap:
 garbage-first heap   total 146432K, used 95125K [0x0000000081e00000, 0x0000000100000000)
  region size 1024K, 15 young (15360K), 5 survivors (5120K)
 Metaspace       used 86753K, committed 88000K, reserved 1179648K
  class space    used 11009K, committed 11584K, reserved 1048576K

Heap Regions: E=young(eden), S=young(survivor), O=old, HS=humongous(starts), HC=humongous(continues), CS=collection set, F=free, TAMS=top-at-mark-start, PB=parsable bottom
|   0|0x0000000081e00000, 0x0000000081f00000, 0x0000000081f00000|100%|HS|  |TAMS 0x0000000081e00000| PB 0x0000000081e00000| Complete 
|   1|0x0000000081f00000, 0x0000000082000000, 0x0000000082000000|100%|HS|  |TAMS 0x0000000081f00000| PB 0x0000000081f00000| Complete 
|   2|0x0000000082000000, 0x0000000082100000, 0x0000000082100000|100%| O|  |TAMS 0x0000000082000000| PB 0x0000000082000000| Untracked 
|   3|0x0000000082100000, 0x00000000821ffff0, 0x0000000082200000| 99%| O|  |TAMS 0x0000000082100000| PB 0x0000000082100000| Untracked 
|   4|0x0000000082200000, 0x00000000822ffea8, 0x0000000082300000| 99%| O|  |TAMS 0x0000000082200000| PB 0x0000000082200000| Untracked 
|   5|0x0000000082300000, 0x00000000823ffff8, 0x0000000082400000| 99%| O|  |TAMS 0x0000000082300000| PB 0x0000000082300000| Untracked 
|   6|0x0000000082400000, 0x00000000824ffff0, 0x0000000082500000| 99%| O|  |TAMS 0x0000000082400000| PB 0x0000000082400000| Untracked 
|   7|0x0000000082500000, 0x0000000082600000, 0x0000000082600000|100%| O|  |TAMS 0x0000000082500000| PB 0x0000000082500000| Untracked 
|   8|0x0000000082600000, 0x00000000826ffff8, 0x0000000082700000| 99%| O|  |TAMS 0x0000000082600000| PB 0x0000000082600000| Untracked 
|   9|0x0000000082700000, 0x00000000827fffe8, 0x0000000082800000| 99%| O|  |TAMS 0x0000000082700000| PB 0x0000000082700000| Untracked 
|  10|0x0000000082800000, 0x0000000082900000, 0x0000000082900000|100%| O|  |TAMS 0x0000000082800000| PB 0x0000000082800000| Untracked 
|  11|0x0000000082900000, 0x0000000082a00000, 0x0000000082a00000|100%| O|  |TAMS 0x0000000082900000| PB 0x0000000082900000| Untracked 
|  12|0x0000000082a00000, 0x0000000082b00000, 0x0000000082b00000|100%| O|  |TAMS 0x0000000082a00000| PB 0x0000000082a00000| Untracked 
|  13|0x0000000082b00000, 0x0000000082bffff8, 0x0000000082c00000| 99%| O|  |TAMS 0x0000000082b00000| PB 0x0000000082b00000| Untracked 
|  14|0x0000000082c00000, 0x0000000082cfffb8, 0x0000000082d00000| 99%| O|  |TAMS 0x0000000082c00000| PB 0x0000000082c00000| Untracked 
|  15|0x0000000082d00000, 0x0000000082dffff0, 0x0000000082e00000| 99%| O|  |TAMS 0x0000000082d00000| PB 0x0000000082d00000| Untracked 
|  16|0x0000000082e00000, 0x0000000082efffe8, 0x0000000082f00000| 99%| O|  |TAMS 0x0000000082e00000| PB 0x0000000082e00000| Untracked 
|  17|0x0000000082f00000, 0x0000000082fffff0, 0x0000000083000000| 99%| O|  |TAMS 0x0000000082f00000| PB 0x0000000082f00000| Untracked 
|  18|0x0000000083000000, 0x0000000083100000, 0x0000000083100000|100%| O|  |TAMS 0x0000000083000000| PB 0x0000000083000000| Untracked 
|  19|0x0000000083100000, 0x00000000831ffff8, 0x0000000083200000| 99%| O|  |TAMS 0x0000000083100000| PB 0x0000000083100000| Untracked 
|  20|0x0000000083200000, 0x00000000832ffff0, 0x0000000083300000| 99%| O|  |TAMS 0x0000000083200000| PB 0x0000000083200000| Untracked 
|  21|0x0000000083300000, 0x00000000833ffff8, 0x0000000083400000| 99%| O|  |TAMS 0x0000000083300000| PB 0x0000000083300000| Untracked 
|  22|0x0000000083400000, 0x00000000834ffff8, 0x0000000083500000| 99%| O|  |TAMS 0x0000000083400000| PB 0x0000000083400000| Untracked 
|  23|0x0000000083500000, 0x00000000835ffff0, 0x0000000083600000| 99%| O|  |TAMS 0x0000000083500000| PB 0x0000000083500000| Untracked 
|  24|0x0000000083600000, 0x00000000836ffff8, 0x0000000083700000| 99%| O|  |TAMS 0x0000000083600000| PB 0x0000000083600000| Untracked 
|  25|0x0000000083700000, 0x00000000837ffff8, 0x0000000083800000| 99%| O|  |TAMS 0x0000000083700000| PB 0x0000000083700000| Untracked 
|  26|0x0000000083800000, 0x0000000083900000, 0x0000000083900000|100%| O|  |TAMS 0x0000000083800000| PB 0x0000000083800000| Untracked 
|  27|0x0000000083900000, 0x00000000839ffff0, 0x0000000083a00000| 99%| O|  |TAMS 0x0000000083900000| PB 0x0000000083900000| Untracked 
|  28|0x0000000083a00000, 0x0000000083affff8, 0x0000000083b00000| 99%| O|  |TAMS 0x0000000083a00000| PB 0x0000000083a00000| Untracked 
|  29|0x0000000083b00000, 0x0000000083c00000, 0x0000000083c00000|100%| O|  |TAMS 0x0000000083b00000| PB 0x0000000083b00000| Untracked 
|  30|0x0000000083c00000, 0x0000000083cffff8, 0x0000000083d00000| 99%| O|  |TAMS 0x0000000083c00000| PB 0x0000000083c00000| Untracked 
|  31|0x0000000083d00000, 0x0000000083e00000, 0x0000000083e00000|100%| O|  |TAMS 0x0000000083d00000| PB 0x0000000083d00000| Untracked 
|  32|0x0000000083e00000, 0x0000000083efffc0, 0x0000000083f00000| 99%| O|  |TAMS 0x0000000083e00000| PB 0x0000000083e00000| Untracked 
|  33|0x0000000083f00000, 0x0000000083ffffe8, 0x0000000084000000| 99%| O|  |TAMS 0x0000000083f00000| PB 0x0000000083f00000| Untracked 
|  34|0x0000000084000000, 0x00000000840fff98, 0x0000000084100000| 99%| O|  |TAMS 0x0000000084000000| PB 0x0000000084000000| Untracked 
|  35|0x0000000084100000, 0x0000000084200000, 0x0000000084200000|100%| O|  |TAMS 0x0000000084100000| PB 0x0000000084100000| Untracked 
|  36|0x0000000084200000, 0x00000000842ffff0, 0x0000000084300000| 99%| O|  |TAMS 0x0000000084200000| PB 0x0000000084200000| Untracked 
|  37|0x0000000084300000, 0x0000000084400000, 0x0000000084400000|100%| O|  |TAMS 0x0000000084300000| PB 0x0000000084300000| Untracked 
|  38|0x0000000084400000, 0x00000000844ffff0, 0x0000000084500000| 99%| O|  |TAMS 0x0000000084400000| PB 0x0000000084400000| Untracked 
|  39|0x0000000084500000, 0x00000000845ffff8, 0x0000000084600000| 99%| O|  |TAMS 0x0000000084500000| PB 0x0000000084500000| Untracked 
|  40|0x0000000084600000, 0x00000000846fffe0, 0x0000000084700000| 99%| O|  |TAMS 0x0000000084600000| PB 0x0000000084600000| Untracked 
|  41|0x0000000084700000, 0x00000000847fffb0, 0x0000000084800000| 99%| O|  |TAMS 0x0000000084700000| PB 0x0000000084700000| Untracked 
|  42|0x0000000084800000, 0x00000000848fffe0, 0x0000000084900000| 99%| O|  |TAMS 0x0000000084800000| PB 0x0000000084800000| Untracked 
|  43|0x0000000084900000, 0x00000000849ffff8, 0x0000000084a00000| 99%| O|  |TAMS 0x0000000084900000| PB 0x0000000084900000| Untracked 
|  44|0x0000000084a00000, 0x0000000084afffe8, 0x0000000084b00000| 99%| O|  |TAMS 0x0000000084a00000| PB 0x0000000084a00000| Untracked 
|  45|0x0000000084b00000, 0x0000000084c00000, 0x0000000084c00000|100%| O|  |TAMS 0x0000000084b00000| PB 0x0000000084b00000| Untracked 
|  46|0x0000000084c00000, 0x0000000084cfffd0, 0x0000000084d00000| 99%| O|  |TAMS 0x0000000084c00000| PB 0x0000000084c00000| Untracked 
|  47|0x0000000084d00000, 0x0000000084dffff0, 0x0000000084e00000| 99%| O|  |TAMS 0x0000000084d00000| PB 0x0000000084d00000| Untracked 
|  48|0x0000000084e00000, 0x0000000084efffd8, 0x0000000084f00000| 99%| O|  |TAMS 0x0000000084e00000| PB 0x0000000084e00000| Untracked 
|  49|0x0000000084f00000, 0x0000000084ffffe0, 0x0000000085000000| 99%| O|  |TAMS 0x0000000084f00000| PB 0x0000000084f00000| Untracked 
|  50|0x0000000085000000, 0x00000000850fffe8, 0x0000000085100000| 99%| O|  |TAMS 0x0000000085000000| PB 0x0000000085000000| Untracked 
|  51|0x0000000085100000, 0x00000000851fffc0, 0x0000000085200000| 99%| O|  |TAMS 0x0000000085100000| PB 0x0000000085100000| Untracked 
|  52|0x0000000085200000, 0x00000000852ffff8, 0x0000000085300000| 99%| O|  |TAMS 0x0000000085200000| PB 0x0000000085200000| Untracked 
|  53|0x0000000085300000, 0x00000000853fffa8, 0x0000000085400000| 99%| O|  |TAMS 0x0000000085300000| PB 0x0000000085300000| Untracked 
|  54|0x0000000085400000, 0x00000000854fffe8, 0x0000000085500000| 99%| O|  |TAMS 0x0000000085400000| PB 0x0000000085400000| Untracked 
|  55|0x0000000085500000, 0x00000000855fffd8, 0x0000000085600000| 99%| O|  |TAMS 0x0000000085500000| PB 0x0000000085500000| Untracked 
|  56|0x0000000085600000, 0x00000000856ffff0, 0x0000000085700000| 99%| O|  |TAMS 0x0000000085600000| PB 0x0000000085600000| Untracked 
|  57|0x0000000085700000, 0x00000000857ffff8, 0x0000000085800000| 99%| O|  |TAMS 0x0000000085700000| PB 0x0000000085700000| Untracked 
|  58|0x0000000085800000, 0x0000000085900000, 0x0000000085900000|100%| O|  |TAMS 0x0000000085800000| PB 0x0000000085800000| Untracked 
|  59|0x0000000085900000, 0x00000000859fffe0, 0x0000000085a00000| 99%| O|  |TAMS 0x0000000085900000| PB 0x0000000085900000| Untracked 
|  60|0x0000000085a00000, 0x0000000085afffc8, 0x0000000085b00000| 99%| O|  |TAMS 0x0000000085a00000| PB 0x0000000085a00000| Untracked 
|  61|0x0000000085b00000, 0x0000000085bffff0, 0x0000000085c00000| 99%| O|  |TAMS 0x0000000085b00000| PB 0x0000000085b00000| Untracked 
|  62|0x0000000085c00000, 0x0000000085cfffe0, 0x0000000085d00000| 99%| O|  |TAMS 0x0000000085c00000| PB 0x0000000085c00000| Untracked 
|  63|0x0000000085d00000, 0x0000000085dffff0, 0x0000000085e00000| 99%| O|  |TAMS 0x0000000085d00000| PB 0x0000000085d00000| Untracked 
|  64|0x0000000085e00000, 0x0000000085effff8, 0x0000000085f00000| 99%| O|  |TAMS 0x0000000085e00000| PB 0x0000000085e00000| Untracked 
|  65|0x0000000085f00000, 0x0000000085ffffe0, 0x0000000086000000| 99%| O|  |TAMS 0x0000000085f00000| PB 0x0000000085f00000| Untracked 
|  66|0x0000000086000000, 0x00000000860fffe8, 0x0000000086100000| 99%| O|  |TAMS 0x0000000086000000| PB 0x0000000086000000| Untracked 
|  67|0x0000000086100000, 0x00000000861ffff0, 0x0000000086200000| 99%| O|  |TAMS 0x0000000086100000| PB 0x0000000086100000| Untracked 
|  68|0x0000000086200000, 0x00000000862fffd8, 0x0000000086300000| 99%| O|  |TAMS 0x0000000086200000| PB 0x0000000086200000| Untracked 
|  69|0x0000000086300000, 0x00000000863ffff8, 0x0000000086400000| 99%| O|  |TAMS 0x0000000086300000| PB 0x0000000086300000| Untracked 
|  70|0x0000000086400000, 0x00000000864fffa0, 0x0000000086500000| 99%| O|  |TAMS 0x0000000086400000| PB 0x0000000086400000| Untracked 
|  71|0x0000000086500000, 0x0000000086600000, 0x0000000086600000|100%| O|  |TAMS 0x0000000086500000| PB 0x0000000086500000| Untracked 
|  72|0x0000000086600000, 0x00000000866fff68, 0x0000000086700000| 99%| O|  |TAMS 0x0000000086600000| PB 0x0000000086600000| Untracked 
|  73|0x0000000086700000, 0x00000000867fff78, 0x0000000086800000| 99%| O|  |TAMS 0x0000000086700000| PB 0x0000000086700000| Untracked 
|  74|0x0000000086800000, 0x0000000086800000, 0x0000000086900000|  0%| F|  |TAMS 0x0000000086800000| PB 0x0000000086800000| Untracked 
|  75|0x0000000086900000, 0x000000008699ac68, 0x0000000086a00000| 60%| O|  |TAMS 0x0000000086900000| PB 0x0000000086900000| Untracked 
|  76|0x0000000086a00000, 0x0000000086b00000, 0x0000000086b00000|100%| O|  |TAMS 0x0000000086a00000| PB 0x0000000086a00000| Untracked 
|  77|0x0000000086b00000, 0x0000000086c00000, 0x0000000086c00000|100%| O|  |TAMS 0x0000000086b00000| PB 0x0000000086b00000| Untracked 
|  78|0x0000000086c00000, 0x0000000086d00000, 0x0000000086d00000|100%| O|  |TAMS 0x0000000086c00000| PB 0x0000000086c00000| Untracked 
|  79|0x0000000086d00000, 0x0000000086e00000, 0x0000000086e00000|100%| O|  |TAMS 0x0000000086d00000| PB 0x0000000086d00000| Untracked 
|  80|0x0000000086e00000, 0x0000000086e4b150, 0x0000000086f00000| 29%| O|  |TAMS 0x0000000086e00000| PB 0x0000000086e00000| Untracked 
|  81|0x0000000086f00000, 0x0000000086f00000, 0x0000000087000000|  0%| F|  |TAMS 0x0000000086f00000| PB 0x0000000086f00000| Untracked 
|  82|0x0000000087000000, 0x0000000087000000, 0x0000000087100000|  0%| F|  |TAMS 0x0000000087000000| PB 0x0000000087000000| Untracked 
|  83|0x0000000087100000, 0x0000000087100000, 0x0000000087200000|  0%| F|  |TAMS 0x0000000087100000| PB 0x0000000087100000| Untracked 
|  84|0x0000000087200000, 0x0000000087200000, 0x0000000087300000|  0%| F|  |TAMS 0x0000000087200000| PB 0x0000000087200000| Untracked 
|  85|0x0000000087300000, 0x0000000087300000, 0x0000000087400000|  0%| F|  |TAMS 0x0000000087300000| PB 0x0000000087300000| Untracked 
|  86|0x0000000087400000, 0x0000000087400000, 0x0000000087500000|  0%| F|  |TAMS 0x0000000087400000| PB 0x0000000087400000| Untracked 
|  87|0x0000000087500000, 0x0000000087600000, 0x0000000087600000|100%| S|CS|TAMS 0x0000000087500000| PB 0x0000000087500000| Complete 
|  88|0x0000000087600000, 0x0000000087700000, 0x0000000087700000|100%| S|CS|TAMS 0x0000000087600000| PB 0x0000000087600000| Complete 
|  89|0x0000000087700000, 0x0000000087800000, 0x0000000087800000|100%| S|CS|TAMS 0x0000000087700000| PB 0x0000000087700000| Complete 
|  90|0x0000000087800000, 0x0000000087800000, 0x0000000087900000|  0%| F|  |TAMS 0x0000000087800000| PB 0x0000000087800000| Untracked 
|  91|0x0000000087900000, 0x0000000087900000, 0x0000000087a00000|  0%| F|  |TAMS 0x0000000087900000| PB 0x0000000087900000| Untracked 
|  92|0x0000000087a00000, 0x0000000087a00000, 0x0000000087b00000|  0%| F|  |TAMS 0x0000000087a00000| PB 0x0000000087a00000| Untracked 
|  93|0x0000000087b00000, 0x0000000087b00000, 0x0000000087c00000|  0%| F|  |TAMS 0x0000000087b00000| PB 0x0000000087b00000| Untracked 
|  94|0x0000000087c00000, 0x0000000087d00000, 0x0000000087d00000|100%| S|CS|TAMS 0x0000000087c00000| PB 0x0000000087c00000| Complete 
|  95|0x0000000087d00000, 0x0000000087e00000, 0x0000000087e00000|100%| S|CS|TAMS 0x0000000087d00000| PB 0x0000000087d00000| Complete 
|  96|0x0000000087e00000, 0x0000000087e00000, 0x0000000087f00000|  0%| F|  |TAMS 0x0000000087e00000| PB 0x0000000087e00000| Untracked 
|  97|0x0000000087f00000, 0x0000000087f00000, 0x0000000088000000|  0%| F|  |TAMS 0x0000000087f00000| PB 0x0000000087f00000| Untracked 
|  98|0x0000000088000000, 0x0000000088000000, 0x0000000088100000|  0%| F|  |TAMS 0x0000000088000000| PB 0x0000000088000000| Untracked 
|  99|0x0000000088100000, 0x0000000088100000, 0x0000000088200000|  0%| F|  |TAMS 0x0000000088100000| PB 0x0000000088100000| Untracked 
| 100|0x0000000088200000, 0x0000000088200000, 0x0000000088300000|  0%| F|  |TAMS 0x0000000088200000| PB 0x0000000088200000| Untracked 
| 101|0x0000000088300000, 0x0000000088300000, 0x0000000088400000|  0%| F|  |TAMS 0x0000000088300000| PB 0x0000000088300000| Untracked 
| 102|0x0000000088400000, 0x0000000088400000, 0x0000000088500000|  0%| F|  |TAMS 0x0000000088400000| PB 0x0000000088400000| Untracked 
| 103|0x0000000088500000, 0x0000000088500000, 0x0000000088600000|  0%| F|  |TAMS 0x0000000088500000| PB 0x0000000088500000| Untracked 
| 104|0x0000000088600000, 0x0000000088600000, 0x0000000088700000|  0%| F|  |TAMS 0x0000000088600000| PB 0x0000000088600000| Untracked 
| 105|0x0000000088700000, 0x0000000088700000, 0x0000000088800000|  0%| F|  |TAMS 0x0000000088700000| PB 0x0000000088700000| Untracked 
| 106|0x0000000088800000, 0x0000000088800000, 0x0000000088900000|  0%| F|  |TAMS 0x0000000088800000| PB 0x0000000088800000| Untracked 
| 107|0x0000000088900000, 0x0000000088900000, 0x0000000088a00000|  0%| F|  |TAMS 0x0000000088900000| PB 0x0000000088900000| Untracked 
| 108|0x0000000088a00000, 0x0000000088a00000, 0x0000000088b00000|  0%| F|  |TAMS 0x0000000088a00000| PB 0x0000000088a00000| Untracked 
| 109|0x0000000088b00000, 0x0000000088b00000, 0x0000000088c00000|  0%| F|  |TAMS 0x0000000088b00000| PB 0x0000000088b00000| Untracked 
| 110|0x0000000088c00000, 0x0000000088c00000, 0x0000000088d00000|  0%| F|  |TAMS 0x0000000088c00000| PB 0x0000000088c00000| Untracked 
| 111|0x0000000088d00000, 0x0000000088d00000, 0x0000000088e00000|  0%| F|  |TAMS 0x0000000088d00000| PB 0x0000000088d00000| Untracked 
| 112|0x0000000088e00000, 0x0000000088e00000, 0x0000000088f00000|  0%| F|  |TAMS 0x0000000088e00000| PB 0x0000000088e00000| Untracked 
| 113|0x0000000088f00000, 0x0000000088f00000, 0x0000000089000000|  0%| F|  |TAMS 0x0000000088f00000| PB 0x0000000088f00000| Untracked 
| 114|0x0000000089000000, 0x0000000089000000, 0x0000000089100000|  0%| F|  |TAMS 0x0000000089000000| PB 0x0000000089000000| Untracked 
| 115|0x0000000089100000, 0x0000000089100000, 0x0000000089200000|  0%| F|  |TAMS 0x0000000089100000| PB 0x0000000089100000| Untracked 
| 116|0x0000000089200000, 0x0000000089200000, 0x0000000089300000|  0%| F|  |TAMS 0x0000000089200000| PB 0x0000000089200000| Untracked 
| 117|0x0000000089300000, 0x0000000089300000, 0x0000000089400000|  0%| F|  |TAMS 0x0000000089300000| PB 0x0000000089300000| Untracked 
| 118|0x0000000089400000, 0x0000000089400000, 0x0000000089500000|  0%| F|  |TAMS 0x0000000089400000| PB 0x0000000089400000| Untracked 
| 119|0x0000000089500000, 0x0000000089500000, 0x0000000089600000|  0%| F|  |TAMS 0x0000000089500000| PB 0x0000000089500000| Untracked 
| 120|0x0000000089600000, 0x0000000089600000, 0x0000000089700000|  0%| F|  |TAMS 0x0000000089600000| PB 0x0000000089600000| Untracked 
| 121|0x0000000089700000, 0x0000000089700000, 0x0000000089800000|  0%| F|  |TAMS 0x0000000089700000| PB 0x0000000089700000| Untracked 
| 122|0x0000000089800000, 0x0000000089800000, 0x0000000089900000|  0%| F|  |TAMS 0x0000000089800000| PB 0x0000000089800000| Untracked 
| 123|0x0000000089900000, 0x0000000089900000, 0x0000000089a00000|  0%| F|  |TAMS 0x0000000089900000| PB 0x0000000089900000| Untracked 
| 124|0x0000000089a00000, 0x0000000089a00000, 0x0000000089b00000|  0%| F|  |TAMS 0x0000000089a00000| PB 0x0000000089a00000| Untracked 
| 125|0x0000000089b00000, 0x0000000089b00000, 0x0000000089c00000|  0%| F|  |TAMS 0x0000000089b00000| PB 0x0000000089b00000| Untracked 
| 126|0x0000000089c00000, 0x0000000089c00000, 0x0000000089d00000|  0%| F|  |TAMS 0x0000000089c00000| PB 0x0000000089c00000| Untracked 
| 127|0x0000000089d00000, 0x0000000089d00000, 0x0000000089e00000|  0%| F|  |TAMS 0x0000000089d00000| PB 0x0000000089d00000| Untracked 
| 128|0x0000000089e00000, 0x0000000089e00000, 0x0000000089f00000|  0%| F|  |TAMS 0x0000000089e00000| PB 0x0000000089e00000| Untracked 
| 129|0x0000000089f00000, 0x0000000089f00000, 0x000000008a000000|  0%| F|  |TAMS 0x0000000089f00000| PB 0x0000000089f00000| Untracked 
| 130|0x000000008a000000, 0x000000008a000000, 0x000000008a100000|  0%| F|  |TAMS 0x000000008a000000| PB 0x000000008a000000| Untracked 
| 131|0x000000008a100000, 0x000000008a100000, 0x000000008a200000|  0%| F|  |TAMS 0x000000008a100000| PB 0x000000008a100000| Untracked 
| 132|0x000000008a200000, 0x000000008a200000, 0x000000008a300000|  0%| F|  |TAMS 0x000000008a200000| PB 0x000000008a200000| Untracked 
| 133|0x000000008a300000, 0x000000008a328968, 0x000000008a400000| 15%| E|  |TAMS 0x000000008a300000| PB 0x000000008a300000| Complete 
| 134|0x000000008a400000, 0x000000008a500000, 0x000000008a500000|100%| E|CS|TAMS 0x000000008a400000| PB 0x000000008a400000| Complete 
| 135|0x000000008a500000, 0x000000008a600000, 0x000000008a600000|100%| E|CS|TAMS 0x000000008a500000| PB 0x000000008a500000| Complete 
| 136|0x000000008a600000, 0x000000008a700000, 0x000000008a700000|100%| E|CS|TAMS 0x000000008a600000| PB 0x000000008a600000| Complete 
| 137|0x000000008a700000, 0x000000008a800000, 0x000000008a800000|100%| E|CS|TAMS 0x000000008a700000| PB 0x000000008a700000| Complete 
| 138|0x000000008a800000, 0x000000008a900000, 0x000000008a900000|100%| E|CS|TAMS 0x000000008a800000| PB 0x000000008a800000| Complete 
| 139|0x000000008a900000, 0x000000008aa00000, 0x000000008aa00000|100%| E|CS|TAMS 0x000000008a900000| PB 0x000000008a900000| Complete 
| 140|0x000000008aa00000, 0x000000008ab00000, 0x000000008ab00000|100%| E|CS|TAMS 0x000000008aa00000| PB 0x000000008aa00000| Complete 
| 141|0x000000008ab00000, 0x000000008ac00000, 0x000000008ac00000|100%| E|CS|TAMS 0x000000008ab00000| PB 0x000000008ab00000| Complete 
| 142|0x000000008ac00000, 0x000000008ad00000, 0x000000008ad00000|100%| E|CS|TAMS 0x000000008ac00000| PB 0x000000008ac00000| Complete 

Card table byte_map: [0x000001b9e1d70000,0x000001b9e2170000] _byte_map_base: 0x000001b9e1961000

Marking Bits: (CMBitMap*) 0x000001b9cf7cf490
 Bits: [0x000001b9e2170000, 0x000001b9e40f8000)

Polling page: 0x000001b9cd570000

Metaspace:

Usage:
  Non-class:     73.97 MB used.
      Class:     10.75 MB used.
       Both:     84.72 MB used.

Virtual space:
  Non-class space:      128.00 MB reserved,      74.62 MB ( 58%) committed,  2 nodes.
      Class space:        1.00 GB reserved,      11.31 MB (  1%) committed,  1 nodes.
             Both:        1.12 GB reserved,      85.94 MB (  7%) committed. 

Chunk freelists:
   Non-Class:  5.42 MB
       Class:  4.73 MB
        Both:  10.15 MB

MaxMetaspaceSize: unlimited
CompressedClassSpaceSize: 1.00 GB
Initial GC threshold: 21.00 MB
Current GC threshold: 142.50 MB
CDS: on
 - commit_granule_bytes: 65536.
 - commit_granule_words: 8192.
 - virtual_space_node_default_size: 8388608.
 - enlarge_chunks_in_place: 1.
 - use_allocation_guard: 0.


Internal statistics:

num_allocs_failed_limit: 6.
num_arena_births: 1566.
num_arena_deaths: 0.
num_vsnodes_births: 3.
num_vsnodes_deaths: 0.
num_space_committed: 1375.
num_space_uncommitted: 0.
num_chunks_returned_to_freelist: 6.
num_chunks_taken_from_freelist: 5105.
num_chunk_merges: 6.
num_chunk_splits: 3425.
num_chunks_enlarged: 2450.
num_inconsistent_stats: 0.

CodeHeap 'non-profiled nmethods': size=120064Kb used=10446Kb max_used=10446Kb free=109617Kb
 bounds [0x000001b9da430000, 0x000001b9dae70000, 0x000001b9e1970000]
CodeHeap 'profiled nmethods': size=120000Kb used=19238Kb max_used=19238Kb free=100761Kb
 bounds [0x000001b9d2970000, 0x000001b9d3c50000, 0x000001b9d9ea0000]
CodeHeap 'non-nmethods': size=5696Kb used=1749Kb max_used=1807Kb free=3946Kb
 bounds [0x000001b9d9ea0000, 0x000001b9da110000, 0x000001b9da430000]
 total_blobs=10497 nmethods=9735 adapters=665
 compilation: enabled
              stopped_count=0, restarted_count=0
 full_count=0

Compilation events (20 events):
Event: 1230.394 Thread 0x000001b9e6308470 18071       3       org.springframework.util.AntPathMatcher$AntPathStringMatcher::getGlobPattern (13 bytes)
Event: 1230.397 Thread 0x000001b9e6308470 nmethod 18071 0x000001b9d3c43390 code [0x000001b9d3c437c0, 0x000001b9d3c45910]
Event: 1230.397 Thread 0x000001b9e6308470 18072       3       java.util.regex.Pattern$LazyLoop::study (12 bytes)
Event: 1230.397 Thread 0x000001b9e6308470 nmethod 18072 0x000001b9d35f1e10 code [0x000001b9d35f1fa0, 0x000001b9d35f20c0]
Event: 1230.688 Thread 0x000001b9e6308470 18073       3       org.springframework.core.ResolvableType::forInstance (43 bytes)
Event: 1230.689 Thread 0x000001b9e6308470 nmethod 18073 0x000001b9d3417390 code [0x000001b9d3417580, 0x000001b9d3417b90]
Event: 1231.530 Thread 0x000001b9e6308470 18074       3       java.net.Inet4Address::<init> (29 bytes)
Event: 1231.530 Thread 0x000001b9e6308470 nmethod 18074 0x000001b9d348f790 code [0x000001b9d348f960, 0x000001b9d348fed0]
Event: 1231.545 Thread 0x000001b9e629a9e0 18075   !   4       org.apache.tomcat.util.net.Acceptor::run (295 bytes)
Event: 1231.577 Thread 0x000001b9e629a9e0 nmethod 18075 0x000001b9dae61590 code [0x000001b9dae61860, 0x000001b9dae62440]
Event: 1231.912 Thread 0x000001b9e6308470 18076       3       java.util.concurrent.LinkedBlockingQueue::size (8 bytes)
Event: 1231.912 Thread 0x000001b9e6308470 nmethod 18076 0x000001b9d37bcd90 code [0x000001b9d37bcf20, 0x000001b9d37bd050]
Event: 1231.913 Thread 0x000001b9e629a9e0 18077       4       com.mysql.cj.protocol.a.NativeUtils::encodeMysqlThreeByteInteger (31 bytes)
Event: 1231.915 Thread 0x000001b9e629a9e0 nmethod 18077 0x000001b9dae62d10 code [0x000001b9dae62ea0, 0x000001b9dae62fa0]
Event: 1231.922 Thread 0x000001b9e629a9e0 18078       4       io.micrometer.core.instrument.Meter$Id::hashCode (23 bytes)
Event: 1231.934 Thread 0x000001b9e629a9e0 nmethod 18078 0x000001b9dae63090 code [0x000001b9dae63260, 0x000001b9dae63710]
Event: 1232.105 Thread 0x000001b9e6308470 18079       3       java.util.concurrent.ThreadPoolExecutor::ctlOf (4 bytes)
Event: 1232.106 Thread 0x000001b9e6308470 nmethod 18079 0x000001b9d2b01590 code [0x000001b9d2b01720, 0x000001b9d2b01810]
Event: 1232.106 Thread 0x000001b9e6308470 18080   !   3       java.lang.Thread::interrupt (61 bytes)
Event: 1232.108 Thread 0x000001b9e6308470 nmethod 18080 0x000001b9d348ee90 code [0x000001b9d348f080, 0x000001b9d348f5c0]

GC Heap History (20 events):
Event: 1086.044 GC heap after
{Heap after GC invocations=118 (full 10):
 garbage-first heap   total 146432K, used 74119K [0x0000000081e00000, 0x0000000100000000)
  region size 1024K, 5 young (5120K), 5 survivors (5120K)
 Metaspace       used 85360K, committed 86528K, reserved 1179648K
  class space    used 10918K, committed 11456K, reserved 1048576K
}
Event: 1087.634 GC heap before
{Heap before GC invocations=119 (full 10):
 garbage-first heap   total 146432K, used 132487K [0x0000000081e00000, 0x0000000100000000)
  region size 1024K, 62 young (63488K), 5 survivors (5120K)
 Metaspace       used 85758K, committed 86976K, reserved 1179648K
  class space    used 10948K, committed 11520K, reserved 1048576K
}
Event: 1087.650 GC heap after
{Heap after GC invocations=120 (full 10):
 garbage-first heap   total 146432K, used 77064K [0x0000000081e00000, 0x0000000100000000)
  region size 1024K, 4 young (4096K), 4 survivors (4096K)
 Metaspace       used 85758K, committed 86976K, reserved 1179648K
  class space    used 10948K, committed 11520K, reserved 1048576K
}
Event: 1107.185 GC heap before
{Heap before GC invocations=120 (full 10):
 garbage-first heap   total 146432K, used 122120K [0x0000000081e00000, 0x0000000100000000)
  region size 1024K, 49 young (50176K), 4 survivors (4096K)
 Metaspace       used 85810K, committed 86976K, reserved 1179648K
  class space    used 10949K, committed 11520K, reserved 1048576K
}
Event: 1107.366 GC heap after
{Heap after GC invocations=121 (full 11):
 garbage-first heap   total 146432K, used 72440K [0x0000000081e00000, 0x0000000100000000)
  region size 1024K, 0 young (0K), 0 survivors (0K)
 Metaspace       used 85810K, committed 86976K, reserved 1179648K
  class space    used 10949K, committed 11520K, reserved 1048576K
}
Event: 1109.129 GC heap before
{Heap before GC invocations=121 (full 11):
 garbage-first heap   total 146432K, used 132856K [0x0000000081e00000, 0x0000000100000000)
  region size 1024K, 60 young (61440K), 0 survivors (0K)
 Metaspace       used 85848K, committed 87040K, reserved 1179648K
  class space    used 10952K, committed 11520K, reserved 1048576K
}
Event: 1109.138 GC heap after
{Heap after GC invocations=122 (full 11):
 garbage-first heap   total 146432K, used 77223K [0x0000000081e00000, 0x0000000100000000)
  region size 1024K, 5 young (5120K), 5 survivors (5120K)
 Metaspace       used 85848K, committed 87040K, reserved 1179648K
  class space    used 10952K, committed 11520K, reserved 1048576K
}
Event: 1110.503 GC heap before
{Heap before GC invocations=123 (full 11):
 garbage-first heap   total 146432K, used 131495K [0x0000000081e00000, 0x0000000100000000)
  region size 1024K, 58 young (59392K), 5 survivors (5120K)
 Metaspace       used 86197K, committed 87360K, reserved 1179648K
  class space    used 10973K, committed 11520K, reserved 1048576K
}
Event: 1110.516 GC heap after
{Heap after GC invocations=124 (full 11):
 garbage-first heap   total 146432K, used 80016K [0x0000000081e00000, 0x0000000100000000)
  region size 1024K, 4 young (4096K), 4 survivors (4096K)
 Metaspace       used 86197K, committed 87360K, reserved 1179648K
  class space    used 10973K, committed 11520K, reserved 1048576K
}
Event: 1144.673 GC heap before
{Heap before GC invocations=124 (full 11):
 garbage-first heap   total 146432K, used 132240K [0x0000000081e00000, 0x0000000100000000)
  region size 1024K, 55 young (56320K), 4 survivors (4096K)
 Metaspace       used 86215K, committed 87360K, reserved 1179648K
  class space    used 10973K, committed 11520K, reserved 1048576K
}
Event: 1144.681 GC heap after
{Heap after GC invocations=125 (full 11):
 garbage-first heap   total 146432K, used 80794K [0x0000000081e00000, 0x0000000100000000)
  region size 1024K, 4 young (4096K), 4 survivors (4096K)
 Metaspace       used 86215K, committed 87360K, reserved 1179648K
  class space    used 10973K, committed 11520K, reserved 1048576K
}
Event: 1206.019 GC heap before
{Heap before GC invocations=125 (full 11):
 garbage-first heap   total 146432K, used 87962K [0x0000000081e00000, 0x0000000100000000)
  region size 1024K, 12 young (12288K), 4 survivors (4096K)
 Metaspace       used 86321K, committed 87552K, reserved 1179648K
  class space    used 10982K, committed 11520K, reserved 1048576K
}
Event: 1206.207 GC heap after
{Heap after GC invocations=126 (full 12):
 garbage-first heap   total 146432K, used 76447K [0x0000000081e00000, 0x0000000100000000)
  region size 1024K, 0 young (0K), 0 survivors (0K)
 Metaspace       used 86321K, committed 87552K, reserved 1179648K
  class space    used 10982K, committed 11520K, reserved 1048576K
}
Event: 1212.841 GC heap before
{Heap before GC invocations=126 (full 12):
 garbage-first heap   total 146432K, used 135839K [0x0000000081e00000, 0x0000000100000000)
  region size 1024K, 58 young (59392K), 0 survivors (0K)
 Metaspace       used 86360K, committed 87552K, reserved 1179648K
  class space    used 10987K, committed 11520K, reserved 1048576K
}
Event: 1212.850 GC heap after
{Heap after GC invocations=127 (full 12):
 garbage-first heap   total 146432K, used 81378K [0x0000000081e00000, 0x0000000100000000)
  region size 1024K, 5 young (5120K), 5 survivors (5120K)
 Metaspace       used 86360K, committed 87552K, reserved 1179648K
  class space    used 10987K, committed 11520K, reserved 1048576K
}
Event: 1224.691 GC heap before
{Heap before GC invocations=128 (full 12):
 garbage-first heap   total 146432K, used 131554K [0x0000000081e00000, 0x0000000100000000)
  region size 1024K, 54 young (55296K), 5 survivors (5120K)
 Metaspace       used 86734K, committed 87936K, reserved 1179648K
  class space    used 11009K, committed 11584K, reserved 1048576K
}
Event: 1224.711 GC heap after
{Heap after GC invocations=129 (full 12):
 garbage-first heap   total 146432K, used 83949K [0x0000000081e00000, 0x0000000100000000)
  region size 1024K, 4 young (4096K), 4 survivors (4096K)
 Metaspace       used 86734K, committed 87936K, reserved 1179648K
  class space    used 11009K, committed 11584K, reserved 1048576K
}
Event: 1227.744 GC heap before
{Heap before GC invocations=129 (full 12):
 garbage-first heap   total 146432K, used 132077K [0x0000000081e00000, 0x0000000100000000)
  region size 1024K, 51 young (52224K), 4 survivors (4096K)
 Metaspace       used 86743K, committed 87936K, reserved 1179648K
  class space    used 11009K, committed 11584K, reserved 1048576K
}
Event: 1227.759 GC heap after
{Heap after GC invocations=130 (full 12):
 garbage-first heap   total 146432K, used 85909K [0x0000000081e00000, 0x0000000100000000)
  region size 1024K, 5 young (5120K), 5 survivors (5120K)
 Metaspace       used 86743K, committed 87936K, reserved 1179648K
  class space    used 11009K, committed 11584K, reserved 1048576K
}
Event: 1232.108 GC heap before
{Heap before GC invocations=130 (full 12):
 garbage-first heap   total 146432K, used 95125K [0x0000000081e00000, 0x0000000100000000)
  region size 1024K, 15 young (15360K), 5 survivors (5120K)
 Metaspace       used 86753K, committed 88000K, reserved 1179648K
  class space    used 11009K, committed 11584K, reserved 1048576K
}

Dll operation events (11 events):
Event: 0.018 Loaded shared library C:\Users\EDITH\.vscode\extensions\redhat.java-1.41.1-win32-x64\jre\21.0.6-win32-x86_64\bin\java.dll
Event: 0.060 Loaded shared library C:\Users\EDITH\.vscode\extensions\redhat.java-1.41.1-win32-x64\jre\21.0.6-win32-x86_64\bin\zip.dll
Event: 0.224 Loaded shared library C:\Users\EDITH\.vscode\extensions\redhat.java-1.41.1-win32-x64\jre\21.0.6-win32-x86_64\bin\jimage.dll
Event: 0.234 Loaded shared library C:\Users\EDITH\.vscode\extensions\redhat.java-1.41.1-win32-x64\jre\21.0.6-win32-x86_64\bin\net.dll
Event: 0.236 Loaded shared library C:\Users\EDITH\.vscode\extensions\redhat.java-1.41.1-win32-x64\jre\21.0.6-win32-x86_64\bin\nio.dll
Event: 0.240 Loaded shared library C:\Users\EDITH\.vscode\extensions\redhat.java-1.41.1-win32-x64\jre\21.0.6-win32-x86_64\bin\zip.dll
Event: 0.371 Loaded shared library C:\Users\EDITH\.vscode\extensions\redhat.java-1.41.1-win32-x64\jre\21.0.6-win32-x86_64\bin\management.dll
Event: 0.403 Loaded shared library C:\Users\EDITH\.vscode\extensions\redhat.java-1.41.1-win32-x64\jre\21.0.6-win32-x86_64\bin\management_ext.dll
Event: 1.258 Loaded shared library C:\Users\EDITH\.vscode\extensions\redhat.java-1.41.1-win32-x64\jre\21.0.6-win32-x86_64\bin\extnet.dll
Event: 4.594 Loaded shared library C:\Users\EDITH\.vscode\extensions\redhat.java-1.41.1-win32-x64\jre\21.0.6-win32-x86_64\bin\sunmscapi.dll
Event: 17.785 Loaded shared library C:\Users\EDITH\.vscode\extensions\redhat.java-1.41.1-win32-x64\jre\21.0.6-win32-x86_64\bin\verify.dll

Deoptimization events (20 events):
Event: 1212.265 Thread 0x000001b9eb7a9870 DEOPT PACKING pc=0x000001b9dae2e518 sp=0x00000029976fba70
Event: 1212.265 Thread 0x000001b9eb7a9870 DEOPT UNPACKING pc=0x000001b9d9ef469c sp=0x00000029976fba48 mode 2
Event: 1220.529 Thread 0x000001b9eb8ddbd0 Uncommon trap: trap_request=0xffffff45 fr.pc=0x000001b9dac1fe3c relative=0x000000000000083c
Event: 1220.529 Thread 0x000001b9eb8ddbd0 Uncommon trap: reason=unstable_if action=reinterpret pc=0x000001b9dac1fe3c method=java.lang.ThreadLocal.set(Ljava/lang/Thread;Ljava/lang/Object;)V @ 7 c2
Event: 1220.529 Thread 0x000001b9eb8ddbd0 DEOPT PACKING pc=0x000001b9dac1fe3c sp=0x0000002997eff120
Event: 1220.529 Thread 0x000001b9eb8ddbd0 DEOPT UNPACKING pc=0x000001b9d9ef469c sp=0x0000002997eff098 mode 2
Event: 1228.464 Thread 0x000001b9eb8dbb00 Uncommon trap: trap_request=0xffffff45 fr.pc=0x000001b9dacd7a28 relative=0x0000000000000968
Event: 1228.464 Thread 0x000001b9eb8dbb00 Uncommon trap: reason=unstable_if action=reinterpret pc=0x000001b9dacd7a28 method=java.util.AbstractSet.equals(Ljava/lang/Object;)Z @ 31 c2
Event: 1228.464 Thread 0x000001b9eb8dbb00 DEOPT PACKING pc=0x000001b9dacd7a28 sp=0x00000029979fef60
Event: 1228.464 Thread 0x000001b9eb8dbb00 DEOPT UNPACKING pc=0x000001b9d9ef469c sp=0x00000029979fee90 mode 2
Event: 1228.464 Thread 0x000001b9eb8dc190 Uncommon trap: trap_request=0xffffff45 fr.pc=0x000001b9dac5345c relative=0x000000000000019c
Event: 1228.464 Thread 0x000001b9eb8dc190 Uncommon trap: reason=unstable_if action=reinterpret pc=0x000001b9dac5345c method=java.util.AbstractSet.equals(Ljava/lang/Object;)Z @ 31 c2
Event: 1228.464 Thread 0x000001b9eb8dc190 DEOPT PACKING pc=0x000001b9dac5345c sp=0x0000002997cfee30
Event: 1228.464 Thread 0x000001b9eb8dc190 DEOPT UNPACKING pc=0x000001b9d9ef469c sp=0x0000002997cfedc8 mode 2
Event: 1230.343 Thread 0x000001b9eb7a7110 Uncommon trap: trap_request=0xffffff45 fr.pc=0x000001b9daa2376c relative=0x00000000000000cc
Event: 1230.344 Thread 0x000001b9eb7a7110 Uncommon trap: reason=unstable_if action=reinterpret pc=0x000001b9daa2376c method=java.util.concurrent.ScheduledThreadPoolExecutor$ScheduledFutureTask.compareTo(Ljava/util/concurrent/Delayed;)I @ 40 c2
Event: 1230.344 Thread 0x000001b9eb7a7110 DEOPT PACKING pc=0x000001b9daa2376c sp=0x00000029977fed20
Event: 1230.344 Thread 0x000001b9eb7a7110 DEOPT UNPACKING pc=0x000001b9d9ef469c sp=0x00000029977feca8 mode 2
Event: 1231.546 Thread 0x000001b9ed75c5b0 DEOPT PACKING pc=0x000001b9d29d3cd5 sp=0x0000002998fff470
Event: 1231.546 Thread 0x000001b9ed75c5b0 DEOPT UNPACKING pc=0x000001b9d9ef4e23 sp=0x0000002998ffe978 mode 0

Classes loaded (20 events):
Event: 282.241 Loading class java/security/Key done
Event: 282.241 Loading class javax/security/auth/Destroyable
Event: 282.241 Loading class javax/security/auth/Destroyable done
Event: 282.241 Loading class java/security/PrivateKey done
Event: 282.241 Loading class java/security/spec/InvalidKeySpecException
Event: 282.241 Loading class java/security/spec/InvalidKeySpecException done
Event: 282.241 Loading class java/security/spec/KeySpec
Event: 282.241 Loading class java/security/spec/KeySpec done
Event: 282.242 Loading class javax/crypto/NoSuchPaddingException
Event: 282.242 Loading class javax/crypto/NoSuchPaddingException done
Event: 282.242 Loading class javax/crypto/IllegalBlockSizeException
Event: 282.242 Loading class javax/crypto/IllegalBlockSizeException done
Event: 282.242 Loading class javax/crypto/BadPaddingException
Event: 282.242 Loading class javax/crypto/BadPaddingException done
Event: 282.242 Loading class javax/net/ssl/SSLSocket
Event: 282.242 Loading class javax/net/ssl/SSLSocket done
Event: 282.409 Loading class java/lang/ref/Finalizer$2
Event: 282.409 Loading class java/lang/ref/Finalizer$2 done
Event: 282.409 Loading class java/lang/ref/Finalizer$1
Event: 282.409 Loading class java/lang/ref/Finalizer$1 done

Classes unloaded (0 events):
No events

Classes redefined (0 events):
No events

Internal exceptions (20 events):
Event: 1108.564 Thread 0x000001b9ed759e50 Exception <a 'java/lang/ArrayIndexOutOfBoundsException'{0x00000000886206e8}> (0x00000000886206e8) 
thrown [s\src\hotspot\share\runtime\sharedRuntime.cpp, line 625]
Event: 1108.926 Thread 0x000001b9ed759e50 Exception <a 'java/io/FileNotFoundException'{0x0000000087963c98}> (0x0000000087963c98) 
thrown [s\src\hotspot\share\prims\jni.cpp, line 520]
Event: 1109.396 Thread 0x000001b9ed759e50 Exception <a 'java/io/FileNotFoundException'{0x000000008abe6850}> (0x000000008abe6850) 
thrown [s\src\hotspot\share\prims\jni.cpp, line 520]
Event: 1182.743 Thread 0x000001b9eb8de260 Implicit null exception at 0x000001b9dadcc6a3 to 0x000001b9dadd51e0
Event: 1205.986 Thread 0x000001b9ed75c5b0 Exception <a 'java/lang/InterruptedException'{0x000000008a5e8580}: sleep interrupted> (0x000000008a5e8580) 
thrown [s\src\hotspot\share\prims\jvm.cpp, line 3074]
Event: 1206.453 Thread 0x000001b9eb7a9870 Exception <a 'sun/nio/fs/WindowsException'{0x000000008ac8eaa8}> (0x000000008ac8eaa8) 
thrown [s\src\hotspot\share\prims\jni.cpp, line 520]
Event: 1209.802 Thread 0x000001b9eb7a9870 Exception <a 'java/lang/NoClassDefFoundError'{0x000000008883b478}: org/flywaydb/core/Flyway> (0x000000008883b478) 
thrown [s\src\hotspot\share\oops\constantPool.cpp, line 873]
Event: 1209.802 Thread 0x000001b9eb7a9870 Exception <a 'java/lang/NoClassDefFoundError'{0x000000008883bad8}: liquibase/integration/spring/SpringLiquibase> (0x000000008883bad8) 
thrown [s\src\hotspot\share\oops\constantPool.cpp, line 873]
Event: 1209.819 Thread 0x000001b9eb7a9870 Exception <a 'java/lang/NoClassDefFoundError'{0x000000008886f780}: org/jooq/DSLContext> (0x000000008886f780) 
thrown [s\src\hotspot\share\oops\constantPool.cpp, line 873]
Event: 1209.905 Thread 0x000001b9eb7a9870 Exception <a 'java/lang/NoClassDefFoundError'{0x00000000888d9ee0}: org/springframework/batch/core/repository/JobRepository> (0x00000000888d9ee0) 
thrown [s\src\hotspot\share\oops\constantPool.cpp, line 873]
Event: 1209.905 Thread 0x000001b9eb7a9870 Exception <a 'java/lang/NoClassDefFoundError'{0x00000000888da538}: org/quartz/Scheduler> (0x00000000888da538) 
thrown [s\src\hotspot\share\oops\constantPool.cpp, line 873]
Event: 1209.905 Thread 0x000001b9eb7a9870 Exception <a 'java/lang/NoClassDefFoundError'{0x00000000888dabb8}: org/springframework/session/jdbc/JdbcIndexedSessionRepository> (0x00000000888dabb8) 
thrown [s\src\hotspot\share\oops\constantPool.cpp, line 873]
Event: 1210.100 Thread 0x000001b9eb7a9870 Exception <a 'java/lang/ArrayIndexOutOfBoundsException'{0x00000000886052f8}> (0x00000000886052f8) 
thrown [s\src\hotspot\share\runtime\sharedRuntime.cpp, line 625]
Event: 1210.100 Thread 0x000001b9eb7a9870 Exception <a 'java/lang/ArrayIndexOutOfBoundsException'{0x00000000886058d0}> (0x00000000886058d0) 
thrown [s\src\hotspot\share\runtime\sharedRuntime.cpp, line 625]
Event: 1210.345 Thread 0x000001b9eb7a9870 Exception <a 'java/lang/ArrayIndexOutOfBoundsException'{0x000000008865c528}> (0x000000008865c528) 
thrown [s\src\hotspot\share\runtime\sharedRuntime.cpp, line 625]
Event: 1210.346 Thread 0x000001b9eb7a9870 Exception <a 'java/lang/ArrayIndexOutOfBoundsException'{0x000000008865cb00}> (0x000000008865cb00) 
thrown [s\src\hotspot\share\runtime\sharedRuntime.cpp, line 625]
Event: 1211.858 Thread 0x000001b9eb7a9870 Exception <a 'java/io/FileNotFoundException'{0x00000000879bfd90}> (0x00000000879bfd90) 
thrown [s\src\hotspot\share\prims\jni.cpp, line 520]
Event: 1213.282 Thread 0x000001b9eb7a9870 Exception <a 'java/io/FileNotFoundException'{0x000000008a882ff8}> (0x000000008a882ff8) 
thrown [s\src\hotspot\share\prims\jni.cpp, line 520]
Event: 1220.529 Thread 0x000001b9eb8ddbd0 Implicit null exception at 0x000001b9dac1f66d to 0x000001b9dac1fe30
Event: 1232.106 Thread 0x000001b9eb7a91e0 Exception <a 'java/lang/InterruptedException'{0x000000008a300040}: sleep interrupted> (0x000000008a300040) 
thrown [s\src\hotspot\share\prims\jvm.cpp, line 3074]

ZGC Phase Switch (0 events):
No events

VM Operations (20 events):
Event: 1222.355 Executing VM operation: Cleanup done
Event: 1223.363 Executing VM operation: Cleanup
Event: 1223.397 Executing VM operation: Cleanup done
Event: 1224.397 Executing VM operation: Cleanup
Event: 1224.410 Executing VM operation: Cleanup done
Event: 1224.691 Executing VM operation: G1CollectForAllocation (G1 Evacuation Pause)
Event: 1224.711 Executing VM operation: G1CollectForAllocation (G1 Evacuation Pause) done
Event: 1225.715 Executing VM operation: Cleanup
Event: 1225.731 Executing VM operation: Cleanup done
Event: 1226.735 Executing VM operation: Cleanup
Event: 1226.735 Executing VM operation: Cleanup done
Event: 1227.744 Executing VM operation: G1CollectForAllocation (G1 Evacuation Pause)
Event: 1227.759 Executing VM operation: G1CollectForAllocation (G1 Evacuation Pause) done
Event: 1228.775 Executing VM operation: Cleanup
Event: 1228.775 Executing VM operation: Cleanup done
Event: 1229.776 Executing VM operation: Cleanup
Event: 1229.776 Executing VM operation: Cleanup done
Event: 1230.786 Executing VM operation: Cleanup
Event: 1230.786 Executing VM operation: Cleanup done
Event: 1232.108 Executing VM operation: G1CollectFull (System.gc())

Memory protections (0 events):
No events

Nmethod flushes (20 events):
Event: 1213.032 Thread 0x000001b9e6276f70 flushing  nmethod 0x000001b9d32f4110
Event: 1213.032 Thread 0x000001b9e6276f70 flushing  nmethod 0x000001b9d3308d90
Event: 1213.032 Thread 0x000001b9e6276f70 flushing  nmethod 0x000001b9d3400590
Event: 1213.032 Thread 0x000001b9e6276f70 flushing  nmethod 0x000001b9d3416b90
Event: 1213.032 Thread 0x000001b9e6276f70 flushing  nmethod 0x000001b9d343cc90
Event: 1213.032 Thread 0x000001b9e6276f70 flushing  nmethod 0x000001b9d348d510
Event: 1213.032 Thread 0x000001b9e6276f70 flushing  nmethod 0x000001b9d34f0990
Event: 1213.032 Thread 0x000001b9e6276f70 flushing  nmethod 0x000001b9d34f2810
Event: 1213.032 Thread 0x000001b9e6276f70 flushing  nmethod 0x000001b9d3569110
Event: 1213.032 Thread 0x000001b9e6276f70 flushing  nmethod 0x000001b9d35af590
Event: 1213.032 Thread 0x000001b9e6276f70 flushing  nmethod 0x000001b9d35f1e10
Event: 1213.032 Thread 0x000001b9e6276f70 flushing  nmethod 0x000001b9d361ef90
Event: 1213.032 Thread 0x000001b9e6276f70 flushing  nmethod 0x000001b9d3726c10
Event: 1213.032 Thread 0x000001b9e6276f70 flushing  nmethod 0x000001b9d3766510
Event: 1213.032 Thread 0x000001b9e6276f70 flushing  nmethod 0x000001b9d37bcd90
Event: 1213.032 Thread 0x000001b9e6276f70 flushing  nmethod 0x000001b9d37c3a90
Event: 1213.032 Thread 0x000001b9e6276f70 flushing  nmethod 0x000001b9d37e9f90
Event: 1213.032 Thread 0x000001b9e6276f70 flushing  nmethod 0x000001b9d386ec90
Event: 1213.032 Thread 0x000001b9e6276f70 flushing  nmethod 0x000001b9d3894110
Event: 1213.032 Thread 0x000001b9e6276f70 flushing  nmethod 0x000001b9d3adfb90

Events (20 events):
Event: 1230.896 Thread 0x000001b9ed75bf20 Thread added: 0x000001b9ed7597c0
Event: 1231.578 Thread 0x000001b9ed75c5b0 Thread exited: 0x000001b9ed75c5b0
Event: 1231.693 Thread 0x000001b9ed75cc40 Thread exited: 0x000001b9ed75cc40
Event: 1231.693 Thread 0x000001b9eb8def80 Thread exited: 0x000001b9eb8def80
Event: 1231.693 Thread 0x000001b9eb8db470 Thread exited: 0x000001b9eb8db470
Event: 1231.693 Thread 0x000001b9ed75ab70 Thread exited: 0x000001b9ed75ab70
Event: 1231.694 Thread 0x000001b9eb8dfca0 Thread exited: 0x000001b9eb8dfca0
Event: 1231.694 Thread 0x000001b9eb8d9a30 Thread exited: 0x000001b9eb8d9a30
Event: 1231.694 Thread 0x000001b9eb8dade0 Thread exited: 0x000001b9eb8dade0
Event: 1231.694 Thread 0x000001b9eb8d93a0 Thread exited: 0x000001b9eb8d93a0
Event: 1231.694 Thread 0x000001b9ed75a4e0 Thread exited: 0x000001b9ed75a4e0
Event: 1231.694 Thread 0x000001b9eb8da0c0 Thread exited: 0x000001b9eb8da0c0
Event: 1231.694 Thread 0x000001b9eb8da750 Thread exited: 0x000001b9eb8da750
Event: 1231.708 Thread 0x000001b9ed7597c0 Thread exited: 0x000001b9ed7597c0
Event: 1231.742 Thread 0x000001b9ed75bf20 Thread added: 0x000001b9ed75c5b0
Event: 1231.742 Thread 0x000001b9eb8dceb0 Thread exited: 0x000001b9eb8dceb0
Event: 1231.924 Thread 0x000001b9ed75c5b0 Thread exited: 0x000001b9ed75c5b0
Event: 1232.105 Thread 0x000001b9eb7a9f00 Thread exited: 0x000001b9eb7a9f00
Event: 1232.105 Thread 0x000001b9eb7a7110 Thread exited: 0x000001b9eb7a7110
Event: 1232.107 Thread 0x000001b9eb7a91e0 Thread exited: 0x000001b9eb7a91e0


Dynamic libraries:
0x00007ff6f7580000 - 0x00007ff6f758e000 	C:\Users\EDITH\.vscode\extensions\redhat.java-1.41.1-win32-x64\jre\21.0.6-win32-x86_64\bin\java.exe
0x00007ff888fb0000 - 0x00007ff8891a5000 	C:\Windows\SYSTEM32\ntdll.dll
0x00007ff888540000 - 0x00007ff8885fd000 	C:\Windows\System32\KERNEL32.DLL
0x00007ff886840000 - 0x00007ff886b08000 	C:\Windows\System32\KERNELBASE.dll
0x00007ff886be0000 - 0x00007ff886ce0000 	C:\Windows\System32\ucrtbase.dll
0x00007ff86c9f0000 - 0x00007ff86ca08000 	C:\Users\EDITH\.vscode\extensions\redhat.java-1.41.1-win32-x64\jre\21.0.6-win32-x86_64\bin\jli.dll
0x00007ff888b40000 - 0x00007ff888ce0000 	C:\Windows\System32\USER32.dll
0x00007ff886e20000 - 0x00007ff886e42000 	C:\Windows\System32\win32u.dll
0x00007ff888e50000 - 0x00007ff888e7a000 	C:\Windows\System32\GDI32.dll
0x00007ff886730000 - 0x00007ff88683b000 	C:\Windows\System32\gdi32full.dll
0x00007ff886e50000 - 0x00007ff886eed000 	C:\Windows\System32\msvcp_win.dll
0x00007ff8692a0000 - 0x00007ff8692be000 	C:\Users\EDITH\.vscode\extensions\redhat.java-1.41.1-win32-x64\jre\21.0.6-win32-x86_64\bin\VCRUNTIME140.dll
0x00007ff87c7d0000 - 0x00007ff87ca6a000 	C:\Windows\WinSxS\amd64_microsoft.windows.common-controls_6595b64144ccf1df_6.0.19041.844_none_ca00b6081b84eb1d\COMCTL32.dll
0x00007ff888aa0000 - 0x00007ff888b3e000 	C:\Windows\System32\msvcrt.dll
0x00007ff888390000 - 0x00007ff8883c0000 	C:\Windows\System32\IMM32.DLL
0x00007ff87c5f0000 - 0x00007ff87c5fc000 	C:\Users\EDITH\.vscode\extensions\redhat.java-1.41.1-win32-x64\jre\21.0.6-win32-x86_64\bin\vcruntime140_1.dll
0x00007ff824600000 - 0x00007ff82468d000 	C:\Users\EDITH\.vscode\extensions\redhat.java-1.41.1-win32-x64\jre\21.0.6-win32-x86_64\bin\msvcp140.dll
0x00007ff821970000 - 0x00007ff822700000 	C:\Users\EDITH\.vscode\extensions\redhat.java-1.41.1-win32-x64\jre\21.0.6-win32-x86_64\bin\server\jvm.dll
0x00007ff888730000 - 0x00007ff8887dc000 	C:\Windows\System32\ADVAPI32.dll
0x00007ff8884a0000 - 0x00007ff88853b000 	C:\Windows\System32\sechost.dll
0x00007ff888600000 - 0x00007ff88872b000 	C:\Windows\System32\RPCRT4.dll
0x00007ff888860000 - 0x00007ff8888cb000 	C:\Windows\System32\WS2_32.dll
0x00007ff8864f0000 - 0x00007ff88653b000 	C:\Windows\SYSTEM32\POWRPROF.dll
0x00007ff8778a0000 - 0x00007ff8778c7000 	C:\Windows\SYSTEM32\WINMM.dll
0x00007ff877970000 - 0x00007ff87797a000 	C:\Windows\SYSTEM32\VERSION.dll
0x00007ff8864d0000 - 0x00007ff8864e2000 	C:\Windows\SYSTEM32\UMPDC.dll
0x00007ff884690000 - 0x00007ff8846a2000 	C:\Windows\SYSTEM32\kernel.appcore.dll
0x00007ff87b5c0000 - 0x00007ff87b5ca000 	C:\Users\EDITH\.vscode\extensions\redhat.java-1.41.1-win32-x64\jre\21.0.6-win32-x86_64\bin\jimage.dll
0x00007ff877990000 - 0x00007ff877b74000 	C:\Windows\SYSTEM32\DBGHELP.DLL
0x00007ff8770e0000 - 0x00007ff87710c000 	C:\Windows\SYSTEM32\dbgcore.DLL
0x00007ff886b10000 - 0x00007ff886b90000 	C:\Windows\System32\bcryptPrimitives.dll
0x00007ff867430000 - 0x00007ff86744f000 	C:\Users\EDITH\.vscode\extensions\redhat.java-1.41.1-win32-x64\jre\21.0.6-win32-x86_64\bin\java.dll
0x00007ff8870e0000 - 0x00007ff887822000 	C:\Windows\System32\SHELL32.dll
0x00007ff884890000 - 0x00007ff885021000 	C:\Windows\SYSTEM32\windows.storage.dll
0x00007ff887900000 - 0x00007ff887c55000 	C:\Windows\System32\combase.dll
0x00007ff886130000 - 0x00007ff88615c000 	C:\Windows\SYSTEM32\Wldp.dll
0x00007ff888d40000 - 0x00007ff888dee000 	C:\Windows\System32\SHCORE.dll
0x00007ff888ce0000 - 0x00007ff888d35000 	C:\Windows\System32\shlwapi.dll
0x00007ff886670000 - 0x00007ff88668f000 	C:\Windows\SYSTEM32\profapi.dll
0x00007ff866400000 - 0x00007ff866418000 	C:\Users\EDITH\.vscode\extensions\redhat.java-1.41.1-win32-x64\jre\21.0.6-win32-x86_64\bin\zip.dll
0x00007ff87aa00000 - 0x00007ff87aa10000 	C:\Users\EDITH\.vscode\extensions\redhat.java-1.41.1-win32-x64\jre\21.0.6-win32-x86_64\bin\net.dll
0x00007ff87dec0000 - 0x00007ff87dfcb000 	C:\Windows\SYSTEM32\WINHTTP.dll
0x00007ff885ea0000 - 0x00007ff885f0a000 	C:\Windows\system32\mswsock.dll
0x00007ff8623c0000 - 0x00007ff8623d6000 	C:\Users\EDITH\.vscode\extensions\redhat.java-1.41.1-win32-x64\jre\21.0.6-win32-x86_64\bin\nio.dll
0x00007ff87c620000 - 0x00007ff87c62a000 	C:\Users\EDITH\.vscode\extensions\redhat.java-1.41.1-win32-x64\jre\21.0.6-win32-x86_64\bin\management.dll
0x00007ff87c110000 - 0x00007ff87c11b000 	C:\Users\EDITH\.vscode\extensions\redhat.java-1.41.1-win32-x64\jre\21.0.6-win32-x86_64\bin\management_ext.dll
0x00007ff888930000 - 0x00007ff888938000 	C:\Windows\System32\PSAPI.DLL
0x00007ff870e30000 - 0x00007ff870e47000 	C:\Windows\system32\napinsp.dll
0x00007ff870e10000 - 0x00007ff870e2b000 	C:\Windows\system32\pnrpnsp.dll
0x00007ff870df0000 - 0x00007ff870e05000 	C:\Windows\system32\wshbth.dll
0x00007ff8821b0000 - 0x00007ff8821cd000 	C:\Windows\system32\NLAapi.dll
0x00007ff885b90000 - 0x00007ff885bcb000 	C:\Windows\SYSTEM32\IPHLPAPI.DLL
0x00007ff885bd0000 - 0x00007ff885c9c000 	C:\Windows\SYSTEM32\DNSAPI.dll
0x00007ff888a90000 - 0x00007ff888a98000 	C:\Windows\System32\NSI.dll
0x00007ff870dd0000 - 0x00007ff870de2000 	C:\Windows\System32\winrnr.dll
0x00007ff87cba0000 - 0x00007ff87cbaa000 	C:\Windows\System32\rasadhlp.dll
0x00007ff87d4d0000 - 0x00007ff87d54f000 	C:\Windows\System32\fwpuclnt.dll
0x00007ff886d90000 - 0x00007ff886db7000 	C:\Windows\System32\bcrypt.dll
0x00007ff886080000 - 0x00007ff886098000 	C:\Windows\SYSTEM32\CRYPTSP.dll
0x00007ff885840000 - 0x00007ff885874000 	C:\Windows\system32\rsaenh.dll
0x00007ff8865f0000 - 0x00007ff88661e000 	C:\Windows\SYSTEM32\USERENV.dll
0x00007ff886070000 - 0x00007ff88607c000 	C:\Windows\SYSTEM32\CRYPTBASE.dll
0x00007ff86b930000 - 0x00007ff86b939000 	C:\Users\EDITH\.vscode\extensions\redhat.java-1.41.1-win32-x64\jre\21.0.6-win32-x86_64\bin\extnet.dll
0x00007ff87c0e0000 - 0x00007ff87c0ee000 	C:\Users\EDITH\.vscode\extensions\redhat.java-1.41.1-win32-x64\jre\21.0.6-win32-x86_64\bin\sunmscapi.dll
0x00007ff886ef0000 - 0x00007ff88704f000 	C:\Windows\System32\CRYPT32.dll
0x00007ff8861a0000 - 0x00007ff8861c7000 	C:\Windows\SYSTEM32\ncrypt.dll
0x00007ff886160000 - 0x00007ff88619b000 	C:\Windows\SYSTEM32\NTASN1.dll
0x00007ff87a480000 - 0x00007ff87a490000 	C:\Users\EDITH\.vscode\extensions\redhat.java-1.41.1-win32-x64\jre\21.0.6-win32-x86_64\bin\verify.dll
0x00007ff86c8d0000 - 0x00007ff86c8d7000 	C:\Windows\system32\wshunix.dll

dbghelp: loaded successfully - version: 4.0.5 - missing functions: none
symbol engine: initialized successfully - sym options: 0x614 - pdb path: .;C:\Users\EDITH\.vscode\extensions\redhat.java-1.41.1-win32-x64\jre\21.0.6-win32-x86_64\bin;C:\Windows\SYSTEM32;C:\Windows\WinSxS\amd64_microsoft.windows.common-controls_6595b64144ccf1df_6.0.19041.844_none_ca00b6081b84eb1d;C:\Users\EDITH\.vscode\extensions\redhat.java-1.41.1-win32-x64\jre\21.0.6-win32-x86_64\bin\server

VM Arguments:
jvm_args: -XX:+ShowCodeDetailsInExceptionMessages -Dspring.jmx.enabled=true -Dmanagement.endpoints.jmx.exposure.include=* -Dspring.application.admin.enabled=true -Dspring.boot.project.name=school-library -Djava.rmi.server.hostname=localhost -Dcom.sun.management.jmxremote.port=45556 -Dcom.sun.management.jmxremote.authenticate=false -Dcom.sun.management.jmxremote.ssl=false 
java_command: com.sena.school_library.SchoolLibraryApplication
java_class_path (initial): C:\Users\EDITH\Desktop\Crud-java\Back-end\target\classes;C:\Users\EDITH\.m2\repository\org\springframework\boot\spring-boot-starter-actuator\3.4.4\spring-boot-starter-actuator-3.4.4.jar;C:\Users\EDITH\.m2\repository\org\springframework\boot\spring-boot-starter\3.4.4\spring-boot-starter-3.4.4.jar;C:\Users\EDITH\.m2\repository\org\springframework\boot\spring-boot-starter-logging\3.4.4\spring-boot-starter-logging-3.4.4.jar;C:\Users\EDITH\.m2\repository\ch\qos\logback\logback-classic\1.5.18\logback-classic-1.5.18.jar;C:\Users\EDITH\.m2\repository\ch\qos\logback\logback-core\1.5.18\logback-core-1.5.18.jar;C:\Users\EDITH\.m2\repository\org\apache\logging\log4j\log4j-to-slf4j\2.24.3\log4j-to-slf4j-2.24.3.jar;C:\Users\EDITH\.m2\repository\org\apache\logging\log4j\log4j-api\2.24.3\log4j-api-2.24.3.jar;C:\Users\EDITH\.m2\repository\org\slf4j\jul-to-slf4j\2.0.17\jul-to-slf4j-2.0.17.jar;C:\Users\EDITH\.m2\repository\jakarta\annotation\jakarta.annotation-api\2.1.1\jakarta.annotation-api-2.1.1.jar;C:\Users\EDITH\.m2\repository\org\yaml\snakeyaml\2.3\snakeyaml-2.3.jar;C:\Users\EDITH\.m2\repository\org\springframework\boot\spring-boot-actuator-autoconfigure\3.4.4\spring-boot-actuator-autoconfigure-3.4.4.jar;C:\Users\EDITH\.m2\repository\org\springframework\boot\spring-boot-actuator\3.4.4\spring-boot-actuator-3.4.4.jar;C:\Users\EDITH\.m2\repository\com\fasterxml\jackson\core\jackson-databind\2.18.3\jackson-databind-2.18.3.jar;C:\Users\EDITH\.m2\repository\com\fasterxml\jackson\core\jackson-annotations\2.18.3\jackson-annotations-2.18.3.jar;C:\Users\EDITH\.m2\repository\com\fasterxml\jackson\core\jackson-core\2.18.3\jackson-core-2.18.3.jar;C:\Users\EDITH\.m2\repository\com\fasterxml\jackson\datatype\jackson-datatype-jsr310\2.18.3\jackson-datatype-jsr310-2.18.3.jar;C:\Users\EDITH\.m2\repository\io\micrometer\micrometer-observation\1.14.5\micrometer-observation-1.14.5.jar;C:\Users\EDITH\.m2\repository\io\micrometer\micrometer-commons\1.14.5\micrometer-commons-1.14.5.jar;C:\Users\EDITH\.m2\repository\io\micrometer\micrometer-jakarta9\1.14.5\micrometer-jakarta9-1.14.5.jar;C:\Users\EDITH\.m2\repository\io\micrometer\micrometer-core\1.14.5\micrometer-core-1.14.5.jar;C:\Users\EDITH\.m2\repository\org\hdrhistogram\HdrHistogram\2.2.2\HdrHistogram-2.2.2.jar;C:\Users\EDITH\.m2\repository\org\latencyutils\LatencyUtils\2.0.3\LatencyUtils-2.0.3.jar;C:\Users\EDITH\.m2\repository\org\springframework\boot\spring-boot-starter-data-jpa\3.4.4\spring-boot-starter-data-jpa-3.4.4.jar;C:\Users\EDITH\.m2\repository\org\springframework\boot\spring-boot-starter-jdbc\3.4.4\spring-boot-starter-jdbc-3.4.4.jar;C:\Users\EDITH\.m2\repository\com\zaxxer\HikariCP\5.1.0\HikariCP-5.1.0.jar;C:\Users\EDITH\.m2\repository\org\springframework\spring-jdbc\6.2.5\spring-jdbc-6.2.5.jar;C:\Users\EDITH\.m2\repository\org\hibernate\orm\hibernate-core\6.6.11.Final\hibernate-core-6.6.11.Final.jar;C:\Users\EDITH\.m2\repository\jakarta\persistence\jakarta.persistence-api\3.1.0\jakarta.persistence-api-3.1.0.jar;C:\Users\EDITH\.m2\repository\jakarta\transaction\jakarta.transaction-api\2.0.1\jakarta.transaction-api-2.0.1.jar;C:\Users\EDITH\.m2\repository\org\jboss\logging\jboss-logging\3.6.1.Final\jboss-logging-3.6.1.Final.jar;C:\Users\EDITH\.m2\repository\org\hibernate\common\hibernate-commons-annotations\7.0.3.Final\hibernate-commons-annotations-7.0.3.Final.jar;C:\Users\EDITH\.m2\repository\io\smallrye\jandex\3.2.0\jandex-3.2.0.jar;C:\Users\EDITH\.m2\repository\com\fasterxml\classmate\1.7.0\classmate-1.7.0.jar;C:\Users\EDITH\.m2\repository\net\bytebuddy\byte-buddy\1.15.11\byte-buddy-1.15.11.jar;C:\Users\EDITH\.m2\repository\org\glassfish\jaxb\jaxb-runtime\4.0.5\jaxb-runtime-4.0.5.jar;C:\Users\EDITH\.m2\repository\org\glassfish\jaxb\jaxb-core\4.0.5\jaxb-core-4.0.5.jar;C:\Users\EDITH\.m2\repository\org\eclipse\angus\angus-activation\2.0.2\angus-activation-2.0.2.jar;C:\Users\EDITH\.m2\repository\org\glassfish\jaxb\txw2\4.0.5\txw2-4.0.5.jar;C:\Users\EDITH\.m2\repository\com\sun\istack\istack-commons-runtime\4.1.2\istack-commons-runtime-4.1.2.jar;C:\Users\EDITH\.m2\repository\jakarta\inject\jakarta.inject-api\2.0.1\jakarta.inject-api-2.0.1.jar;C:\Users\EDITH\.m2\repository\org\antlr\antlr4-runtime\4.13.0\antlr4-runtime-4.13.0.jar;C:\Users\EDITH\.m2\repository\org\springframework\data\spring-data-jpa\3.4.4\spring-data-jpa-3.4.4.jar;C:\Users\EDITH\.m2\repository\org\springframework\data\spring-data-commons\3.4.4\spring-data-commons-3.4.4.jar;C:\Users\EDITH\.m2\repository\org\springframework\spring-orm\6.2.5\spring-orm-6.2.5.jar;C:\Users\EDITH\.m2\repository\org\springframework\spring-context\6.2.5\spring-context-6.2.5.jar;C:\Users\EDITH\.m2\repository\org\springframework\spring-aop\6.2.5\spring-aop-6.2.5.jar;C:\Users\EDITH\.m2\repository\org\springframework\spring-tx\6.2.5\spring-tx-6.2.5.jar;C:\Users\EDITH\.m2\repository\org\springframework\spring-beans\6.2.5\spring-beans-6.2.5.jar;C:\Users\EDITH\.m2\repository\org\slf4j\slf4j-api\2.0.17\slf4j-api-2.0.17.jar;C:\Users\EDITH\.m2\repository\org\springframework\spring-aspects\6.2.5\spring-aspects-6.2.5.jar;C:\Users\EDITH\.m2\repository\org\aspectj\aspectjweaver\1.9.23\aspectjweaver-1.9.23.jar;C:\Users\EDITH\.m2\repository\org\springframework\boot\spring-boot-starter-web\3.4.4\spring-boot-starter-web-3.4.4.jar;C:\Users\EDITH\.m2\repository\org\springframework\boot\spring-boot-starter-json\3.4.4\spring-boot-starter-json-3.4.4.jar;C:\Users\EDITH\.m2\repository\com\fasterxml\jackson\datatype\jackson-datatype-jdk8\2.18.3\jackson-datatype-jdk8-2.18.3.jar;C:\Users\EDITH\.m2\repository\com\fasterxml\jackson\module\jackson-module-parameter-names\2.18.3\jackson-module-parameter-names-2.18.3.jar;C:\Users\EDITH\.m2\repository\org\springframework\boot\spring-boot-starter-tomcat\3.4.4\spring-boot-starter-tomcat-3.4.4.jar;C:\Users\EDITH\.m2\repository\org\apache\tomcat\embed\tomcat-embed-core\10.1.39\tomcat-embed-core-10.1.39.jar;C:\Users\EDITH\.m2\repository\org\apache\tomcat\embed\tomcat-embed-el\10.1.39\tomcat-embed-el-10.1.39.jar;C:\Users\EDITH\.m2\repository\org\apache\tomcat\embed\tomcat-embed-websocket\10.1.39\tomcat-embed-websocket-10.1.39.jar;C:\Users\EDITH\.m2\repository\org\springframework\spring-web\6.2.5\spring-web-6.2.5.jar;C:\Users\EDITH\.m2\repository\org\springframework\spring-webmvc\6.2.5\spring-webmvc-6.2.5.jar;C:\Users\EDITH\.m2\repository\org\springframework\spring-expression\6.2.5\spring-expression-6.2.5.jar;C:\Users\EDITH\.m2\repository\org\springframework\boot\spring-boot-devtools\3.4.4\spring-boot-devtools-3.4.4.jar;C:\Users\EDITH\.m2\repository\org\springframework\boot\spring-boot\3.4.4\spring-boot-3.4.4.jar;C:\Users\EDITH\.m2\repository\org\springframework\boot\spring-boot-autoconfigure\3.4.4\spring-boot-autoconfigure-3.4.4.jar;C:\Users\EDITH\.m2\repository\com\mysql\mysql-connector-j\9.1.0\mysql-connector-j-9.1.0.jar;C:\Users\EDITH\.m2\repository\jakarta\xml\bind\jakarta.xml.bind-api\4.0.2\jakarta.xml.bind-api-4.0.2.jar;C:\Users\EDITH\.m2\repository\jakarta\activation\jakarta.activation-api\2.1.3\jakarta.activation-api-2.1.3.jar;C:\Users\EDITH\.m2\repository\org\springframework\spring-core\6.2.5\spring-core-6.2.5.jar;C:\Users\EDITH\.m2\repository\org\springframework\spring-jcl\6.2.5\spring-jcl-6.2.5.jar
Launcher Type: SUN_STANDARD

[Global flags]
     intx CICompilerCount                          = 2                                         {product} {ergonomic}
     uint ConcGCThreads                            = 1                                         {product} {ergonomic}
     uint G1ConcRefinementThreads                  = 2                                         {product} {ergonomic}
   size_t G1HeapRegionSize                         = 1048576                                   {product} {ergonomic}
    uintx GCDrainStackTargetSize                   = 64                                        {product} {ergonomic}
   size_t InitialHeapSize                          = 134217728                                 {product} {ergonomic}
     bool ManagementServer                         = true                                      {product} {command line}
   size_t MarkStackSize                            = 4194304                                   {product} {ergonomic}
   size_t MaxHeapSize                              = 2116026368                                {product} {ergonomic}
   size_t MaxNewSize                               = 1268776960                                {product} {ergonomic}
   size_t MinHeapDeltaBytes                        = 1048576                                   {product} {ergonomic}
   size_t MinHeapSize                              = 8388608                                   {product} {ergonomic}
    uintx NonNMethodCodeHeapSize                   = 5826188                                {pd product} {ergonomic}
    uintx NonProfiledCodeHeapSize                  = 122916026                              {pd product} {ergonomic}
    uintx ProfiledCodeHeapSize                     = 122916026                              {pd product} {ergonomic}
    uintx ReservedCodeCacheSize                    = 251658240                              {pd product} {ergonomic}
     bool SegmentedCodeCache                       = true                                      {product} {ergonomic}
     bool ShowCodeDetailsInExceptionMessages       = true                                   {manageable} {command line}
   size_t SoftMaxHeapSize                          = 2116026368                             {manageable} {ergonomic}
     bool UseCompressedOops                        = true                           {product lp64_product} {ergonomic}
     bool UseG1GC                                  = true                                      {product} {ergonomic}
     bool UseLargePagesIndividualAllocation        = false                                  {pd product} {ergonomic}

Logging:
Log output configuration:
 #0: stdout all=warning uptime,level,tags foldmultilines=false
 #1: stderr all=off uptime,level,tags foldmultilines=false

Environment Variables:
PATH=C:\Ruby31-x64\bin;C:\Program Files\Common Files\Oracle\Java\javapath;C:\Program Files (x86)\Common Files\Oracle\Java\java8path;C:\Program Files (x86)\Common Files\Oracle\Java\javapath;C:\Windows\system32;C:\Windows;C:\Windows\System32\Wbem;C:\Windows\System32\WindowsPowerShell\v1.0\;C:\Windows\System32\OpenSSH\;C:\Program Files (x86)\HP\Common\HPDestPlgIn\;C:\Users\EDITH\AppData\Local\nvm;C:\nvm4w\nodejs;C:\Program Files\nodejs\;C:\Program Files\Microsoft SQL Server\150\Tools\Binn\;C:\Program Files\Microsoft SQL Server\Client SDK\ODBC\170\Tools\Binn\;C:\Program Files\dotnet\;C:\Program Files (x86)\Microsoft SQL Server\160\Tools\Binn\;C:\Program Files\Microsoft SQL Server\160\Tools\Binn\;C:\Program Files\Microsoft SQL Server\160\DTS\Binn\;C:\Program Files (x86)\Microsoft SQL Server\160\DTS\Binn\;C:\Program Files\Git\cmd;C:\Users\EDITH\AppData\Local\Microsoft\WindowsApps;C:\Program Files (x86)\HP\Common\HPDestPlgIn\;C:\Users\EDITH\AppData\Local\nvm;C:\nvm4w\nodejs;C:\Users\EDITH\AppData\Roaming\npm;C:\Users\EDITH\AppData\Local\Programs\Microsoft VS Code\bin;C:\Users\EDITH\.dotnet\tools
USERNAME=EDITH
SHELL=C:\Program Files\Git\usr\bin\bash.exe
DISPLAY=needs-to-be-defined
LANG=en_US.UTF-8
LC_CTYPE=es_ES.UTF-8
TERM=xterm
TMPDIR=C:\Users\EDITH\AppData\Local\Temp
OS=Windows_NT
PROCESSOR_IDENTIFIER=Intel64 Family 6 Model 58 Stepping 9, GenuineIntel
TMP=C:\Users\EDITH\AppData\Local\Temp
TEMP=C:\Users\EDITH\AppData\Local\Temp




Periodic native trim disabled

---------------  S Y S T E M  ---------------

OS:
 Windows 10 , 64 bit Build 19041 (10.0.19041.928)
OS uptime: 0 days 5:21 hours

CPU: total 2 (initial active 2) (2 cores per cpu, 1 threads per core) family 6 model 58 stepping 9 microcode 0x21, cx8, cmov, fxsr, mmx, sse, sse2, sse3, ssse3, sse4.1, sse4.2, popcnt, tsc, tscinvbit, erms, clmul, clflush, rdtscp
Processor Information for the first 2 processors :
  Max Mhz: 2600, Current Mhz: 2600, Mhz Limit: 2600

Memory: 4k page, system-wide physical 8068M (2189M free)
TotalPageFile size 8068M (AvailPageFile size 373M)
current process WorkingSet (physical memory assigned to process): 373M, peak: 385M
current process commit charge ("private bytes"): 394M, peak: 407M

vm_info: OpenJDK 64-Bit Server VM (21.0.6+7-LTS) for windows-amd64 JRE (21.0.6+7-LTS), built on 2025-01-21T00:00:00Z by "admin" with MS VC++ 17.7 (VS2022)

END.
