#
# There is insufficient memory for the Java Runtime Environment to continue.
# Native memory allocation (mmap) failed to map 287309824 bytes. Error detail: G1 virtual space
# Possible reasons:
#   The system is out of physical RAM or swap space
#   This process is running with CompressedOops enabled, and the Java Heap may be blocking the growth of the native heap
# Possible solutions:
#   Reduce memory load on the system
#   Increase physical memory or swap space
#   Check if swap backing store is full
#   Decrease Java heap size (-Xmx/-Xms)
#   Decrease number of Java threads
#   Decrease Java thread stack sizes (-Xss)
#   Set larger code cache with -XX:ReservedCodeCacheSize=
#   JVM is running with Unscaled Compressed Oops mode in which the Java heap is
#     placed in the first 4GB address space. The Java Heap base address is the
#     maximum limit for the native heap growth. Please use -XX:HeapBaseMinAddress
#     to set the Java Heap base and to place the Java Heap above 4GB virtual address.
# This output file may be truncated or incomplete.
#
#  Out of Memory Error (os_windows.cpp:3686), pid=5444, tid=10992
#
# JRE version: OpenJDK Runtime Environment Temurin-21.0.6+7 (21.0.6+7) (build 21.0.6+7-LTS)
# Java VM: OpenJDK 64-Bit Server VM Temurin-21.0.6+7 (21.0.6+7-LTS, mixed mode, sharing, tiered, compressed oops, compressed class ptrs, g1 gc, windows-amd64)
# No core dump will be written. Minidumps are not enabled by default on client versions of Windows
#

---------------  S U M M A R Y ------------

Command Line: -XX:+ShowCodeDetailsInExceptionMessages -Dspring.jmx.enabled=true -Dmanagement.endpoints.jmx.exposure.include=* -Dspring.application.admin.enabled=true -Dspring.boot.project.name=school-library -Djava.rmi.server.hostname=localhost -Dcom.sun.management.jmxremote.port=45556 -Dcom.sun.management.jmxremote.authenticate=false -Dcom.sun.management.jmxremote.ssl=false com.sena.school_library.SchoolLibraryApplication

Host: Intel(R) Celeron(R) CPU G1610 @ 2.60GHz, 2 cores, 7G,  Windows 10 , 64 bit Build 19041 (10.0.19041.928)
Time: Fri Mar 28 09:41:18 2025 Hora est. Pacífico, Sudamérica elapsed time: 948.549460 seconds (0d 0h 15m 48s)

---------------  T H R E A D  ---------------

Current thread (0x000002177a790cc0):  VMThread "VM Thread"          [id=10992, stack(0x000000fd38300000,0x000000fd38400000) (1024K)]

Stack: [0x000000fd38300000,0x000000fd38400000]
Native frames: (J=compiled Java code, j=interpreted, Vv=VM code, C=native code)
V  [jvm.dll+0x6cdee9]
V  [jvm.dll+0x8a83d1]
V  [jvm.dll+0x8aa8fe]
V  [jvm.dll+0x8aafe3]
V  [jvm.dll+0x27f706]
V  [jvm.dll+0x6ca755]
V  [jvm.dll+0x6bea3a]
V  [jvm.dll+0x355d6a]
V  [jvm.dll+0x35d936]
V  [jvm.dll+0x3af58e]
V  [jvm.dll+0x3af838]
V  [jvm.dll+0x329efc]
V  [jvm.dll+0x329f87]
V  [jvm.dll+0x36dd4c]
V  [jvm.dll+0x36c598]
V  [jvm.dll+0x3296c1]
V  [jvm.dll+0x36bc0a]
V  [jvm.dll+0x8b0cff]
V  [jvm.dll+0x8b2084]
V  [jvm.dll+0x8b25c0]
V  [jvm.dll+0x8b2863]
V  [jvm.dll+0x851f8b]
V  [jvm.dll+0x6cc5ed]
C  [ucrtbase.dll+0x21bb2]
C  [KERNEL32.DLL+0x17034]
C  [ntdll.dll+0x52651]

VM_Operation (0x000000fd3a2fe530): G1CollectForAllocation, mode: safepoint, requested by thread 0x00000217429c5700


---------------  P R O C E S S  ---------------

Threads class SMR info:
_java_thread_list=0x0000021744cd4000, length=39, elements={
0x000002177a7ae750, 0x000002177a7b0670, 0x000002177a7b4240, 0x000002177a7b4c90,
0x000002177a7b56e0, 0x000002177a7b6130, 0x000002177a7b6eb0, 0x000002177a81e2e0,
0x000002177a8a0140, 0x000002177aa32ab0, 0x000002177f1fc820, 0x000002177f3d0ea0,
0x000002177f3d2200, 0x00000217420f5720, 0x00000217420f6440, 0x00000217420f8510,
0x0000021741cbed50, 0x0000021741cc0100, 0x00000217429cac50, 0x00000217420f7160,
0x00000217420f8ba0, 0x00000217420f5db0, 0x00000217420f6ad0, 0x00000217420f77f0,
0x00000217420f7e80, 0x00000217429cb970, 0x00000217429c5070, 0x00000217429ca5c0,
0x00000217429c6420, 0x00000217429c98a0, 0x00000217429c49e0, 0x00000217429c9210,
0x00000217429c5700, 0x00000217429c6ab0, 0x00000217429c7140, 0x00000217429c7e60,
0x00000217429c84f0, 0x00000217429c8b80, 0x0000021741cbf3e0
}

Java Threads: ( => current thread )
  0x000002177a7ae750 JavaThread "Reference Handler"          daemon [_thread_blocked, id=10592, stack(0x000000fd38400000,0x000000fd38500000) (1024K)]
  0x000002177a7b0670 JavaThread "Finalizer"                  daemon [_thread_blocked, id=6928, stack(0x000000fd38500000,0x000000fd38600000) (1024K)]
  0x000002177a7b4240 JavaThread "Signal Dispatcher"          daemon [_thread_blocked, id=9468, stack(0x000000fd38600000,0x000000fd38700000) (1024K)]
  0x000002177a7b4c90 JavaThread "Attach Listener"            daemon [_thread_blocked, id=9008, stack(0x000000fd38700000,0x000000fd38800000) (1024K)]
  0x000002177a7b56e0 JavaThread "Service Thread"             daemon [_thread_blocked, id=4240, stack(0x000000fd38800000,0x000000fd38900000) (1024K)]
  0x000002177a7b6130 JavaThread "Monitor Deflation Thread"   daemon [_thread_blocked, id=11340, stack(0x000000fd38900000,0x000000fd38a00000) (1024K)]
  0x000002177a7b6eb0 JavaThread "C2 CompilerThread0"         daemon [_thread_blocked, id=4524, stack(0x000000fd38a00000,0x000000fd38b00000) (1024K)]
  0x000002177a81e2e0 JavaThread "C1 CompilerThread0"         daemon [_thread_blocked, id=432, stack(0x000000fd38b00000,0x000000fd38c00000) (1024K)]
  0x000002177a8a0140 JavaThread "Common-Cleaner"             daemon [_thread_blocked, id=9312, stack(0x000000fd38c00000,0x000000fd38d00000) (1024K)]
  0x000002177aa32ab0 JavaThread "Notification Thread"        daemon [_thread_blocked, id=2488, stack(0x000000fd38d00000,0x000000fd38e00000) (1024K)]
  0x000002177f1fc820 JavaThread "RMI TCP Accept-0"           daemon [_thread_in_native, id=1804, stack(0x000000fd38f00000,0x000000fd39000000) (1024K)]
  0x000002177f3d0ea0 JavaThread "RMI TCP Accept-45556"       daemon [_thread_in_native, id=6020, stack(0x000000fd39000000,0x000000fd39100000) (1024K)]
  0x000002177f3d2200 JavaThread "RMI TCP Accept-0"           daemon [_thread_in_native, id=688, stack(0x000000fd39100000,0x000000fd39200000) (1024K)]
  0x00000217420f5720 JavaThread "RMI Scheduler(0)"           daemon [_thread_blocked, id=11296, stack(0x000000fd39700000,0x000000fd39800000) (1024K)]
  0x00000217420f6440 JavaThread "JMX server connection timeout 32" daemon [_thread_blocked, id=2032, stack(0x000000fd39800000,0x000000fd39900000) (1024K)]
  0x00000217420f8510 JavaThread "mysql-cj-abandoned-connection-cleanup" daemon [_thread_blocked, id=8148, stack(0x000000fd39b00000,0x000000fd39c00000) (1024K)]
  0x0000021741cbed50 JavaThread "RMI TCP Connection(3)-127.0.0.1" daemon [_thread_in_native, id=5668, stack(0x000000fd39c00000,0x000000fd39d00000) (1024K)]
  0x0000021741cc0100 JavaThread "Live Reload Server"         daemon [_thread_in_native, id=11632, stack(0x000000fd3a300000,0x000000fd3a400000) (1024K)]
  0x00000217429cac50 JavaThread "DestroyJavaVM"                     [_thread_blocked, id=492, stack(0x000000fd37b00000,0x000000fd37c00000) (1024K)]
  0x00000217420f7160 JavaThread "Thread-123"                        [_thread_blocked, id=6884, stack(0x000000fd37a00000,0x000000fd37b00000) (1024K)]
  0x00000217420f8ba0 JavaThread "restartedMain"                     [_thread_blocked, id=10744, stack(0x000000fd39200000,0x000000fd39300000) (1024K)]
  0x00000217420f5db0 JavaThread "Catalina-utility-1"                [_thread_blocked, id=10312, stack(0x000000fd37c00000,0x000000fd37d00000) (1024K)]
  0x00000217420f6ad0 JavaThread "Catalina-utility-2"                [_thread_blocked, id=7300, stack(0x000000fd39300000,0x000000fd39400000) (1024K)]
  0x00000217420f77f0 JavaThread "container-0"                       [_thread_blocked, id=11904, stack(0x000000fd39400000,0x000000fd39500000) (1024K)]
  0x00000217420f7e80 JavaThread "HikariPool-32 housekeeper"  daemon [_thread_blocked, id=9084, stack(0x000000fd39500000,0x000000fd39600000) (1024K)]
  0x00000217429cb970 JavaThread "HikariPool-32 connection adder" daemon [_thread_blocked, id=9396, stack(0x000000fd39900000,0x000000fd39a00000) (1024K)]
  0x00000217429c5070 JavaThread "File Watcher"               daemon [_thread_blocked, id=12160, stack(0x000000fd39a00000,0x000000fd39b00000) (1024K)]
  0x00000217429ca5c0 JavaThread "http-nio-8080-exec-1"       daemon [_thread_blocked, id=236, stack(0x000000fd39d00000,0x000000fd39e00000) (1024K)]
  0x00000217429c6420 JavaThread "http-nio-8080-exec-2"       daemon [_thread_blocked, id=5280, stack(0x000000fd39e00000,0x000000fd39f00000) (1024K)]
  0x00000217429c98a0 JavaThread "http-nio-8080-exec-3"       daemon [_thread_blocked, id=11004, stack(0x000000fd39f00000,0x000000fd3a000000) (1024K)]
  0x00000217429c49e0 JavaThread "http-nio-8080-exec-4"       daemon [_thread_blocked, id=10360, stack(0x000000fd3a000000,0x000000fd3a100000) (1024K)]
  0x00000217429c9210 JavaThread "http-nio-8080-exec-5"       daemon [_thread_blocked, id=3120, stack(0x000000fd3a100000,0x000000fd3a200000) (1024K)]
  0x00000217429c5700 JavaThread "http-nio-8080-exec-6"       daemon [_thread_blocked, id=5956, stack(0x000000fd3a200000,0x000000fd3a300000) (1024K)]
  0x00000217429c6ab0 JavaThread "http-nio-8080-exec-7"       daemon [_thread_blocked, id=6640, stack(0x000000fd3a400000,0x000000fd3a500000) (1024K)]
  0x00000217429c7140 JavaThread "http-nio-8080-exec-8"       daemon [_thread_blocked, id=6128, stack(0x000000fd3a500000,0x000000fd3a600000) (1024K)]
  0x00000217429c7e60 JavaThread "http-nio-8080-exec-9"       daemon [_thread_blocked, id=7948, stack(0x000000fd3a600000,0x000000fd3a700000) (1024K)]
  0x00000217429c84f0 JavaThread "http-nio-8080-exec-10"      daemon [_thread_blocked, id=11392, stack(0x000000fd3a700000,0x000000fd3a800000) (1024K)]
  0x00000217429c8b80 JavaThread "http-nio-8080-Poller"       daemon [_thread_blocked, id=9500, stack(0x000000fd3a800000,0x000000fd3a900000) (1024K)]
  0x0000021741cbf3e0 JavaThread "http-nio-8080-Acceptor"     daemon [_thread_blocked, id=3568, stack(0x000000fd3a900000,0x000000fd3aa00000) (1024K)]
Total: 39

Other Threads:
=>0x000002177a790cc0 VMThread "VM Thread"                           [id=10992, stack(0x000000fd38300000,0x000000fd38400000) (1024K)]
  0x000002177a7808e0 WatcherThread "VM Periodic Task Thread"        [id=6672, stack(0x000000fd38200000,0x000000fd38300000) (1024K)]
  0x0000021763ce8460 WorkerThread "GC Thread#0"                     [id=7632, stack(0x000000fd37d00000,0x000000fd37e00000) (1024K)]
  0x000002177a791400 WorkerThread "GC Thread#1"                     [id=11820, stack(0x000000fd38e00000,0x000000fd38f00000) (1024K)]
  0x0000021763cf9140 ConcurrentGCThread "G1 Main Marker"            [id=6356, stack(0x000000fd37e00000,0x000000fd37f00000) (1024K)]
  0x0000021763cfa4a0 WorkerThread "G1 Conc#0"                       [id=1660, stack(0x000000fd37f00000,0x000000fd38000000) (1024K)]
  0x000002177a6420c0 ConcurrentGCThread "G1 Refine#0"               [id=5072, stack(0x000000fd38000000,0x000000fd38100000) (1024K)]
  0x000002177a643bd0 ConcurrentGCThread "G1 Service"                [id=10584, stack(0x000000fd38100000,0x000000fd38200000) (1024K)]
Total: 8

Threads with active compile tasks:
Total: 0

VM state: at safepoint (normal execution)

VM Mutex/Monitor currently owned by a thread:  ([mutex/lock_event])
[0x00007ff9dbdae380] Threads_lock - owner thread: 0x000002177a790cc0
[0x00007ff9dbdae480] Heap_lock - owner thread: 0x00000217429c5700

Heap address: 0x0000000081e00000, size: 2018 MB, Compressed Oops mode: 32-bit

CDS archive(s) mapped at: [0x0000021700000000-0x0000021700ba0000-0x0000021700ba0000), size 12189696, SharedBaseAddress: 0x0000021700000000, ArchiveRelocationMode: 1.
Compressed class space mapped at: 0x0000021701000000-0x0000021741000000, reserved size: 1073741824
Narrow klass base: 0x0000021700000000, Narrow klass shift: 0, Narrow klass range: 0x100000000

GC Precious Log:
 CardTable entry size: 512
 Card Set container configuration: InlinePtr #cards 5 size 8 Array Of Cards #cards 12 size 40 Howl #buckets 4 coarsen threshold 1843 Howl Bitmap #cards 512 size 80 coarsen threshold 460 Card regions per heap region 1 cards per card region 2048
 CPUs: 2 total, 2 available
 Memory: 8068M
 Large Page Support: Disabled
 NUMA Support: Disabled
 Compressed Oops: Enabled (32-bit)
 Heap Region Size: 1M
 Heap Min Capacity: 8M
 Heap Initial Capacity: 128M
 Heap Max Capacity: 2018M
 Pre-touch: Disabled
 Parallel Workers: 2
 Concurrent Workers: 1
 Concurrent Refinement Workers: 2
 Periodic GC: Disabled

Heap:
 garbage-first heap   total 280576K, used 126615K [0x0000000081e00000, 0x0000000100000000)
  region size 1024K, 7 young (7168K), 7 survivors (7168K)
 Metaspace       used 77242K, committed 78656K, reserved 1179648K
  class space    used 9544K, committed 10112K, reserved 1048576K

Heap Regions: E=young(eden), S=young(survivor), O=old, HS=humongous(starts), HC=humongous(continues), CS=collection set, F=free, TAMS=top-at-mark-start, PB=parsable bottom
|   0|0x0000000081e00000, 0x0000000081f00000, 0x0000000081f00000|100%|HS|  |TAMS 0x0000000081f00000| PB 0x0000000081e00000| Untracked 
|   1|0x0000000081f00000, 0x0000000082000000, 0x0000000082000000|100%|HS|  |TAMS 0x0000000082000000| PB 0x0000000081f00000| Untracked 
|   2|0x0000000082000000, 0x0000000082100000, 0x0000000082100000|100%| O|  |TAMS 0x0000000082100000| PB 0x0000000082000000| Untracked 
|   3|0x0000000082100000, 0x00000000821fffb8, 0x0000000082200000| 99%| O|  |TAMS 0x00000000821fffb8| PB 0x0000000082100000| Untracked 
|   4|0x0000000082200000, 0x0000000082300000, 0x0000000082300000|100%| O|  |TAMS 0x0000000082300000| PB 0x0000000082200000| Untracked 
|   5|0x0000000082300000, 0x00000000823ffff8, 0x0000000082400000| 99%| O|  |TAMS 0x00000000823ffff8| PB 0x0000000082300000| Untracked 
|   6|0x0000000082400000, 0x00000000824ffff8, 0x0000000082500000| 99%| O|  |TAMS 0x00000000824ffff8| PB 0x0000000082400000| Untracked 
|   7|0x0000000082500000, 0x0000000082600000, 0x0000000082600000|100%| O|  |TAMS 0x0000000082600000| PB 0x0000000082500000| Untracked 
|   8|0x0000000082600000, 0x00000000826fffc0, 0x0000000082700000| 99%| O|  |TAMS 0x00000000826fffc0| PB 0x0000000082600000| Untracked 
|   9|0x0000000082700000, 0x00000000827ffff0, 0x0000000082800000| 99%| O|  |TAMS 0x00000000827ffff0| PB 0x0000000082700000| Untracked 
|  10|0x0000000082800000, 0x00000000828fffe8, 0x0000000082900000| 99%| O|  |TAMS 0x00000000828fffe8| PB 0x0000000082800000| Untracked 
|  11|0x0000000082900000, 0x0000000082a00000, 0x0000000082a00000|100%| O|  |TAMS 0x0000000082a00000| PB 0x0000000082900000| Untracked 
|  12|0x0000000082a00000, 0x0000000082affff8, 0x0000000082b00000| 99%| O|  |TAMS 0x0000000082affff8| PB 0x0000000082a00000| Untracked 
|  13|0x0000000082b00000, 0x0000000082bfcb70, 0x0000000082c00000| 98%| O|  |TAMS 0x0000000082bfcb70| PB 0x0000000082b00000| Untracked 
|  14|0x0000000082c00000, 0x0000000082cffff8, 0x0000000082d00000| 99%| O|  |TAMS 0x0000000082cffff8| PB 0x0000000082c00000| Untracked 
|  15|0x0000000082d00000, 0x0000000082e00000, 0x0000000082e00000|100%| O|  |TAMS 0x0000000082e00000| PB 0x0000000082d00000| Untracked 
|  16|0x0000000082e00000, 0x0000000082efffd8, 0x0000000082f00000| 99%| O|  |TAMS 0x0000000082efffd8| PB 0x0000000082e00000| Untracked 
|  17|0x0000000082f00000, 0x0000000082fffa90, 0x0000000083000000| 99%| O|  |TAMS 0x0000000082fffa90| PB 0x0000000082f00000| Untracked 
|  18|0x0000000083000000, 0x00000000830fffd8, 0x0000000083100000| 99%| O|  |TAMS 0x00000000830fffd8| PB 0x0000000083000000| Untracked 
|  19|0x0000000083100000, 0x00000000831ffff0, 0x0000000083200000| 99%| O|  |TAMS 0x00000000831ffff0| PB 0x0000000083100000| Untracked 
|  20|0x0000000083200000, 0x00000000832ffff8, 0x0000000083300000| 99%| O|  |TAMS 0x00000000832ffff8| PB 0x0000000083200000| Untracked 
|  21|0x0000000083300000, 0x00000000833fffc8, 0x0000000083400000| 99%| O|  |TAMS 0x00000000833fffc8| PB 0x0000000083300000| Untracked 
|  22|0x0000000083400000, 0x0000000083500000, 0x0000000083500000|100%| O|  |TAMS 0x0000000083500000| PB 0x0000000083400000| Untracked 
|  23|0x0000000083500000, 0x00000000835fffb8, 0x0000000083600000| 99%| O|  |TAMS 0x00000000835fffb8| PB 0x0000000083500000| Untracked 
|  24|0x0000000083600000, 0x00000000836fffe8, 0x0000000083700000| 99%| O|  |TAMS 0x00000000836fffe8| PB 0x0000000083600000| Untracked 
|  25|0x0000000083700000, 0x00000000837fffe8, 0x0000000083800000| 99%| O|  |TAMS 0x00000000837fffe8| PB 0x0000000083700000| Untracked 
|  26|0x0000000083800000, 0x00000000838fffd0, 0x0000000083900000| 99%| O|  |TAMS 0x00000000838fffd0| PB 0x0000000083800000| Untracked 
|  27|0x0000000083900000, 0x0000000083a00000, 0x0000000083a00000|100%| O|  |TAMS 0x0000000083a00000| PB 0x0000000083900000| Untracked 
|  28|0x0000000083a00000, 0x0000000083afffe0, 0x0000000083b00000| 99%| O|  |TAMS 0x0000000083afffe0| PB 0x0000000083a00000| Untracked 
|  29|0x0000000083b00000, 0x0000000083bffff0, 0x0000000083c00000| 99%| O|  |TAMS 0x0000000083bffff0| PB 0x0000000083b00000| Untracked 
|  30|0x0000000083c00000, 0x0000000083cfffe0, 0x0000000083d00000| 99%| O|  |TAMS 0x0000000083cfffe0| PB 0x0000000083c00000| Untracked 
|  31|0x0000000083d00000, 0x0000000083dfffe0, 0x0000000083e00000| 99%| O|  |TAMS 0x0000000083dfffe0| PB 0x0000000083d00000| Untracked 
|  32|0x0000000083e00000, 0x0000000083f00000, 0x0000000083f00000|100%| O|  |TAMS 0x0000000083f00000| PB 0x0000000083e00000| Untracked 
|  33|0x0000000083f00000, 0x0000000083ffffb0, 0x0000000084000000| 99%| O|  |TAMS 0x0000000083ffffb0| PB 0x0000000083f00000| Untracked 
|  34|0x0000000084000000, 0x00000000840ffff0, 0x0000000084100000| 99%| O|  |TAMS 0x00000000840ffff0| PB 0x0000000084000000| Untracked 
|  35|0x0000000084100000, 0x00000000841ffff8, 0x0000000084200000| 99%| O|  |TAMS 0x00000000841ffff8| PB 0x0000000084100000| Untracked 
|  36|0x0000000084200000, 0x00000000842ffff8, 0x0000000084300000| 99%| O|  |TAMS 0x00000000842ffff8| PB 0x0000000084200000| Untracked 
|  37|0x0000000084300000, 0x0000000084400000, 0x0000000084400000|100%| O|  |TAMS 0x0000000084400000| PB 0x0000000084300000| Untracked 
|  38|0x0000000084400000, 0x00000000844fffd8, 0x0000000084500000| 99%| O|  |TAMS 0x00000000844fffd8| PB 0x0000000084400000| Untracked 
|  39|0x0000000084500000, 0x0000000084600000, 0x0000000084600000|100%| O|  |TAMS 0x0000000084600000| PB 0x0000000084500000| Untracked 
|  40|0x0000000084600000, 0x0000000084700000, 0x0000000084700000|100%| O|  |TAMS 0x0000000084700000| PB 0x0000000084600000| Untracked 
|  41|0x0000000084700000, 0x00000000847ffff0, 0x0000000084800000| 99%| O|  |TAMS 0x00000000847ffff0| PB 0x0000000084700000| Untracked 
|  42|0x0000000084800000, 0x0000000084900000, 0x0000000084900000|100%| O|  |TAMS 0x0000000084900000| PB 0x0000000084800000| Untracked 
|  43|0x0000000084900000, 0x00000000849ffff8, 0x0000000084a00000| 99%| O|  |TAMS 0x00000000849ffff8| PB 0x0000000084900000| Untracked 
|  44|0x0000000084a00000, 0x0000000084b00000, 0x0000000084b00000|100%| O|  |TAMS 0x0000000084b00000| PB 0x0000000084a00000| Untracked 
|  45|0x0000000084b00000, 0x0000000084bfffc8, 0x0000000084c00000| 99%| O|  |TAMS 0x0000000084bfffc8| PB 0x0000000084b00000| Untracked 
|  46|0x0000000084c00000, 0x0000000084cfffe8, 0x0000000084d00000| 99%| O|  |TAMS 0x0000000084cfffe8| PB 0x0000000084c00000| Untracked 
|  47|0x0000000084d00000, 0x0000000084dfffd8, 0x0000000084e00000| 99%| O|  |TAMS 0x0000000084dfffd8| PB 0x0000000084d00000| Untracked 
|  48|0x0000000084e00000, 0x0000000084effff8, 0x0000000084f00000| 99%| O|  |TAMS 0x0000000084effff8| PB 0x0000000084e00000| Untracked 
|  49|0x0000000084f00000, 0x0000000084ffffe0, 0x0000000085000000| 99%| O|  |TAMS 0x0000000084ffffe0| PB 0x0000000084f00000| Untracked 
|  50|0x0000000085000000, 0x00000000850fedf8, 0x0000000085100000| 99%| O|  |TAMS 0x00000000850fedf8| PB 0x0000000085000000| Untracked 
|  51|0x0000000085100000, 0x00000000851fffe8, 0x0000000085200000| 99%| O|  |TAMS 0x00000000851fffe8| PB 0x0000000085100000| Untracked 
|  52|0x0000000085200000, 0x00000000852ffff8, 0x0000000085300000| 99%| O|  |TAMS 0x00000000852ffff8| PB 0x0000000085200000| Untracked 
|  53|0x0000000085300000, 0x0000000085400000, 0x0000000085400000|100%| O|  |TAMS 0x0000000085400000| PB 0x0000000085300000| Untracked 
|  54|0x0000000085400000, 0x00000000854fffd8, 0x0000000085500000| 99%| O|  |TAMS 0x00000000854fffd8| PB 0x0000000085400000| Untracked 
|  55|0x0000000085500000, 0x00000000855ffff0, 0x0000000085600000| 99%| O|  |TAMS 0x00000000855ffff0| PB 0x0000000085500000| Untracked 
|  56|0x0000000085600000, 0x00000000856fffe8, 0x0000000085700000| 99%| O|  |TAMS 0x00000000856fffe8| PB 0x0000000085600000| Untracked 
|  57|0x0000000085700000, 0x00000000857ffff8, 0x0000000085800000| 99%| O|  |TAMS 0x00000000857ffff8| PB 0x0000000085700000| Untracked 
|  58|0x0000000085800000, 0x00000000858fffe0, 0x0000000085900000| 99%| O|  |TAMS 0x00000000858fffe0| PB 0x0000000085800000| Untracked 
|  59|0x0000000085900000, 0x00000000859fff48, 0x0000000085a00000| 99%| O|  |TAMS 0x00000000859fff48| PB 0x0000000085900000| Untracked 
|  60|0x0000000085a00000, 0x0000000085b00000, 0x0000000085b00000|100%| O|  |TAMS 0x0000000085b00000| PB 0x0000000085a00000| Untracked 
|  61|0x0000000085b00000, 0x0000000085bfffb8, 0x0000000085c00000| 99%| O|  |TAMS 0x0000000085bfffb8| PB 0x0000000085b00000| Untracked 
|  62|0x0000000085c00000, 0x0000000085cffff0, 0x0000000085d00000| 99%| O|  |TAMS 0x0000000085cffff0| PB 0x0000000085c00000| Untracked 
|  63|0x0000000085d00000, 0x0000000085e00000, 0x0000000085e00000|100%| O|  |TAMS 0x0000000085e00000| PB 0x0000000085d00000| Untracked 
|  64|0x0000000085e00000, 0x0000000085effff0, 0x0000000085f00000| 99%| O|  |TAMS 0x0000000085effff0| PB 0x0000000085e00000| Untracked 
|  65|0x0000000085f00000, 0x0000000086000000, 0x0000000086000000|100%| O|  |TAMS 0x0000000086000000| PB 0x0000000085f00000| Untracked 
|  66|0x0000000086000000, 0x0000000086100000, 0x0000000086100000|100%| O|  |TAMS 0x0000000086100000| PB 0x0000000086000000| Untracked 
|  67|0x0000000086100000, 0x00000000861ffff0, 0x0000000086200000| 99%| O|  |TAMS 0x00000000861ffff0| PB 0x0000000086100000| Untracked 
|  68|0x0000000086200000, 0x0000000086300000, 0x0000000086300000|100%| O|  |TAMS 0x0000000086300000| PB 0x0000000086200000| Untracked 
|  69|0x0000000086300000, 0x00000000863fffe8, 0x0000000086400000| 99%| O|  |TAMS 0x00000000863fffe8| PB 0x0000000086300000| Untracked 
|  70|0x0000000086400000, 0x00000000864ffff8, 0x0000000086500000| 99%| O|  |TAMS 0x00000000864ffff8| PB 0x0000000086400000| Untracked 
|  71|0x0000000086500000, 0x0000000086600000, 0x0000000086600000|100%| O|  |TAMS 0x0000000086600000| PB 0x0000000086500000| Untracked 
|  72|0x0000000086600000, 0x0000000086700000, 0x0000000086700000|100%| O|  |TAMS 0x0000000086700000| PB 0x0000000086600000| Untracked 
|  73|0x0000000086700000, 0x00000000867fffe8, 0x0000000086800000| 99%| O|  |TAMS 0x00000000867fffe8| PB 0x0000000086700000| Untracked 
|  74|0x0000000086800000, 0x00000000868fff90, 0x0000000086900000| 99%| O|  |TAMS 0x00000000868fff90| PB 0x0000000086800000| Untracked 
|  75|0x0000000086900000, 0x00000000869ffff0, 0x0000000086a00000| 99%| O|  |TAMS 0x00000000869ffff0| PB 0x0000000086900000| Untracked 
|  76|0x0000000086a00000, 0x0000000086afffd0, 0x0000000086b00000| 99%| O|  |TAMS 0x0000000086afffd0| PB 0x0000000086a00000| Untracked 
|  77|0x0000000086b00000, 0x0000000086c00000, 0x0000000086c00000|100%| O|  |TAMS 0x0000000086c00000| PB 0x0000000086b00000| Untracked 
|  78|0x0000000086c00000, 0x0000000086cfffd8, 0x0000000086d00000| 99%| O|  |TAMS 0x0000000086cfffd8| PB 0x0000000086c00000| Untracked 
|  79|0x0000000086d00000, 0x0000000086dffff0, 0x0000000086e00000| 99%| O|  |TAMS 0x0000000086dffff0| PB 0x0000000086d00000| Untracked 
|  80|0x0000000086e00000, 0x0000000086effff0, 0x0000000086f00000| 99%| O|  |TAMS 0x0000000086effff0| PB 0x0000000086e00000| Untracked 
|  81|0x0000000086f00000, 0x0000000086ffffe8, 0x0000000087000000| 99%| O|  |TAMS 0x0000000086ffffe8| PB 0x0000000086f00000| Untracked 
|  82|0x0000000087000000, 0x00000000870fff68, 0x0000000087100000| 99%| O|  |TAMS 0x00000000870fff68| PB 0x0000000087000000| Untracked 
|  83|0x0000000087100000, 0x0000000087200000, 0x0000000087200000|100%| O|  |TAMS 0x0000000087200000| PB 0x0000000087100000| Untracked 
|  84|0x0000000087200000, 0x00000000872ffff0, 0x0000000087300000| 99%| O|  |TAMS 0x00000000872ffff0| PB 0x0000000087200000| Untracked 
|  85|0x0000000087300000, 0x00000000873fffe0, 0x0000000087400000| 99%| O|  |TAMS 0x00000000873fffe0| PB 0x0000000087300000| Untracked 
|  86|0x0000000087400000, 0x00000000874fffd0, 0x0000000087500000| 99%| O|  |TAMS 0x00000000874fffd0| PB 0x0000000087400000| Untracked 
|  87|0x0000000087500000, 0x00000000875fffe0, 0x0000000087600000| 99%| O|  |TAMS 0x00000000875fffe0| PB 0x0000000087500000| Untracked 
|  88|0x0000000087600000, 0x00000000876ffff8, 0x0000000087700000| 99%| O|  |TAMS 0x00000000876ffff8| PB 0x0000000087600000| Untracked 
|  89|0x0000000087700000, 0x00000000877ffff0, 0x0000000087800000| 99%| O|  |TAMS 0x00000000877ffff0| PB 0x0000000087700000| Untracked 
|  90|0x0000000087800000, 0x00000000878ffff0, 0x0000000087900000| 99%| O|  |TAMS 0x00000000878ffff0| PB 0x0000000087800000| Untracked 
|  91|0x0000000087900000, 0x00000000879ffff0, 0x0000000087a00000| 99%| O|  |TAMS 0x00000000879ffff0| PB 0x0000000087900000| Untracked 
|  92|0x0000000087a00000, 0x0000000087b00000, 0x0000000087b00000|100%| O|  |TAMS 0x0000000087b00000| PB 0x0000000087a00000| Untracked 
|  93|0x0000000087b00000, 0x0000000087bfffc0, 0x0000000087c00000| 99%| O|  |TAMS 0x0000000087bfffc0| PB 0x0000000087b00000| Untracked 
|  94|0x0000000087c00000, 0x0000000087cfffe8, 0x0000000087d00000| 99%| O|  |TAMS 0x0000000087cfffe8| PB 0x0000000087c00000| Untracked 
|  95|0x0000000087d00000, 0x0000000087dffff0, 0x0000000087e00000| 99%| O|  |TAMS 0x0000000087dffff0| PB 0x0000000087d00000| Untracked 
|  96|0x0000000087e00000, 0x0000000087efffd8, 0x0000000087f00000| 99%| O|  |TAMS 0x0000000087efffd8| PB 0x0000000087e00000| Untracked 
|  97|0x0000000087f00000, 0x0000000087fffff0, 0x0000000088000000| 99%| O|  |TAMS 0x0000000087fffff0| PB 0x0000000087f00000| Untracked 
|  98|0x0000000088000000, 0x00000000880ffff8, 0x0000000088100000| 99%| O|  |TAMS 0x00000000880ffff8| PB 0x0000000088000000| Untracked 
|  99|0x0000000088100000, 0x0000000088200000, 0x0000000088200000|100%| O|  |TAMS 0x0000000088200000| PB 0x0000000088100000| Untracked 
| 100|0x0000000088200000, 0x0000000088300000, 0x0000000088300000|100%| O|  |TAMS 0x0000000088300000| PB 0x0000000088200000| Untracked 
| 101|0x0000000088300000, 0x00000000883ffff8, 0x0000000088400000| 99%| O|  |TAMS 0x00000000883ffff8| PB 0x0000000088300000| Untracked 
| 102|0x0000000088400000, 0x0000000088500000, 0x0000000088500000|100%| O|  |TAMS 0x0000000088500000| PB 0x0000000088400000| Untracked 
| 103|0x0000000088500000, 0x00000000885fffe8, 0x0000000088600000| 99%| O|  |TAMS 0x00000000885fffe8| PB 0x0000000088500000| Untracked 
| 104|0x0000000088600000, 0x00000000886ffff0, 0x0000000088700000| 99%| O|  |TAMS 0x00000000886ffff0| PB 0x0000000088600000| Untracked 
| 105|0x0000000088700000, 0x00000000887fffe8, 0x0000000088800000| 99%| O|  |TAMS 0x00000000887fffe8| PB 0x0000000088700000| Untracked 
| 106|0x0000000088800000, 0x00000000888fffd0, 0x0000000088900000| 99%| O|  |TAMS 0x00000000888fffd0| PB 0x0000000088800000| Untracked 
| 107|0x0000000088900000, 0x00000000889fffd0, 0x0000000088a00000| 99%| O|  |TAMS 0x00000000889fffd0| PB 0x0000000088900000| Untracked 
| 108|0x0000000088a00000, 0x0000000088b00000, 0x0000000088b00000|100%| O|  |TAMS 0x0000000088b00000| PB 0x0000000088a00000| Untracked 
| 109|0x0000000088b00000, 0x0000000088bffff0, 0x0000000088c00000| 99%| O|  |TAMS 0x0000000088bffff0| PB 0x0000000088b00000| Untracked 
| 110|0x0000000088c00000, 0x0000000088cfffe8, 0x0000000088d00000| 99%| O|  |TAMS 0x0000000088cfffe8| PB 0x0000000088c00000| Untracked 
| 111|0x0000000088d00000, 0x0000000088dfffe8, 0x0000000088e00000| 99%| O|  |TAMS 0x0000000088dfffe8| PB 0x0000000088d00000| Untracked 
| 112|0x0000000088e00000, 0x0000000088efffd8, 0x0000000088f00000| 99%| O|  |TAMS 0x0000000088efffd8| PB 0x0000000088e00000| Untracked 
| 113|0x0000000088f00000, 0x0000000088ffffe8, 0x0000000089000000| 99%| O|  |TAMS 0x0000000088ffffe8| PB 0x0000000088f00000| Untracked 
| 114|0x0000000089000000, 0x0000000089100000, 0x0000000089100000|100%| O|  |TAMS 0x0000000089100000| PB 0x0000000089000000| Untracked 
| 115|0x0000000089100000, 0x00000000891ffff8, 0x0000000089200000| 99%| O|  |TAMS 0x00000000891ffff8| PB 0x0000000089100000| Untracked 
| 116|0x0000000089200000, 0x00000000892e31d0, 0x0000000089300000| 88%| O|  |TAMS 0x00000000892e31d0| PB 0x0000000089200000| Untracked 
| 117|0x0000000089300000, 0x0000000089348358, 0x0000000089400000| 28%| O|  |TAMS 0x0000000089348358| PB 0x0000000089300000| Untracked 
| 118|0x0000000089400000, 0x0000000089400000, 0x0000000089500000|  0%| F|  |TAMS 0x0000000089400000| PB 0x0000000089400000| Untracked 
| 119|0x0000000089500000, 0x0000000089500000, 0x0000000089600000|  0%| F|  |TAMS 0x0000000089500000| PB 0x0000000089500000| Untracked 
| 120|0x0000000089600000, 0x0000000089600000, 0x0000000089700000|  0%| F|  |TAMS 0x0000000089600000| PB 0x0000000089600000| Untracked 
| 121|0x0000000089700000, 0x0000000089700000, 0x0000000089800000|  0%| F|  |TAMS 0x0000000089700000| PB 0x0000000089700000| Untracked 
| 122|0x0000000089800000, 0x0000000089800000, 0x0000000089900000|  0%| F|  |TAMS 0x0000000089800000| PB 0x0000000089800000| Untracked 
| 123|0x0000000089900000, 0x0000000089900000, 0x0000000089a00000|  0%| F|  |TAMS 0x0000000089900000| PB 0x0000000089900000| Untracked 
| 124|0x0000000089a00000, 0x0000000089a00000, 0x0000000089b00000|  0%| F|  |TAMS 0x0000000089a00000| PB 0x0000000089a00000| Untracked 
| 125|0x0000000089b00000, 0x0000000089b00000, 0x0000000089c00000|  0%| F|  |TAMS 0x0000000089b00000| PB 0x0000000089b00000| Untracked 
| 126|0x0000000089c00000, 0x0000000089c00000, 0x0000000089d00000|  0%| F|  |TAMS 0x0000000089c00000| PB 0x0000000089c00000| Untracked 
| 127|0x0000000089d00000, 0x0000000089d00000, 0x0000000089e00000|  0%| F|  |TAMS 0x0000000089d00000| PB 0x0000000089d00000| Untracked 
| 128|0x0000000089e00000, 0x0000000089e00000, 0x0000000089f00000|  0%| F|  |TAMS 0x0000000089e00000| PB 0x0000000089e00000| Untracked 
| 129|0x0000000089f00000, 0x0000000089f00000, 0x000000008a000000|  0%| F|  |TAMS 0x0000000089f00000| PB 0x0000000089f00000| Untracked 
| 130|0x000000008a000000, 0x000000008a080000, 0x000000008a100000| 50%| S|CS|TAMS 0x000000008a000000| PB 0x000000008a000000| Complete 
| 131|0x000000008a100000, 0x000000008a200000, 0x000000008a200000|100%| S|CS|TAMS 0x000000008a100000| PB 0x000000008a100000| Complete 
| 132|0x000000008a200000, 0x000000008a300000, 0x000000008a300000|100%| S|CS|TAMS 0x000000008a200000| PB 0x000000008a200000| Complete 
| 133|0x000000008a300000, 0x000000008a400000, 0x000000008a400000|100%| S|CS|TAMS 0x000000008a300000| PB 0x000000008a300000| Complete 
| 134|0x000000008a400000, 0x000000008a500000, 0x000000008a500000|100%| S|CS|TAMS 0x000000008a400000| PB 0x000000008a400000| Complete 
| 135|0x000000008a500000, 0x000000008a600000, 0x000000008a600000|100%| S|CS|TAMS 0x000000008a500000| PB 0x000000008a500000| Complete 
| 136|0x000000008a600000, 0x000000008a700000, 0x000000008a700000|100%| S|CS|TAMS 0x000000008a600000| PB 0x000000008a600000| Complete 
| 137|0x000000008a700000, 0x000000008a700000, 0x000000008a800000|  0%| F|  |TAMS 0x000000008a700000| PB 0x000000008a700000| Untracked 
| 138|0x000000008a800000, 0x000000008a800000, 0x000000008a900000|  0%| F|  |TAMS 0x000000008a800000| PB 0x000000008a800000| Untracked 
| 139|0x000000008a900000, 0x000000008a900000, 0x000000008aa00000|  0%| F|  |TAMS 0x000000008a900000| PB 0x000000008a900000| Untracked 
| 140|0x000000008aa00000, 0x000000008aa00000, 0x000000008ab00000|  0%| F|  |TAMS 0x000000008aa00000| PB 0x000000008aa00000| Untracked 
| 141|0x000000008ab00000, 0x000000008ab00000, 0x000000008ac00000|  0%| F|  |TAMS 0x000000008ab00000| PB 0x000000008ab00000| Untracked 
| 142|0x000000008ac00000, 0x000000008ac00000, 0x000000008ad00000|  0%| F|  |TAMS 0x000000008ac00000| PB 0x000000008ac00000| Untracked 
| 143|0x000000008ad00000, 0x000000008ad00000, 0x000000008ae00000|  0%| F|  |TAMS 0x000000008ad00000| PB 0x000000008ad00000| Untracked 
| 144|0x000000008ae00000, 0x000000008ae00000, 0x000000008af00000|  0%| F|  |TAMS 0x000000008ae00000| PB 0x000000008ae00000| Untracked 
| 145|0x000000008af00000, 0x000000008af00000, 0x000000008b000000|  0%| F|  |TAMS 0x000000008af00000| PB 0x000000008af00000| Untracked 
| 146|0x000000008b000000, 0x000000008b000000, 0x000000008b100000|  0%| F|  |TAMS 0x000000008b000000| PB 0x000000008b000000| Untracked 
| 147|0x000000008b100000, 0x000000008b100000, 0x000000008b200000|  0%| F|  |TAMS 0x000000008b100000| PB 0x000000008b100000| Untracked 
| 148|0x000000008b200000, 0x000000008b200000, 0x000000008b300000|  0%| F|  |TAMS 0x000000008b200000| PB 0x000000008b200000| Untracked 
| 149|0x000000008b300000, 0x000000008b300000, 0x000000008b400000|  0%| F|  |TAMS 0x000000008b300000| PB 0x000000008b300000| Untracked 
| 150|0x000000008b400000, 0x000000008b400000, 0x000000008b500000|  0%| F|  |TAMS 0x000000008b400000| PB 0x000000008b400000| Untracked 
| 151|0x000000008b500000, 0x000000008b500000, 0x000000008b600000|  0%| F|  |TAMS 0x000000008b500000| PB 0x000000008b500000| Untracked 
| 152|0x000000008b600000, 0x000000008b600000, 0x000000008b700000|  0%| F|  |TAMS 0x000000008b600000| PB 0x000000008b600000| Untracked 
| 153|0x000000008b700000, 0x000000008b700000, 0x000000008b800000|  0%| F|  |TAMS 0x000000008b700000| PB 0x000000008b700000| Untracked 
| 154|0x000000008b800000, 0x000000008b800000, 0x000000008b900000|  0%| F|  |TAMS 0x000000008b800000| PB 0x000000008b800000| Untracked 
| 155|0x000000008b900000, 0x000000008b900000, 0x000000008ba00000|  0%| F|  |TAMS 0x000000008b900000| PB 0x000000008b900000| Untracked 
| 156|0x000000008ba00000, 0x000000008ba00000, 0x000000008bb00000|  0%| F|  |TAMS 0x000000008ba00000| PB 0x000000008ba00000| Untracked 
| 157|0x000000008bb00000, 0x000000008bb00000, 0x000000008bc00000|  0%| F|  |TAMS 0x000000008bb00000| PB 0x000000008bb00000| Untracked 
| 158|0x000000008bc00000, 0x000000008bc00000, 0x000000008bd00000|  0%| F|  |TAMS 0x000000008bc00000| PB 0x000000008bc00000| Untracked 
| 159|0x000000008bd00000, 0x000000008bd00000, 0x000000008be00000|  0%| F|  |TAMS 0x000000008bd00000| PB 0x000000008bd00000| Untracked 
| 160|0x000000008be00000, 0x000000008be00000, 0x000000008bf00000|  0%| F|  |TAMS 0x000000008be00000| PB 0x000000008be00000| Untracked 
| 161|0x000000008bf00000, 0x000000008bf00000, 0x000000008c000000|  0%| F|  |TAMS 0x000000008bf00000| PB 0x000000008bf00000| Untracked 
| 162|0x000000008c000000, 0x000000008c000000, 0x000000008c100000|  0%| F|  |TAMS 0x000000008c000000| PB 0x000000008c000000| Untracked 
| 163|0x000000008c100000, 0x000000008c100000, 0x000000008c200000|  0%| F|  |TAMS 0x000000008c100000| PB 0x000000008c100000| Untracked 
| 164|0x000000008c200000, 0x000000008c200000, 0x000000008c300000|  0%| F|  |TAMS 0x000000008c200000| PB 0x000000008c200000| Untracked 
| 165|0x000000008c300000, 0x000000008c300000, 0x000000008c400000|  0%| F|  |TAMS 0x000000008c300000| PB 0x000000008c300000| Untracked 
| 166|0x000000008c400000, 0x000000008c400000, 0x000000008c500000|  0%| F|  |TAMS 0x000000008c400000| PB 0x000000008c400000| Untracked 
| 167|0x000000008c500000, 0x000000008c500000, 0x000000008c600000|  0%| F|  |TAMS 0x000000008c500000| PB 0x000000008c500000| Untracked 
| 168|0x000000008c600000, 0x000000008c600000, 0x000000008c700000|  0%| F|  |TAMS 0x000000008c600000| PB 0x000000008c600000| Untracked 
| 169|0x000000008c700000, 0x000000008c700000, 0x000000008c800000|  0%| F|  |TAMS 0x000000008c700000| PB 0x000000008c700000| Untracked 
| 170|0x000000008c800000, 0x000000008c800000, 0x000000008c900000|  0%| F|  |TAMS 0x000000008c800000| PB 0x000000008c800000| Untracked 
| 171|0x000000008c900000, 0x000000008c900000, 0x000000008ca00000|  0%| F|  |TAMS 0x000000008c900000| PB 0x000000008c900000| Untracked 
| 172|0x000000008ca00000, 0x000000008ca00000, 0x000000008cb00000|  0%| F|  |TAMS 0x000000008ca00000| PB 0x000000008ca00000| Untracked 
| 173|0x000000008cb00000, 0x000000008cb00000, 0x000000008cc00000|  0%| F|  |TAMS 0x000000008cb00000| PB 0x000000008cb00000| Untracked 
| 174|0x000000008cc00000, 0x000000008cc00000, 0x000000008cd00000|  0%| F|  |TAMS 0x000000008cc00000| PB 0x000000008cc00000| Untracked 
| 175|0x000000008cd00000, 0x000000008cd00000, 0x000000008ce00000|  0%| F|  |TAMS 0x000000008cd00000| PB 0x000000008cd00000| Untracked 
| 176|0x000000008ce00000, 0x000000008ce00000, 0x000000008cf00000|  0%| F|  |TAMS 0x000000008ce00000| PB 0x000000008ce00000| Untracked 
| 177|0x000000008cf00000, 0x000000008cf00000, 0x000000008d000000|  0%| F|  |TAMS 0x000000008cf00000| PB 0x000000008cf00000| Untracked 
| 178|0x000000008d000000, 0x000000008d000000, 0x000000008d100000|  0%| F|  |TAMS 0x000000008d000000| PB 0x000000008d000000| Untracked 
| 179|0x000000008d100000, 0x000000008d100000, 0x000000008d200000|  0%| F|  |TAMS 0x000000008d100000| PB 0x000000008d100000| Untracked 
| 180|0x000000008d200000, 0x000000008d200000, 0x000000008d300000|  0%| F|  |TAMS 0x000000008d200000| PB 0x000000008d200000| Untracked 
| 181|0x000000008d300000, 0x000000008d300000, 0x000000008d400000|  0%| F|  |TAMS 0x000000008d300000| PB 0x000000008d300000| Untracked 
| 182|0x000000008d400000, 0x000000008d400000, 0x000000008d500000|  0%| F|  |TAMS 0x000000008d400000| PB 0x000000008d400000| Untracked 
| 183|0x000000008d500000, 0x000000008d500000, 0x000000008d600000|  0%| F|  |TAMS 0x000000008d500000| PB 0x000000008d500000| Untracked 
| 184|0x000000008d600000, 0x000000008d600000, 0x000000008d700000|  0%| F|  |TAMS 0x000000008d600000| PB 0x000000008d600000| Untracked 
| 185|0x000000008d700000, 0x000000008d700000, 0x000000008d800000|  0%| F|  |TAMS 0x000000008d700000| PB 0x000000008d700000| Untracked 
| 186|0x000000008d800000, 0x000000008d800000, 0x000000008d900000|  0%| F|  |TAMS 0x000000008d800000| PB 0x000000008d800000| Untracked 
| 187|0x000000008d900000, 0x000000008d900000, 0x000000008da00000|  0%| F|  |TAMS 0x000000008d900000| PB 0x000000008d900000| Untracked 
| 188|0x000000008da00000, 0x000000008da00000, 0x000000008db00000|  0%| F|  |TAMS 0x000000008da00000| PB 0x000000008da00000| Untracked 
| 189|0x000000008db00000, 0x000000008db00000, 0x000000008dc00000|  0%| F|  |TAMS 0x000000008db00000| PB 0x000000008db00000| Untracked 
| 190|0x000000008dc00000, 0x000000008dc00000, 0x000000008dd00000|  0%| F|  |TAMS 0x000000008dc00000| PB 0x000000008dc00000| Untracked 
| 191|0x000000008dd00000, 0x000000008dd00000, 0x000000008de00000|  0%| F|  |TAMS 0x000000008dd00000| PB 0x000000008dd00000| Untracked 
| 192|0x000000008de00000, 0x000000008de00000, 0x000000008df00000|  0%| F|  |TAMS 0x000000008de00000| PB 0x000000008de00000| Untracked 
| 193|0x000000008df00000, 0x000000008df00000, 0x000000008e000000|  0%| F|  |TAMS 0x000000008df00000| PB 0x000000008df00000| Untracked 
| 194|0x000000008e000000, 0x000000008e000000, 0x000000008e100000|  0%| F|  |TAMS 0x000000008e000000| PB 0x000000008e000000| Untracked 
| 195|0x000000008e100000, 0x000000008e100000, 0x000000008e200000|  0%| F|  |TAMS 0x000000008e100000| PB 0x000000008e100000| Untracked 
| 196|0x000000008e200000, 0x000000008e200000, 0x000000008e300000|  0%| F|  |TAMS 0x000000008e200000| PB 0x000000008e200000| Untracked 
| 197|0x000000008e300000, 0x000000008e300000, 0x000000008e400000|  0%| F|  |TAMS 0x000000008e300000| PB 0x000000008e300000| Untracked 
| 198|0x000000008e400000, 0x000000008e400000, 0x000000008e500000|  0%| F|  |TAMS 0x000000008e400000| PB 0x000000008e400000| Untracked 
| 199|0x000000008e500000, 0x000000008e500000, 0x000000008e600000|  0%| F|  |TAMS 0x000000008e500000| PB 0x000000008e500000| Untracked 
| 200|0x000000008e600000, 0x000000008e600000, 0x000000008e700000|  0%| F|  |TAMS 0x000000008e600000| PB 0x000000008e600000| Untracked 
| 201|0x000000008e700000, 0x000000008e700000, 0x000000008e800000|  0%| F|  |TAMS 0x000000008e700000| PB 0x000000008e700000| Untracked 
| 202|0x000000008e800000, 0x000000008e800000, 0x000000008e900000|  0%| F|  |TAMS 0x000000008e800000| PB 0x000000008e800000| Untracked 
| 203|0x000000008e900000, 0x000000008e900000, 0x000000008ea00000|  0%| F|  |TAMS 0x000000008e900000| PB 0x000000008e900000| Untracked 
| 204|0x000000008ea00000, 0x000000008ea00000, 0x000000008eb00000|  0%| F|  |TAMS 0x000000008ea00000| PB 0x000000008ea00000| Untracked 
| 205|0x000000008eb00000, 0x000000008eb00000, 0x000000008ec00000|  0%| F|  |TAMS 0x000000008eb00000| PB 0x000000008eb00000| Untracked 
| 206|0x000000008ec00000, 0x000000008ec00000, 0x000000008ed00000|  0%| F|  |TAMS 0x000000008ec00000| PB 0x000000008ec00000| Untracked 
| 207|0x000000008ed00000, 0x000000008ed00000, 0x000000008ee00000|  0%| F|  |TAMS 0x000000008ed00000| PB 0x000000008ed00000| Untracked 
| 208|0x000000008ee00000, 0x000000008ee00000, 0x000000008ef00000|  0%| F|  |TAMS 0x000000008ee00000| PB 0x000000008ee00000| Untracked 
| 209|0x000000008ef00000, 0x000000008ef00000, 0x000000008f000000|  0%| F|  |TAMS 0x000000008ef00000| PB 0x000000008ef00000| Untracked 
| 210|0x000000008f000000, 0x000000008f000000, 0x000000008f100000|  0%| F|  |TAMS 0x000000008f000000| PB 0x000000008f000000| Untracked 
| 211|0x000000008f100000, 0x000000008f100000, 0x000000008f200000|  0%| F|  |TAMS 0x000000008f100000| PB 0x000000008f100000| Untracked 
| 212|0x000000008f200000, 0x000000008f200000, 0x000000008f300000|  0%| F|  |TAMS 0x000000008f200000| PB 0x000000008f200000| Untracked 
| 213|0x000000008f300000, 0x000000008f300000, 0x000000008f400000|  0%| F|  |TAMS 0x000000008f300000| PB 0x000000008f300000| Untracked 
| 214|0x000000008f400000, 0x000000008f400000, 0x000000008f500000|  0%| F|  |TAMS 0x000000008f400000| PB 0x000000008f400000| Untracked 
| 215|0x000000008f500000, 0x000000008f500000, 0x000000008f600000|  0%| F|  |TAMS 0x000000008f500000| PB 0x000000008f500000| Untracked 
| 216|0x000000008f600000, 0x000000008f600000, 0x000000008f700000|  0%| F|  |TAMS 0x000000008f600000| PB 0x000000008f600000| Untracked 
| 217|0x000000008f700000, 0x000000008f700000, 0x000000008f800000|  0%| F|  |TAMS 0x000000008f700000| PB 0x000000008f700000| Untracked 
| 218|0x000000008f800000, 0x000000008f800000, 0x000000008f900000|  0%| F|  |TAMS 0x000000008f800000| PB 0x000000008f800000| Untracked 
| 219|0x000000008f900000, 0x000000008f900000, 0x000000008fa00000|  0%| F|  |TAMS 0x000000008f900000| PB 0x000000008f900000| Untracked 
| 220|0x000000008fa00000, 0x000000008fa00000, 0x000000008fb00000|  0%| F|  |TAMS 0x000000008fa00000| PB 0x000000008fa00000| Untracked 
| 221|0x000000008fb00000, 0x000000008fb00000, 0x000000008fc00000|  0%| F|  |TAMS 0x000000008fb00000| PB 0x000000008fb00000| Untracked 
| 222|0x000000008fc00000, 0x000000008fc00000, 0x000000008fd00000|  0%| F|  |TAMS 0x000000008fc00000| PB 0x000000008fc00000| Untracked 
| 223|0x000000008fd00000, 0x000000008fd00000, 0x000000008fe00000|  0%| F|  |TAMS 0x000000008fd00000| PB 0x000000008fd00000| Untracked 
| 224|0x000000008fe00000, 0x000000008fe00000, 0x000000008ff00000|  0%| F|  |TAMS 0x000000008fe00000| PB 0x000000008fe00000| Untracked 
| 225|0x000000008ff00000, 0x000000008ff00000, 0x0000000090000000|  0%| F|  |TAMS 0x000000008ff00000| PB 0x000000008ff00000| Untracked 
| 226|0x0000000090000000, 0x0000000090000000, 0x0000000090100000|  0%| F|  |TAMS 0x0000000090000000| PB 0x0000000090000000| Untracked 
| 227|0x0000000090100000, 0x0000000090100000, 0x0000000090200000|  0%| F|  |TAMS 0x0000000090100000| PB 0x0000000090100000| Untracked 
| 228|0x0000000090200000, 0x0000000090200000, 0x0000000090300000|  0%| F|  |TAMS 0x0000000090200000| PB 0x0000000090200000| Untracked 
| 229|0x0000000090300000, 0x0000000090300000, 0x0000000090400000|  0%| F|  |TAMS 0x0000000090300000| PB 0x0000000090300000| Untracked 
| 230|0x0000000090400000, 0x0000000090400000, 0x0000000090500000|  0%| F|  |TAMS 0x0000000090400000| PB 0x0000000090400000| Untracked 
| 231|0x0000000090500000, 0x0000000090500000, 0x0000000090600000|  0%| F|  |TAMS 0x0000000090500000| PB 0x0000000090500000| Untracked 
| 232|0x0000000090600000, 0x0000000090600000, 0x0000000090700000|  0%| F|  |TAMS 0x0000000090600000| PB 0x0000000090600000| Untracked 
| 233|0x0000000090700000, 0x0000000090700000, 0x0000000090800000|  0%| F|  |TAMS 0x0000000090700000| PB 0x0000000090700000| Untracked 
| 234|0x0000000090800000, 0x0000000090800000, 0x0000000090900000|  0%| F|  |TAMS 0x0000000090800000| PB 0x0000000090800000| Untracked 
| 235|0x0000000090900000, 0x0000000090900000, 0x0000000090a00000|  0%| F|  |TAMS 0x0000000090900000| PB 0x0000000090900000| Untracked 
| 236|0x0000000090a00000, 0x0000000090a00000, 0x0000000090b00000|  0%| F|  |TAMS 0x0000000090a00000| PB 0x0000000090a00000| Untracked 
| 237|0x0000000090b00000, 0x0000000090b00000, 0x0000000090c00000|  0%| F|  |TAMS 0x0000000090b00000| PB 0x0000000090b00000| Untracked 
| 238|0x0000000090c00000, 0x0000000090c00000, 0x0000000090d00000|  0%| F|  |TAMS 0x0000000090c00000| PB 0x0000000090c00000| Untracked 
| 239|0x0000000090d00000, 0x0000000090d00000, 0x0000000090e00000|  0%| F|  |TAMS 0x0000000090d00000| PB 0x0000000090d00000| Untracked 
| 240|0x0000000090e00000, 0x0000000090e00000, 0x0000000090f00000|  0%| F|  |TAMS 0x0000000090e00000| PB 0x0000000090e00000| Untracked 
| 241|0x0000000090f00000, 0x0000000090f00000, 0x0000000091000000|  0%| F|  |TAMS 0x0000000090f00000| PB 0x0000000090f00000| Untracked 
| 242|0x0000000091000000, 0x0000000091000000, 0x0000000091100000|  0%| F|  |TAMS 0x0000000091000000| PB 0x0000000091000000| Untracked 
| 243|0x0000000091100000, 0x0000000091100000, 0x0000000091200000|  0%| F|  |TAMS 0x0000000091100000| PB 0x0000000091100000| Untracked 
| 244|0x0000000091200000, 0x0000000091200000, 0x0000000091300000|  0%| F|  |TAMS 0x0000000091200000| PB 0x0000000091200000| Untracked 
| 245|0x0000000091300000, 0x0000000091300000, 0x0000000091400000|  0%| F|  |TAMS 0x0000000091300000| PB 0x0000000091300000| Untracked 
| 246|0x0000000091400000, 0x0000000091400000, 0x0000000091500000|  0%| F|  |TAMS 0x0000000091400000| PB 0x0000000091400000| Untracked 
| 247|0x0000000091500000, 0x0000000091500000, 0x0000000091600000|  0%| F|  |TAMS 0x0000000091500000| PB 0x0000000091500000| Untracked 
| 248|0x0000000091600000, 0x0000000091600000, 0x0000000091700000|  0%| F|  |TAMS 0x0000000091600000| PB 0x0000000091600000| Untracked 
| 249|0x0000000091700000, 0x0000000091700000, 0x0000000091800000|  0%| F|  |TAMS 0x0000000091700000| PB 0x0000000091700000| Untracked 
| 250|0x0000000091800000, 0x0000000091800000, 0x0000000091900000|  0%| F|  |TAMS 0x0000000091800000| PB 0x0000000091800000| Untracked 
| 251|0x0000000091900000, 0x0000000091900000, 0x0000000091a00000|  0%| F|  |TAMS 0x0000000091900000| PB 0x0000000091900000| Untracked 
| 252|0x0000000091a00000, 0x0000000091a00000, 0x0000000091b00000|  0%| F|  |TAMS 0x0000000091a00000| PB 0x0000000091a00000| Untracked 
| 253|0x0000000091b00000, 0x0000000091b00000, 0x0000000091c00000|  0%| F|  |TAMS 0x0000000091b00000| PB 0x0000000091b00000| Untracked 
| 254|0x0000000091c00000, 0x0000000091c00000, 0x0000000091d00000|  0%| F|  |TAMS 0x0000000091c00000| PB 0x0000000091c00000| Untracked 
| 255|0x0000000091d00000, 0x0000000091d00000, 0x0000000091e00000|  0%| F|  |TAMS 0x0000000091d00000| PB 0x0000000091d00000| Untracked 
| 256|0x0000000091e00000, 0x0000000091e00000, 0x0000000091f00000|  0%| F|  |TAMS 0x0000000091e00000| PB 0x0000000091e00000| Untracked 
| 257|0x0000000091f00000, 0x0000000091f00000, 0x0000000092000000|  0%| F|  |TAMS 0x0000000091f00000| PB 0x0000000091f00000| Untracked 
| 258|0x0000000092000000, 0x0000000092000000, 0x0000000092100000|  0%| F|  |TAMS 0x0000000092000000| PB 0x0000000092000000| Untracked 
| 259|0x0000000092100000, 0x0000000092100000, 0x0000000092200000|  0%| F|  |TAMS 0x0000000092100000| PB 0x0000000092100000| Untracked 
| 260|0x0000000092200000, 0x0000000092200000, 0x0000000092300000|  0%| F|  |TAMS 0x0000000092200000| PB 0x0000000092200000| Untracked 
| 261|0x0000000092300000, 0x0000000092300000, 0x0000000092400000|  0%| F|  |TAMS 0x0000000092300000| PB 0x0000000092300000| Untracked 
| 262|0x0000000092400000, 0x0000000092400000, 0x0000000092500000|  0%| F|  |TAMS 0x0000000092400000| PB 0x0000000092400000| Untracked 
| 263|0x0000000092500000, 0x0000000092500000, 0x0000000092600000|  0%| F|  |TAMS 0x0000000092500000| PB 0x0000000092500000| Untracked 
| 264|0x0000000092600000, 0x0000000092600000, 0x0000000092700000|  0%| F|  |TAMS 0x0000000092600000| PB 0x0000000092600000| Untracked 
| 265|0x0000000092700000, 0x0000000092700000, 0x0000000092800000|  0%| F|  |TAMS 0x0000000092700000| PB 0x0000000092700000| Untracked 
| 266|0x0000000092800000, 0x0000000092800000, 0x0000000092900000|  0%| F|  |TAMS 0x0000000092800000| PB 0x0000000092800000| Untracked 
| 267|0x0000000092900000, 0x0000000092900000, 0x0000000092a00000|  0%| F|  |TAMS 0x0000000092900000| PB 0x0000000092900000| Untracked 
| 268|0x0000000092a00000, 0x0000000092a00000, 0x0000000092b00000|  0%| F|  |TAMS 0x0000000092a00000| PB 0x0000000092a00000| Untracked 
| 269|0x0000000092b00000, 0x0000000092b00000, 0x0000000092c00000|  0%| F|  |TAMS 0x0000000092b00000| PB 0x0000000092b00000| Untracked 
| 270|0x0000000092c00000, 0x0000000092c00000, 0x0000000092d00000|  0%| F|  |TAMS 0x0000000092c00000| PB 0x0000000092c00000| Untracked 
| 271|0x0000000092d00000, 0x0000000092d00000, 0x0000000092e00000|  0%| F|  |TAMS 0x0000000092d00000| PB 0x0000000092d00000| Untracked 
| 272|0x0000000092e00000, 0x0000000092e00000, 0x0000000092f00000|  0%| F|  |TAMS 0x0000000092e00000| PB 0x0000000092e00000| Untracked 
| 273|0x0000000092f00000, 0x0000000092f00000, 0x0000000093000000|  0%| F|  |TAMS 0x0000000092f00000| PB 0x0000000092f00000| Untracked 

Card table byte_map: [0x0000021776290000,0x0000021776690000] _byte_map_base: 0x0000021775e81000

Marking Bits: (CMBitMap*) 0x0000021763ce8a70
 Bits: [0x0000021776690000, 0x0000021778618000)

Polling page: 0x0000021761b80000

Metaspace:

Usage:
  Non-class:     66.11 MB used.
      Class:      9.32 MB used.
       Both:     75.43 MB used.

Virtual space:
  Non-class space:      128.00 MB reserved,      66.94 MB ( 52%) committed,  2 nodes.
      Class space:        1.00 GB reserved,       9.88 MB ( <1%) committed,  1 nodes.
             Both:        1.12 GB reserved,      76.81 MB (  7%) committed. 

Chunk freelists:
   Non-Class:  12.80 MB
       Class:  6.11 MB
        Both:  18.91 MB

MaxMetaspaceSize: unlimited
CompressedClassSpaceSize: 1.00 GB
Initial GC threshold: 21.00 MB
Current GC threshold: 127.50 MB
CDS: on
 - commit_granule_bytes: 65536.
 - commit_granule_words: 8192.
 - virtual_space_node_default_size: 8388608.
 - enlarge_chunks_in_place: 1.
 - use_allocation_guard: 0.


Internal statistics:

num_allocs_failed_limit: 6.
num_arena_births: 1558.
num_arena_deaths: 0.
num_vsnodes_births: 3.
num_vsnodes_deaths: 0.
num_space_committed: 1228.
num_space_uncommitted: 0.
num_chunks_returned_to_freelist: 6.
num_chunks_taken_from_freelist: 4808.
num_chunk_merges: 3.
num_chunk_splits: 3131.
num_chunks_enlarged: 2181.
num_inconsistent_stats: 0.

CodeHeap 'non-profiled nmethods': size=120064Kb used=12254Kb max_used=12254Kb free=107809Kb
 bounds [0x000002176e950000, 0x000002176f550000, 0x0000021775e90000]
CodeHeap 'profiled nmethods': size=120000Kb used=17903Kb max_used=18532Kb free=102097Kb
 bounds [0x0000021766e90000, 0x00000217680c0000, 0x000002176e3c0000]
CodeHeap 'non-nmethods': size=5696Kb used=1683Kb max_used=1736Kb free=4012Kb
 bounds [0x000002176e3c0000, 0x000002176e630000, 0x000002176e950000]
 total_blobs=10549 nmethods=9840 adapters=613
 compilation: enabled
              stopped_count=0, restarted_count=0
 full_count=0

Compilation events (20 events):
Event: 948.468 Thread 0x000002177a81e2e0 16204       3       java.lang.management.ManagementFactory$PlatformMBeanFinder$$Lambda/0x00000217010a6d38::<init> (10 bytes)
Event: 948.468 Thread 0x000002177a81e2e0 nmethod 16204 0x000002176786c890 code [0x000002176786ca40, 0x000002176786cbf8]
Event: 948.468 Thread 0x000002177a81e2e0 16205       3       java.util.stream.ReduceOps$2ReducingSink::accept (39 bytes)
Event: 948.468 Thread 0x000002177a81e2e0 nmethod 16205 0x000002176786c290 code [0x000002176786c460, 0x000002176786c778]
Event: 948.468 Thread 0x000002177a81e2e0 16206       3       java.util.Collections$SingletonMap::values (23 bytes)
Event: 948.469 Thread 0x000002177a81e2e0 nmethod 16206 0x000002176786bb10 code [0x000002176786bce0, 0x000002176786c110]
Event: 948.469 Thread 0x000002177a81e2e0 16207       3       io.micrometer.core.instrument.MeterRegistry::getBaseTimeUnitStr (14 bytes)
Event: 948.469 Thread 0x000002177a81e2e0 nmethod 16207 0x000002176786b010 code [0x000002176786b200, 0x000002176786b6c8]
Event: 948.469 Thread 0x000002177a81e2e0 16208       3       io.micrometer.core.instrument.Meter$Id::withBaseUnit (25 bytes)
Event: 948.469 Thread 0x000002177a81e2e0 nmethod 16208 0x0000021767ae7810 code [0x0000021767ae79c0, 0x0000021767ae7b88]
Event: 948.470 Thread 0x000002177a81e2e0 16209       1       com.zaxxer.hikari.HikariConfig::getMetricsTrackerFactory (5 bytes)
Event: 948.470 Thread 0x000002177a81e2e0 nmethod 16209 0x000002176f547690 code [0x000002176f547820, 0x000002176f5478f0]
Event: 948.471 Thread 0x000002177a81e2e0 16210       3       io.micrometer.core.instrument.Counter::builder (10 bytes)
Event: 948.472 Thread 0x000002177a81e2e0 nmethod 16210 0x0000021767ae7190 code [0x0000021767ae7360, 0x0000021767ae76e8]
Event: 948.472 Thread 0x000002177a81e2e0 16211       3       io.micrometer.core.instrument.Counter$Builder::<init> (6 bytes)
Event: 948.472 Thread 0x000002177a81e2e0 nmethod 16211 0x0000021767ae6b90 code [0x0000021767ae6d40, 0x0000021767ae7028]
Event: 948.472 Thread 0x000002177a81e2e0 16212       3       io.micrometer.core.instrument.Counter$Builder::<init> (17 bytes)
Event: 948.472 Thread 0x000002177a81e2e0 nmethod 16212 0x0000021767ae6690 code [0x0000021767ae6840, 0x0000021767ae6ad0]
Event: 948.475 Thread 0x000002177a81e2e0 16213       3       org.apache.tomcat.util.threads.TaskThread::<init> (22 bytes)
Event: 948.475 Thread 0x000002177a81e2e0 nmethod 16213 0x0000021767ae6090 code [0x0000021767ae6260, 0x0000021767ae6548]

GC Heap History (20 events):
Event: 905.026 GC heap after
{Heap after GC invocations=119 (full 25):
 garbage-first heap   total 280576K, used 101228K [0x0000000081e00000, 0x0000000100000000)
  region size 1024K, 0 young (0K), 0 survivors (0K)
 Metaspace       used 75782K, committed 77120K, reserved 1179648K
  class space    used 9467K, committed 9984K, reserved 1048576K
}
Event: 912.353 GC heap before
{Heap before GC invocations=119 (full 25):
 garbage-first heap   total 280576K, used 244588K [0x0000000081e00000, 0x0000000100000000)
  region size 1024K, 142 young (145408K), 0 survivors (0K)
 Metaspace       used 76084K, committed 77376K, reserved 1179648K
  class space    used 9482K, committed 9984K, reserved 1048576K
}
Event: 912.570 GC heap after
{Heap after GC invocations=120 (full 26):
 garbage-first heap   total 280576K, used 104351K [0x0000000081e00000, 0x0000000100000000)
  region size 1024K, 0 young (0K), 0 survivors (0K)
 Metaspace       used 76084K, committed 77376K, reserved 1179648K
  class space    used 9482K, committed 9984K, reserved 1048576K
}
Event: 918.689 GC heap before
{Heap before GC invocations=120 (full 26):
 garbage-first heap   total 280576K, used 247711K [0x0000000081e00000, 0x0000000100000000)
  region size 1024K, 141 young (144384K), 0 survivors (0K)
 Metaspace       used 76243K, committed 77632K, reserved 1179648K
  class space    used 9491K, committed 10048K, reserved 1048576K
}
Event: 918.701 GC heap after
{Heap after GC invocations=121 (full 26):
 garbage-first heap   total 280576K, used 110495K [0x0000000081e00000, 0x0000000100000000)
  region size 1024K, 6 young (6144K), 6 survivors (6144K)
 Metaspace       used 76243K, committed 77632K, reserved 1179648K
  class space    used 9491K, committed 10048K, reserved 1048576K
}
Event: 919.313 GC heap before
{Heap before GC invocations=122 (full 26):
 garbage-first heap   total 280576K, used 113567K [0x0000000081e00000, 0x0000000100000000)
  region size 1024K, 10 young (10240K), 6 survivors (6144K)
 Metaspace       used 76245K, committed 77632K, reserved 1179648K
  class space    used 9491K, committed 10048K, reserved 1048576K
}
Event: 919.529 GC heap after
{Heap after GC invocations=123 (full 27):
 garbage-first heap   total 280576K, used 107455K [0x0000000081e00000, 0x0000000100000000)
  region size 1024K, 0 young (0K), 0 survivors (0K)
 Metaspace       used 76245K, committed 77632K, reserved 1179648K
  class space    used 9491K, committed 10048K, reserved 1048576K
}
Event: 923.472 GC heap before
{Heap before GC invocations=123 (full 27):
 garbage-first heap   total 280576K, used 249791K [0x0000000081e00000, 0x0000000100000000)
  region size 1024K, 141 young (144384K), 0 survivors (0K)
 Metaspace       used 76408K, committed 77760K, reserved 1179648K
  class space    used 9502K, committed 10048K, reserved 1048576K
}
Event: 923.714 GC heap after
{Heap after GC invocations=124 (full 28):
 garbage-first heap   total 280576K, used 110553K [0x0000000081e00000, 0x0000000100000000)
  region size 1024K, 0 young (0K), 0 survivors (0K)
 Metaspace       used 76408K, committed 77760K, reserved 1179648K
  class space    used 9502K, committed 10048K, reserved 1048576K
}
Event: 930.805 GC heap before
{Heap before GC invocations=124 (full 28):
 garbage-first heap   total 280576K, used 252889K [0x0000000081e00000, 0x0000000100000000)
  region size 1024K, 141 young (144384K), 0 survivors (0K)
 Metaspace       used 76664K, committed 78016K, reserved 1179648K
  class space    used 9511K, committed 10048K, reserved 1048576K
}
Event: 931.051 GC heap after
{Heap after GC invocations=125 (full 29):
 garbage-first heap   total 280576K, used 113697K [0x0000000081e00000, 0x0000000100000000)
  region size 1024K, 0 young (0K), 0 survivors (0K)
 Metaspace       used 76664K, committed 78016K, reserved 1179648K
  class space    used 9511K, committed 10048K, reserved 1048576K
}
Event: 932.707 GC heap before
{Heap before GC invocations=125 (full 29):
 garbage-first heap   total 280576K, used 255009K [0x0000000081e00000, 0x0000000100000000)
  region size 1024K, 139 young (142336K), 0 survivors (0K)
 Metaspace       used 76808K, committed 78144K, reserved 1179648K
  class space    used 9521K, committed 10048K, reserved 1048576K
}
Event: 932.721 GC heap after
{Heap after GC invocations=126 (full 29):
 garbage-first heap   total 280576K, used 120353K [0x0000000081e00000, 0x0000000100000000)
  region size 1024K, 7 young (7168K), 7 survivors (7168K)
 Metaspace       used 76808K, committed 78144K, reserved 1179648K
  class space    used 9521K, committed 10048K, reserved 1048576K
}
Event: 936.712 GC heap before
{Heap before GC invocations=127 (full 29):
 garbage-first heap   total 280576K, used 124449K [0x0000000081e00000, 0x0000000100000000)
  region size 1024K, 12 young (12288K), 7 survivors (7168K)
 Metaspace       used 76816K, committed 78144K, reserved 1179648K
  class space    used 9521K, committed 10048K, reserved 1048576K
}
Event: 936.956 GC heap after
{Heap after GC invocations=128 (full 30):
 garbage-first heap   total 280576K, used 116827K [0x0000000081e00000, 0x0000000100000000)
  region size 1024K, 0 young (0K), 0 survivors (0K)
 Metaspace       used 76816K, committed 78144K, reserved 1179648K
  class space    used 9521K, committed 10048K, reserved 1048576K
}
Event: 942.948 GC heap before
{Heap before GC invocations=128 (full 30):
 garbage-first heap   total 280576K, used 257115K [0x0000000081e00000, 0x0000000100000000)
  region size 1024K, 138 young (141312K), 0 survivors (0K)
 Metaspace       used 76979K, committed 78336K, reserved 1179648K
  class space    used 9530K, committed 10048K, reserved 1048576K
}
Event: 942.960 GC heap after
{Heap after GC invocations=129 (full 30):
 garbage-first heap   total 280576K, used 122459K [0x0000000081e00000, 0x0000000100000000)
  region size 1024K, 6 young (6144K), 6 survivors (6144K)
 Metaspace       used 76979K, committed 78336K, reserved 1179648K
  class space    used 9530K, committed 10048K, reserved 1048576K
}
Event: 944.386 GC heap before
{Heap before GC invocations=130 (full 30):
 garbage-first heap   total 280576K, used 125531K [0x0000000081e00000, 0x0000000100000000)
  region size 1024K, 10 young (10240K), 6 survivors (6144K)
 Metaspace       used 76982K, committed 78336K, reserved 1179648K
  class space    used 9530K, committed 10048K, reserved 1048576K
}
Event: 944.615 GC heap after
{Heap after GC invocations=131 (full 31):
 garbage-first heap   total 280576K, used 119959K [0x0000000081e00000, 0x0000000100000000)
  region size 1024K, 0 young (0K), 0 survivors (0K)
 Metaspace       used 76982K, committed 78336K, reserved 1179648K
  class space    used 9530K, committed 10048K, reserved 1048576K
}
Event: 948.480 GC heap before
{Heap before GC invocations=131 (full 31):
 garbage-first heap   total 280576K, used 259223K [0x0000000081e00000, 0x0000000100000000)
  region size 1024K, 137 young (140288K), 0 survivors (0K)
 Metaspace       used 77242K, committed 78656K, reserved 1179648K
  class space    used 9544K, committed 10112K, reserved 1048576K
}

Dll operation events (11 events):
Event: 0.013 Loaded shared library C:\Users\EDITH\.vscode\extensions\redhat.java-1.41.0-win32-x64\jre\21.0.6-win32-x86_64\bin\java.dll
Event: 0.068 Loaded shared library C:\Users\EDITH\.vscode\extensions\redhat.java-1.41.0-win32-x64\jre\21.0.6-win32-x86_64\bin\zip.dll
Event: 0.255 Loaded shared library C:\Users\EDITH\.vscode\extensions\redhat.java-1.41.0-win32-x64\jre\21.0.6-win32-x86_64\bin\jimage.dll
Event: 0.266 Loaded shared library C:\Users\EDITH\.vscode\extensions\redhat.java-1.41.0-win32-x64\jre\21.0.6-win32-x86_64\bin\net.dll
Event: 0.268 Loaded shared library C:\Users\EDITH\.vscode\extensions\redhat.java-1.41.0-win32-x64\jre\21.0.6-win32-x86_64\bin\nio.dll
Event: 0.272 Loaded shared library C:\Users\EDITH\.vscode\extensions\redhat.java-1.41.0-win32-x64\jre\21.0.6-win32-x86_64\bin\zip.dll
Event: 0.431 Loaded shared library C:\Users\EDITH\.vscode\extensions\redhat.java-1.41.0-win32-x64\jre\21.0.6-win32-x86_64\bin\management.dll
Event: 0.453 Loaded shared library C:\Users\EDITH\.vscode\extensions\redhat.java-1.41.0-win32-x64\jre\21.0.6-win32-x86_64\bin\management_ext.dll
Event: 1.345 Loaded shared library C:\Users\EDITH\.vscode\extensions\redhat.java-1.41.0-win32-x64\jre\21.0.6-win32-x86_64\bin\extnet.dll
Event: 5.097 Loaded shared library C:\Users\EDITH\.vscode\extensions\redhat.java-1.41.0-win32-x64\jre\21.0.6-win32-x86_64\bin\sunmscapi.dll
Event: 22.540 Loaded shared library C:\Users\EDITH\.vscode\extensions\redhat.java-1.41.0-win32-x64\jre\21.0.6-win32-x86_64\bin\verify.dll

Deoptimization events (20 events):
Event: 921.314 Thread 0x00000217420f77f0 DEOPT PACKING pc=0x000002176f404c90 sp=0x000000fd394fa840
Event: 921.314 Thread 0x00000217420f77f0 DEOPT UNPACKING pc=0x000002176e41469c sp=0x000000fd394fa840 mode 2
Event: 938.590 Thread 0x0000021741cbe6c0 Uncommon trap: trap_request=0xffffffbe fr.pc=0x000002176f4df95c relative=0x00000000000051fc
Event: 938.590 Thread 0x0000021741cbe6c0 Uncommon trap: reason=profile_predicate action=maybe_recompile pc=0x000002176f4df95c method=org.springframework.context.annotation.ConfigurationClassUtils.isConfigurationCandidate(Lorg/springframework/core/type/AnnotationMetadata;)Z @ 26 c2
Event: 938.590 Thread 0x0000021741cbe6c0 DEOPT PACKING pc=0x000002176f4df95c sp=0x000000fd394fd920
Event: 938.590 Thread 0x0000021741cbe6c0 DEOPT UNPACKING pc=0x000002176e41469c sp=0x000000fd394fd808 mode 2
Event: 944.833 Thread 0x00000217420f8ba0 Uncommon trap: trap_request=0xffffffbe fr.pc=0x000002176f4df95c relative=0x00000000000051fc
Event: 944.833 Thread 0x00000217420f8ba0 Uncommon trap: reason=profile_predicate action=maybe_recompile pc=0x000002176f4df95c method=org.springframework.context.annotation.ConfigurationClassUtils.isConfigurationCandidate(Lorg/springframework/core/type/AnnotationMetadata;)Z @ 26 c2
Event: 944.833 Thread 0x00000217420f8ba0 DEOPT PACKING pc=0x000002176f4df95c sp=0x000000fd392fe550
Event: 944.833 Thread 0x00000217420f8ba0 DEOPT UNPACKING pc=0x000002176e41469c sp=0x000000fd392fe438 mode 2
Event: 944.836 Thread 0x00000217420f8ba0 Uncommon trap: trap_request=0xffffffbe fr.pc=0x000002176f4df95c relative=0x00000000000051fc
Event: 944.836 Thread 0x00000217420f8ba0 Uncommon trap: reason=profile_predicate action=maybe_recompile pc=0x000002176f4df95c method=org.springframework.context.annotation.ConfigurationClassUtils.isConfigurationCandidate(Lorg/springframework/core/type/AnnotationMetadata;)Z @ 26 c2
Event: 944.836 Thread 0x00000217420f8ba0 DEOPT PACKING pc=0x000002176f4df95c sp=0x000000fd392fe550
Event: 944.836 Thread 0x00000217420f8ba0 DEOPT UNPACKING pc=0x000002176e41469c sp=0x000000fd392fe438 mode 2
Event: 944.841 Thread 0x00000217420f8ba0 Uncommon trap: trap_request=0xffffffbe fr.pc=0x000002176f4df95c relative=0x00000000000051fc
Event: 944.841 Thread 0x00000217420f8ba0 Uncommon trap: reason=profile_predicate action=maybe_recompile pc=0x000002176f4df95c method=org.springframework.context.annotation.ConfigurationClassUtils.isConfigurationCandidate(Lorg/springframework/core/type/AnnotationMetadata;)Z @ 26 c2
Event: 944.841 Thread 0x00000217420f8ba0 DEOPT PACKING pc=0x000002176f4df95c sp=0x000000fd392fe550
Event: 944.841 Thread 0x00000217420f8ba0 DEOPT UNPACKING pc=0x000002176e41469c sp=0x000000fd392fe438 mode 2
Event: 948.013 Thread 0x00000217429cb970 DEOPT PACKING pc=0x0000021767e7096e sp=0x000000fd399feca0
Event: 948.013 Thread 0x00000217429cb970 DEOPT UNPACKING pc=0x000002176e414e23 sp=0x000000fd399fe1b8 mode 0

Classes loaded (20 events):
Event: 93.667 Loading class javax/crypto/NoSuchPaddingException
Event: 93.670 Loading class javax/crypto/NoSuchPaddingException done
Event: 93.670 Loading class javax/crypto/IllegalBlockSizeException
Event: 93.670 Loading class javax/crypto/IllegalBlockSizeException done
Event: 93.670 Loading class javax/crypto/BadPaddingException
Event: 93.670 Loading class javax/crypto/BadPaddingException done
Event: 93.670 Loading class java/security/spec/InvalidKeySpecException
Event: 93.670 Loading class java/security/spec/InvalidKeySpecException done
Event: 93.670 Loading class java/security/spec/KeySpec
Event: 93.670 Loading class java/security/spec/KeySpec done
Event: 93.700 Loading class java/util/WeakHashMap$KeyIterator
Event: 93.700 Loading class java/util/WeakHashMap$HashIterator
Event: 93.700 Loading class java/util/WeakHashMap$HashIterator done
Event: 93.700 Loading class java/util/WeakHashMap$KeyIterator done
Event: 93.809 Loading class java/lang/ref/Finalizer$2
Event: 93.809 Loading class java/lang/ref/Finalizer$2 done
Event: 93.809 Loading class java/lang/ref/Finalizer$1
Event: 93.809 Loading class java/lang/ref/Finalizer$1 done
Event: 329.145 Loading class jdk/internal/loader/BootLoader$PackageHelper
Event: 329.145 Loading class jdk/internal/loader/BootLoader$PackageHelper done

Classes unloaded (0 events):
No events

Classes redefined (0 events):
No events

Internal exceptions (20 events):
Event: 939.271 Thread 0x0000021741cbe6c0 Exception <a 'java/lang/ArrayIndexOutOfBoundsException'{0x0000000090cb1d80}> (0x0000000090cb1d80) 
thrown [s\src\hotspot\share\runtime\sharedRuntime.cpp, line 625]
Event: 939.271 Thread 0x0000021741cbe6c0 Exception <a 'java/lang/ArrayIndexOutOfBoundsException'{0x0000000090cb2358}> (0x0000000090cb2358) 
thrown [s\src\hotspot\share\runtime\sharedRuntime.cpp, line 625]
Event: 939.275 Thread 0x0000021741cbe6c0 Exception <a 'java/lang/ArrayIndexOutOfBoundsException'{0x0000000090cf7538}> (0x0000000090cf7538) 
thrown [s\src\hotspot\share\runtime\sharedRuntime.cpp, line 625]
Event: 939.275 Thread 0x0000021741cbe6c0 Exception <a 'java/lang/ArrayIndexOutOfBoundsException'{0x0000000090cf7b10}> (0x0000000090cf7b10) 
thrown [s\src\hotspot\share\runtime\sharedRuntime.cpp, line 625]
Event: 939.848 Thread 0x0000021741cbe6c0 Exception <a 'java/io/FileNotFoundException'{0x000000008ff153f8}> (0x000000008ff153f8) 
thrown [s\src\hotspot\share\prims\jni.cpp, line 520]
Event: 940.544 Thread 0x0000021741cbe6c0 Exception <a 'java/io/FileNotFoundException'{0x000000008f6a7850}> (0x000000008f6a7850) 
thrown [s\src\hotspot\share\prims\jni.cpp, line 520]
Event: 944.385 Thread 0x0000021741cbfa70 Exception <a 'java/lang/InterruptedException'{0x0000000092cb0d50}: sleep interrupted> (0x0000000092cb0d50) 
thrown [s\src\hotspot\share\prims\jvm.cpp, line 3074]
Event: 944.641 Thread 0x00000217420f8ba0 Exception <a 'sun/nio/fs/WindowsException'{0x0000000092f8dd60}> (0x0000000092f8dd60) 
thrown [s\src\hotspot\share\prims\jni.cpp, line 520]
Event: 946.407 Thread 0x00000217420f8ba0 Exception <a 'java/lang/NoClassDefFoundError'{0x0000000090d98a08}: org/flywaydb/core/Flyway> (0x0000000090d98a08) 
thrown [s\src\hotspot\share\oops\constantPool.cpp, line 873]
Event: 946.407 Thread 0x00000217420f8ba0 Exception <a 'java/lang/NoClassDefFoundError'{0x0000000090d99068}: liquibase/integration/spring/SpringLiquibase> (0x0000000090d99068) 
thrown [s\src\hotspot\share\oops\constantPool.cpp, line 873]
Event: 946.410 Thread 0x00000217420f8ba0 Exception <a 'java/lang/NoClassDefFoundError'{0x0000000090db65f0}: org/jooq/DSLContext> (0x0000000090db65f0) 
thrown [s\src\hotspot\share\oops\constantPool.cpp, line 873]
Event: 946.413 Thread 0x00000217420f8ba0 Exception <a 'java/lang/NoClassDefFoundError'{0x0000000090c0d400}: org/springframework/batch/core/repository/JobRepository> (0x0000000090c0d400) 
thrown [s\src\hotspot\share\oops\constantPool.cpp, line 873]
Event: 946.413 Thread 0x00000217420f8ba0 Exception <a 'java/lang/NoClassDefFoundError'{0x0000000090c0da58}: org/quartz/Scheduler> (0x0000000090c0da58) 
thrown [s\src\hotspot\share\oops\constantPool.cpp, line 873]
Event: 946.413 Thread 0x00000217420f8ba0 Exception <a 'java/lang/NoClassDefFoundError'{0x0000000090c0e0d8}: org/springframework/session/jdbc/JdbcIndexedSessionRepository> (0x0000000090c0e0d8) 
thrown [s\src\hotspot\share\oops\constantPool.cpp, line 873]
Event: 946.426 Thread 0x00000217420f8ba0 Exception <a 'java/lang/ArrayIndexOutOfBoundsException'{0x0000000090cf64d0}> (0x0000000090cf64d0) 
thrown [s\src\hotspot\share\runtime\sharedRuntime.cpp, line 625]
Event: 946.426 Thread 0x00000217420f8ba0 Exception <a 'java/lang/ArrayIndexOutOfBoundsException'{0x0000000090cf6aa8}> (0x0000000090cf6aa8) 
thrown [s\src\hotspot\share\runtime\sharedRuntime.cpp, line 625]
Event: 946.430 Thread 0x00000217420f8ba0 Exception <a 'java/lang/ArrayIndexOutOfBoundsException'{0x0000000090b3ef98}> (0x0000000090b3ef98) 
thrown [s\src\hotspot\share\runtime\sharedRuntime.cpp, line 625]
Event: 946.430 Thread 0x00000217420f8ba0 Exception <a 'java/lang/ArrayIndexOutOfBoundsException'{0x0000000090b3f570}> (0x0000000090b3f570) 
thrown [s\src\hotspot\share\runtime\sharedRuntime.cpp, line 625]
Event: 946.647 Thread 0x00000217420f8ba0 Exception <a 'java/io/FileNotFoundException'{0x000000008ff5e998}> (0x000000008ff5e998) 
thrown [s\src\hotspot\share\prims\jni.cpp, line 520]
Event: 946.767 Thread 0x00000217420f8ba0 Exception <a 'java/io/FileNotFoundException'{0x000000008f6f24b8}> (0x000000008f6f24b8) 
thrown [s\src\hotspot\share\prims\jni.cpp, line 520]

ZGC Phase Switch (0 events):
No events

VM Operations (20 events):
Event: 933.183 Executing VM operation: G1PauseRemark done
Event: 933.290 Executing VM operation: G1PauseCleanup
Event: 933.472 Executing VM operation: G1PauseCleanup done
Event: 936.712 Executing VM operation: G1CollectFull (System.gc())
Event: 936.956 Executing VM operation: G1CollectFull (System.gc()) done
Event: 938.981 Executing VM operation: Cleanup
Event: 938.981 Executing VM operation: Cleanup done
Event: 942.941 Executing VM operation: G1CollectForAllocation (G1 Evacuation Pause)
Event: 942.960 Executing VM operation: G1CollectForAllocation (G1 Evacuation Pause) done
Event: 943.252 Executing VM operation: G1PauseRemark
Event: 943.474 Executing VM operation: G1PauseRemark done
Event: 943.581 Executing VM operation: G1PauseCleanup
Event: 943.744 Executing VM operation: G1PauseCleanup done
Event: 944.386 Executing VM operation: G1CollectFull (System.gc())
Event: 944.615 Executing VM operation: G1CollectFull (System.gc()) done
Event: 945.626 Executing VM operation: Cleanup
Event: 945.641 Executing VM operation: Cleanup done
Event: 947.671 Executing VM operation: Cleanup
Event: 947.972 Executing VM operation: Cleanup done
Event: 948.477 Executing VM operation: G1CollectForAllocation (G1 Evacuation Pause)

Memory protections (0 events):
No events

Nmethod flushes (20 events):
Event: 944.532 Thread 0x000002177a790cc0 flushing  nmethod 0x0000021767697c10
Event: 944.532 Thread 0x000002177a790cc0 flushing  nmethod 0x0000021767868310
Event: 944.532 Thread 0x000002177a790cc0 flushing  nmethod 0x000002176797b290
Event: 944.532 Thread 0x000002177a790cc0 flushing  nmethod 0x000002176798b590
Event: 944.532 Thread 0x000002177a790cc0 flushing  nmethod 0x0000021767b21e10
Event: 944.532 Thread 0x000002177a790cc0 flushing  nmethod 0x0000021767bc6010
Event: 944.532 Thread 0x000002177a790cc0 flushing  nmethod 0x0000021767c0ba90
Event: 944.532 Thread 0x000002177a790cc0 flushing  nmethod 0x000002176714be90
Event: 944.532 Thread 0x000002177a790cc0 flushing  nmethod 0x00000217672d3590
Event: 944.532 Thread 0x000002177a790cc0 flushing  nmethod 0x00000217674fb910
Event: 944.532 Thread 0x000002177a790cc0 flushing  nmethod 0x000002176757e490
Event: 944.532 Thread 0x000002177a790cc0 flushing  nmethod 0x00000217677ffa10
Event: 944.532 Thread 0x000002177a790cc0 flushing  nmethod 0x0000021767aa0990
Event: 944.532 Thread 0x000002177a790cc0 flushing  nmethod 0x0000021767aa8610
Event: 944.532 Thread 0x000002177a790cc0 flushing  nmethod 0x0000021767aef410
Event: 944.532 Thread 0x000002177a790cc0 flushing  nmethod 0x0000021767b43890
Event: 944.532 Thread 0x000002177a790cc0 flushing  nmethod 0x0000021767bf4910
Event: 944.532 Thread 0x000002177a790cc0 flushing  nmethod 0x0000021767c16d90
Event: 944.532 Thread 0x000002177a790cc0 flushing  nmethod 0x0000021767c63c90
Event: 944.532 Thread 0x000002177a790cc0 flushing  nmethod 0x0000021767da5690

Events (20 events):
Event: 944.792 Thread 0x0000021741cbe030 Thread exited: 0x0000021741cbe030
Event: 944.818 Thread 0x00000217420f77f0 Thread exited: 0x00000217420f77f0
Event: 946.768 Thread 0x00000217420f8ba0 Thread added: 0x00000217420f5db0
Event: 946.769 Thread 0x00000217420f8ba0 Thread added: 0x00000217420f6ad0
Event: 946.769 Thread 0x00000217420f8ba0 Thread added: 0x00000217420f77f0
Event: 947.001 Thread 0x00000217420f8ba0 Thread added: 0x00000217420f7e80
Event: 947.191 Thread 0x00000217420f7e80 Thread added: 0x00000217429cb970
Event: 948.430 Thread 0x00000217420f8ba0 Thread added: 0x00000217429c5070
Event: 948.474 Thread 0x00000217420f8ba0 Thread added: 0x00000217429ca5c0
Event: 948.474 Thread 0x00000217420f8ba0 Thread added: 0x00000217429c6420
Event: 948.474 Thread 0x00000217420f8ba0 Thread added: 0x00000217429c98a0
Event: 948.474 Thread 0x00000217420f8ba0 Thread added: 0x00000217429c49e0
Event: 948.475 Thread 0x00000217420f8ba0 Thread added: 0x00000217429c9210
Event: 948.475 Thread 0x00000217420f8ba0 Thread added: 0x00000217429c5700
Event: 948.475 Thread 0x00000217420f8ba0 Thread added: 0x00000217429c6ab0
Event: 948.475 Thread 0x00000217420f8ba0 Thread added: 0x00000217429c7140
Event: 948.475 Thread 0x00000217420f8ba0 Thread added: 0x00000217429c7e60
Event: 948.475 Thread 0x00000217420f8ba0 Thread added: 0x00000217429c84f0
Event: 948.476 Thread 0x00000217420f8ba0 Thread added: 0x00000217429c8b80
Event: 948.477 Thread 0x00000217420f8ba0 Thread added: 0x0000021741cbf3e0


Dynamic libraries:
0x00007ff79f070000 - 0x00007ff79f07e000 	C:\Users\EDITH\.vscode\extensions\redhat.java-1.41.0-win32-x64\jre\21.0.6-win32-x86_64\bin\java.exe
0x00007ffa12090000 - 0x00007ffa12285000 	C:\Windows\SYSTEM32\ntdll.dll
0x00007ffa11870000 - 0x00007ffa1192d000 	C:\Windows\System32\KERNEL32.DLL
0x00007ffa0fdc0000 - 0x00007ffa10088000 	C:\Windows\System32\KERNELBASE.dll
0x00007ffa0fcc0000 - 0x00007ffa0fdc0000 	C:\Windows\System32\ucrtbase.dll
0x00007ffa07870000 - 0x00007ffa07888000 	C:\Users\EDITH\.vscode\extensions\redhat.java-1.41.0-win32-x64\jre\21.0.6-win32-x86_64\bin\jli.dll
0x00007ffa119e0000 - 0x00007ffa11b80000 	C:\Windows\System32\USER32.dll
0x00007ffa0f810000 - 0x00007ffa0f832000 	C:\Windows\System32\win32u.dll
0x00007ffa11710000 - 0x00007ffa1173a000 	C:\Windows\System32\GDI32.dll
0x00007ffa0fa80000 - 0x00007ffa0fb8b000 	C:\Windows\System32\gdi32full.dll
0x00007ffa10090000 - 0x00007ffa1012d000 	C:\Windows\System32\msvcp_win.dll
0x00007ff9fae60000 - 0x00007ff9fae7e000 	C:\Users\EDITH\.vscode\extensions\redhat.java-1.41.0-win32-x64\jre\21.0.6-win32-x86_64\bin\VCRUNTIME140.dll
0x00007ffa04b40000 - 0x00007ffa04dda000 	C:\Windows\WinSxS\amd64_microsoft.windows.common-controls_6595b64144ccf1df_6.0.19041.844_none_ca00b6081b84eb1d\COMCTL32.dll
0x00007ffa11e60000 - 0x00007ffa11efe000 	C:\Windows\System32\msvcrt.dll
0x00007ffa116e0000 - 0x00007ffa11710000 	C:\Windows\System32\IMM32.DLL
0x00007ffa04350000 - 0x00007ffa0435c000 	C:\Users\EDITH\.vscode\extensions\redhat.java-1.41.0-win32-x64\jre\21.0.6-win32-x86_64\bin\vcruntime140_1.dll
0x00007ff9e1740000 - 0x00007ff9e17cd000 	C:\Users\EDITH\.vscode\extensions\redhat.java-1.41.0-win32-x64\jre\21.0.6-win32-x86_64\bin\msvcp140.dll
0x00007ff9db100000 - 0x00007ff9dbe90000 	C:\Users\EDITH\.vscode\extensions\redhat.java-1.41.0-win32-x64\jre\21.0.6-win32-x86_64\bin\server\jvm.dll
0x00007ffa11410000 - 0x00007ffa114bc000 	C:\Windows\System32\ADVAPI32.dll
0x00007ffa11f10000 - 0x00007ffa11fab000 	C:\Windows\System32\sechost.dll
0x00007ffa11740000 - 0x00007ffa1186b000 	C:\Windows\System32\RPCRT4.dll
0x00007ffa10720000 - 0x00007ffa1078b000 	C:\Windows\System32\WS2_32.dll
0x00007ffa0f5d0000 - 0x00007ffa0f61b000 	C:\Windows\SYSTEM32\POWRPROF.dll
0x00007ffa04de0000 - 0x00007ffa04e07000 	C:\Windows\SYSTEM32\WINMM.dll
0x00007ffa051d0000 - 0x00007ffa051da000 	C:\Windows\SYSTEM32\VERSION.dll
0x00007ffa0f5b0000 - 0x00007ffa0f5c2000 	C:\Windows\SYSTEM32\UMPDC.dll
0x00007ffa0d770000 - 0x00007ffa0d782000 	C:\Windows\SYSTEM32\kernel.appcore.dll
0x00007ffa04310000 - 0x00007ffa0431a000 	C:\Users\EDITH\.vscode\extensions\redhat.java-1.41.0-win32-x64\jre\21.0.6-win32-x86_64\bin\jimage.dll
0x00007ffa051f0000 - 0x00007ffa053d4000 	C:\Windows\SYSTEM32\DBGHELP.DLL
0x00007ff9f77a0000 - 0x00007ff9f77cc000 	C:\Windows\SYSTEM32\dbgcore.DLL
0x00007ffa0fa00000 - 0x00007ffa0fa80000 	C:\Windows\System32\bcryptPrimitives.dll
0x00007ff9fab90000 - 0x00007ff9fabaf000 	C:\Users\EDITH\.vscode\extensions\redhat.java-1.41.0-win32-x64\jre\21.0.6-win32-x86_64\bin\java.dll
0x00007ffa10cb0000 - 0x00007ffa113f2000 	C:\Windows\System32\SHELL32.dll
0x00007ffa0d970000 - 0x00007ffa0e101000 	C:\Windows\SYSTEM32\windows.storage.dll
0x00007ffa10810000 - 0x00007ffa10b65000 	C:\Windows\System32\combase.dll
0x00007ffa0f240000 - 0x00007ffa0f26c000 	C:\Windows\SYSTEM32\Wldp.dll
0x00007ffa11ba0000 - 0x00007ffa11c4e000 	C:\Windows\System32\SHCORE.dll
0x00007ffa11c50000 - 0x00007ffa11ca5000 	C:\Windows\System32\shlwapi.dll
0x00007ffa0f750000 - 0x00007ffa0f76f000 	C:\Windows\SYSTEM32\profapi.dll
0x00007ff9f98f0000 - 0x00007ff9f9908000 	C:\Users\EDITH\.vscode\extensions\redhat.java-1.41.0-win32-x64\jre\21.0.6-win32-x86_64\bin\zip.dll
0x00007ffa011c0000 - 0x00007ffa011d0000 	C:\Users\EDITH\.vscode\extensions\redhat.java-1.41.0-win32-x64\jre\21.0.6-win32-x86_64\bin\net.dll
0x00007ffa07750000 - 0x00007ffa0785b000 	C:\Windows\SYSTEM32\WINHTTP.dll
0x00007ffa0ef20000 - 0x00007ffa0ef8a000 	C:\Windows\system32\mswsock.dll
0x00007ff9f98d0000 - 0x00007ff9f98e6000 	C:\Users\EDITH\.vscode\extensions\redhat.java-1.41.0-win32-x64\jre\21.0.6-win32-x86_64\bin\nio.dll
0x00007ff9faee0000 - 0x00007ff9faeea000 	C:\Users\EDITH\.vscode\extensions\redhat.java-1.41.0-win32-x64\jre\21.0.6-win32-x86_64\bin\management.dll
0x00007ff9fada0000 - 0x00007ff9fadab000 	C:\Users\EDITH\.vscode\extensions\redhat.java-1.41.0-win32-x64\jre\21.0.6-win32-x86_64\bin\management_ext.dll
0x00007ffa11fb0000 - 0x00007ffa11fb8000 	C:\Windows\System32\PSAPI.DLL
0x00007ff9fa6f0000 - 0x00007ff9fa707000 	C:\Windows\system32\napinsp.dll
0x00007ff9fa4d0000 - 0x00007ff9fa4eb000 	C:\Windows\system32\pnrpnsp.dll
0x00007ff9fa530000 - 0x00007ff9fa545000 	C:\Windows\system32\wshbth.dll
0x00007ffa0b290000 - 0x00007ffa0b2ad000 	C:\Windows\system32\NLAapi.dll
0x00007ffa0ec10000 - 0x00007ffa0ec4b000 	C:\Windows\SYSTEM32\IPHLPAPI.DLL
0x00007ffa0ec50000 - 0x00007ffa0ed1c000 	C:\Windows\SYSTEM32\DNSAPI.dll
0x00007ffa11400000 - 0x00007ffa11408000 	C:\Windows\System32\NSI.dll
0x00007ff9fa510000 - 0x00007ff9fa522000 	C:\Windows\System32\winrnr.dll
0x00007ffa05b50000 - 0x00007ffa05b5a000 	C:\Windows\System32\rasadhlp.dll
0x00007ffa068f0000 - 0x00007ffa0696f000 	C:\Windows\System32\fwpuclnt.dll
0x00007ffa0fb90000 - 0x00007ffa0fbb7000 	C:\Windows\System32\bcrypt.dll
0x00007ffa0f0f0000 - 0x00007ffa0f108000 	C:\Windows\SYSTEM32\CRYPTSP.dll
0x00007ffa0e8c0000 - 0x00007ffa0e8f4000 	C:\Windows\system32\rsaenh.dll
0x00007ffa0f6d0000 - 0x00007ffa0f6fe000 	C:\Windows\SYSTEM32\USERENV.dll
0x00007ffa0f110000 - 0x00007ffa0f11c000 	C:\Windows\SYSTEM32\CRYPTBASE.dll
0x00007ff9fa500000 - 0x00007ff9fa509000 	C:\Users\EDITH\.vscode\extensions\redhat.java-1.41.0-win32-x64\jre\21.0.6-win32-x86_64\bin\extnet.dll
0x00007ff9fad20000 - 0x00007ff9fad2e000 	C:\Users\EDITH\.vscode\extensions\redhat.java-1.41.0-win32-x64\jre\21.0.6-win32-x86_64\bin\sunmscapi.dll
0x00007ffa0f8a0000 - 0x00007ffa0f9ff000 	C:\Windows\System32\CRYPT32.dll
0x00007ffa0f2b0000 - 0x00007ffa0f2d7000 	C:\Windows\SYSTEM32\ncrypt.dll
0x00007ffa0f270000 - 0x00007ffa0f2ab000 	C:\Windows\SYSTEM32\NTASN1.dll
0x00007ff9fb1c0000 - 0x00007ff9fb1d0000 	C:\Users\EDITH\.vscode\extensions\redhat.java-1.41.0-win32-x64\jre\21.0.6-win32-x86_64\bin\verify.dll
0x00007ffa078b0000 - 0x00007ffa078b7000 	C:\Windows\system32\wshunix.dll

dbghelp: loaded successfully - version: 4.0.5 - missing functions: none
symbol engine: initialized successfully - sym options: 0x614 - pdb path: .;C:\Users\EDITH\.vscode\extensions\redhat.java-1.41.0-win32-x64\jre\21.0.6-win32-x86_64\bin;C:\Windows\SYSTEM32;C:\Windows\WinSxS\amd64_microsoft.windows.common-controls_6595b64144ccf1df_6.0.19041.844_none_ca00b6081b84eb1d;C:\Users\EDITH\.vscode\extensions\redhat.java-1.41.0-win32-x64\jre\21.0.6-win32-x86_64\bin\server

VM Arguments:
jvm_args: -XX:+ShowCodeDetailsInExceptionMessages -Dspring.jmx.enabled=true -Dmanagement.endpoints.jmx.exposure.include=* -Dspring.application.admin.enabled=true -Dspring.boot.project.name=school-library -Djava.rmi.server.hostname=localhost -Dcom.sun.management.jmxremote.port=45556 -Dcom.sun.management.jmxremote.authenticate=false -Dcom.sun.management.jmxremote.ssl=false 
java_command: com.sena.school_library.SchoolLibraryApplication
java_class_path (initial): C:\Users\EDITH\Downloads\school-library\target\classes;C:\Users\EDITH\.m2\repository\org\springframework\boot\spring-boot-starter-actuator\3.4.4\spring-boot-starter-actuator-3.4.4.jar;C:\Users\EDITH\.m2\repository\org\springframework\boot\spring-boot-starter\3.4.4\spring-boot-starter-3.4.4.jar;C:\Users\EDITH\.m2\repository\org\springframework\boot\spring-boot-starter-logging\3.4.4\spring-boot-starter-logging-3.4.4.jar;C:\Users\EDITH\.m2\repository\ch\qos\logback\logback-classic\1.5.18\logback-classic-1.5.18.jar;C:\Users\EDITH\.m2\repository\ch\qos\logback\logback-core\1.5.18\logback-core-1.5.18.jar;C:\Users\EDITH\.m2\repository\org\apache\logging\log4j\log4j-to-slf4j\2.24.3\log4j-to-slf4j-2.24.3.jar;C:\Users\EDITH\.m2\repository\org\apache\logging\log4j\log4j-api\2.24.3\log4j-api-2.24.3.jar;C:\Users\EDITH\.m2\repository\org\slf4j\jul-to-slf4j\2.0.17\jul-to-slf4j-2.0.17.jar;C:\Users\EDITH\.m2\repository\jakarta\annotation\jakarta.annotation-api\2.1.1\jakarta.annotation-api-2.1.1.jar;C:\Users\EDITH\.m2\repository\org\yaml\snakeyaml\2.3\snakeyaml-2.3.jar;C:\Users\EDITH\.m2\repository\org\springframework\boot\spring-boot-actuator-autoconfigure\3.4.4\spring-boot-actuator-autoconfigure-3.4.4.jar;C:\Users\EDITH\.m2\repository\org\springframework\boot\spring-boot-actuator\3.4.4\spring-boot-actuator-3.4.4.jar;C:\Users\EDITH\.m2\repository\com\fasterxml\jackson\core\jackson-databind\2.18.3\jackson-databind-2.18.3.jar;C:\Users\EDITH\.m2\repository\com\fasterxml\jackson\core\jackson-annotations\2.18.3\jackson-annotations-2.18.3.jar;C:\Users\EDITH\.m2\repository\com\fasterxml\jackson\core\jackson-core\2.18.3\jackson-core-2.18.3.jar;C:\Users\EDITH\.m2\repository\com\fasterxml\jackson\datatype\jackson-datatype-jsr310\2.18.3\jackson-datatype-jsr310-2.18.3.jar;C:\Users\EDITH\.m2\repository\io\micrometer\micrometer-observation\1.14.5\micrometer-observation-1.14.5.jar;C:\Users\EDITH\.m2\repository\io\micrometer\micrometer-commons\1.14.5\micrometer-commons-1.14.5.jar;C:\Users\EDITH\.m2\repository\io\micrometer\micrometer-jakarta9\1.14.5\micrometer-jakarta9-1.14.5.jar;C:\Users\EDITH\.m2\repository\io\micrometer\micrometer-core\1.14.5\micrometer-core-1.14.5.jar;C:\Users\EDITH\.m2\repository\org\hdrhistogram\HdrHistogram\2.2.2\HdrHistogram-2.2.2.jar;C:\Users\EDITH\.m2\repository\org\latencyutils\LatencyUtils\2.0.3\LatencyUtils-2.0.3.jar;C:\Users\EDITH\.m2\repository\org\springframework\boot\spring-boot-starter-data-jpa\3.4.4\spring-boot-starter-data-jpa-3.4.4.jar;C:\Users\EDITH\.m2\repository\org\springframework\boot\spring-boot-starter-jdbc\3.4.4\spring-boot-starter-jdbc-3.4.4.jar;C:\Users\EDITH\.m2\repository\com\zaxxer\HikariCP\5.1.0\HikariCP-5.1.0.jar;C:\Users\EDITH\.m2\repository\org\springframework\spring-jdbc\6.2.5\spring-jdbc-6.2.5.jar;C:\Users\EDITH\.m2\repository\org\hibernate\orm\hibernate-core\6.6.11.Final\hibernate-core-6.6.11.Final.jar;C:\Users\EDITH\.m2\repository\jakarta\persistence\jakarta.persistence-api\3.1.0\jakarta.persistence-api-3.1.0.jar;C:\Users\EDITH\.m2\repository\jakarta\transaction\jakarta.transaction-api\2.0.1\jakarta.transaction-api-2.0.1.jar;C:\Users\EDITH\.m2\repository\org\jboss\logging\jboss-logging\3.6.1.Final\jboss-logging-3.6.1.Final.jar;C:\Users\EDITH\.m2\repository\org\hibernate\common\hibernate-commons-annotations\7.0.3.Final\hibernate-commons-annotations-7.0.3.Final.jar;C:\Users\EDITH\.m2\repository\io\smallrye\jandex\3.2.0\jandex-3.2.0.jar;C:\Users\EDITH\.m2\repository\com\fasterxml\classmate\1.7.0\classmate-1.7.0.jar;C:\Users\EDITH\.m2\repository\net\bytebuddy\byte-buddy\1.15.11\byte-buddy-1.15.11.jar;C:\Users\EDITH\.m2\repository\org\glassfish\jaxb\jaxb-runtime\4.0.5\jaxb-runtime-4.0.5.jar;C:\Users\EDITH\.m2\repository\org\glassfish\jaxb\jaxb-core\4.0.5\jaxb-core-4.0.5.jar;C:\Users\EDITH\.m2\repository\org\eclipse\angus\angus-activation\2.0.2\angus-activation-2.0.2.jar;C:\Users\EDITH\.m2\repository\org\glassfish\jaxb\txw2\4.0.5\txw2-4.0.5.jar;C:\Users\EDITH\.m2\repository\com\sun\istack\istack-commons-runtime\4.1.2\istack-commons-runtime-4.1.2.jar;C:\Users\EDITH\.m2\repository\jakarta\inject\jakarta.inject-api\2.0.1\jakarta.inject-api-2.0.1.jar;C:\Users\EDITH\.m2\repository\org\antlr\antlr4-runtime\4.13.0\antlr4-runtime-4.13.0.jar;C:\Users\EDITH\.m2\repository\org\springframework\data\spring-data-jpa\3.4.4\spring-data-jpa-3.4.4.jar;C:\Users\EDITH\.m2\repository\org\springframework\data\spring-data-commons\3.4.4\spring-data-commons-3.4.4.jar;C:\Users\EDITH\.m2\repository\org\springframework\spring-orm\6.2.5\spring-orm-6.2.5.jar;C:\Users\EDITH\.m2\repository\org\springframework\spring-context\6.2.5\spring-context-6.2.5.jar;C:\Users\EDITH\.m2\repository\org\springframework\spring-aop\6.2.5\spring-aop-6.2.5.jar;C:\Users\EDITH\.m2\repository\org\springframework\spring-tx\6.2.5\spring-tx-6.2.5.jar;C:\Users\EDITH\.m2\repository\org\springframework\spring-beans\6.2.5\spring-beans-6.2.5.jar;C:\Users\EDITH\.m2\repository\org\slf4j\slf4j-api\2.0.17\slf4j-api-2.0.17.jar;C:\Users\EDITH\.m2\repository\org\springframework\spring-aspects\6.2.5\spring-aspects-6.2.5.jar;C:\Users\EDITH\.m2\repository\org\aspectj\aspectjweaver\1.9.23\aspectjweaver-1.9.23.jar;C:\Users\EDITH\.m2\repository\org\springframework\boot\spring-boot-starter-web\3.4.4\spring-boot-starter-web-3.4.4.jar;C:\Users\EDITH\.m2\repository\org\springframework\boot\spring-boot-starter-json\3.4.4\spring-boot-starter-json-3.4.4.jar;C:\Users\EDITH\.m2\repository\com\fasterxml\jackson\datatype\jackson-datatype-jdk8\2.18.3\jackson-datatype-jdk8-2.18.3.jar;C:\Users\EDITH\.m2\repository\com\fasterxml\jackson\module\jackson-module-parameter-names\2.18.3\jackson-module-parameter-names-2.18.3.jar;C:\Users\EDITH\.m2\repository\org\springframework\boot\spring-boot-starter-tomcat\3.4.4\spring-boot-starter-tomcat-3.4.4.jar;C:\Users\EDITH\.m2\repository\org\apache\tomcat\embed\tomcat-embed-core\10.1.39\tomcat-embed-core-10.1.39.jar;C:\Users\EDITH\.m2\repository\org\apache\tomcat\embed\tomcat-embed-el\10.1.39\tomcat-embed-el-10.1.39.jar;C:\Users\EDITH\.m2\repository\org\apache\tomcat\embed\tomcat-embed-websocket\10.1.39\tomcat-embed-websocket-10.1.39.jar;C:\Users\EDITH\.m2\repository\org\springframework\spring-web\6.2.5\spring-web-6.2.5.jar;C:\Users\EDITH\.m2\repository\org\springframework\spring-webmvc\6.2.5\spring-webmvc-6.2.5.jar;C:\Users\EDITH\.m2\repository\org\springframework\spring-expression\6.2.5\spring-expression-6.2.5.jar;C:\Users\EDITH\.m2\repository\org\springframework\boot\spring-boot-devtools\3.4.4\spring-boot-devtools-3.4.4.jar;C:\Users\EDITH\.m2\repository\org\springframework\boot\spring-boot\3.4.4\spring-boot-3.4.4.jar;C:\Users\EDITH\.m2\repository\org\springframework\boot\spring-boot-autoconfigure\3.4.4\spring-boot-autoconfigure-3.4.4.jar;C:\Users\EDITH\.m2\repository\com\mysql\mysql-connector-j\9.1.0\mysql-connector-j-9.1.0.jar;C:\Users\EDITH\.m2\repository\jakarta\xml\bind\jakarta.xml.bind-api\4.0.2\jakarta.xml.bind-api-4.0.2.jar;C:\Users\EDITH\.m2\repository\jakarta\activation\jakarta.activation-api\2.1.3\jakarta.activation-api-2.1.3.jar;C:\Users\EDITH\.m2\repository\org\springframework\spring-core\6.2.5\spring-core-6.2.5.jar;C:\Users\EDITH\.m2\repository\org\springframework\spring-jcl\6.2.5\spring-jcl-6.2.5.jar
Launcher Type: SUN_STANDARD

[Global flags]
     intx CICompilerCount                          = 2                                         {product} {ergonomic}
     uint ConcGCThreads                            = 1                                         {product} {ergonomic}
     uint G1ConcRefinementThreads                  = 2                                         {product} {ergonomic}
   size_t G1HeapRegionSize                         = 1048576                                   {product} {ergonomic}
    uintx GCDrainStackTargetSize                   = 64                                        {product} {ergonomic}
   size_t InitialHeapSize                          = 134217728                                 {product} {ergonomic}
     bool ManagementServer                         = true                                      {product} {command line}
   size_t MarkStackSize                            = 4194304                                   {product} {ergonomic}
   size_t MaxHeapSize                              = 2116026368                                {product} {ergonomic}
   size_t MaxNewSize                               = 1268776960                                {product} {ergonomic}
   size_t MinHeapDeltaBytes                        = 1048576                                   {product} {ergonomic}
   size_t MinHeapSize                              = 8388608                                   {product} {ergonomic}
    uintx NonNMethodCodeHeapSize                   = 5826188                                {pd product} {ergonomic}
    uintx NonProfiledCodeHeapSize                  = 122916026                              {pd product} {ergonomic}
    uintx ProfiledCodeHeapSize                     = 122916026                              {pd product} {ergonomic}
    uintx ReservedCodeCacheSize                    = 251658240                              {pd product} {ergonomic}
     bool SegmentedCodeCache                       = true                                      {product} {ergonomic}
     bool ShowCodeDetailsInExceptionMessages       = true                                   {manageable} {command line}
   size_t SoftMaxHeapSize                          = 2116026368                             {manageable} {ergonomic}
     bool UseCompressedOops                        = true                           {product lp64_product} {ergonomic}
     bool UseG1GC                                  = true                                      {product} {ergonomic}
     bool UseLargePagesIndividualAllocation        = false                                  {pd product} {ergonomic}

Logging:
Log output configuration:
 #0: stdout all=warning uptime,level,tags foldmultilines=false
 #1: stderr all=off uptime,level,tags foldmultilines=false

Environment Variables:
PATH=C:\Ruby31-x64\bin;C:\Program Files\Common Files\Oracle\Java\javapath;C:\Program Files (x86)\Common Files\Oracle\Java\java8path;C:\Program Files (x86)\Common Files\Oracle\Java\javapath;C:\Windows\system32;C:\Windows;C:\Windows\System32\Wbem;C:\Windows\System32\WindowsPowerShell\v1.0\;C:\Windows\System32\OpenSSH\;C:\Program Files (x86)\HP\Common\HPDestPlgIn\;%NVM_HOME%;%NVM_SYMLINK%;C:\Program Files\nodejs\;C:\Program Files\Microsoft SQL Server\150\Tools\Binn\;C:\Program Files\Microsoft SQL Server\Client SDK\ODBC\170\Tools\Binn\;C:\Program Files\dotnet\;C:\Program Files (x86)\Microsoft SQL Server\160\Tools\Binn\;C:\Program Files\Microsoft SQL Server\160\Tools\Binn\;C:\Program Files\Microsoft SQL Server\160\DTS\Binn\;C:\Program Files (x86)\Microsoft SQL Server\160\DTS\Binn\;C:\Program Files\Git\cmd;C:\Users\EDITH\AppData\Local\Microsoft\WindowsApps;C:\Program Files (x86)\HP\Common\HPDestPlgIn\;C:\Users\EDITH\AppData\Local\nvm;C:\nvm4w\nodejs;C:\Users\EDITH\AppData\Roaming\npm;C:\Users\EDITH\AppData\Local\Programs\Microsoft VS Code\bin;C:\Users\EDITH\.dotnet\tools
USERNAME=EDITH
LANG=en_US.UTF-8
OS=Windows_NT
PROCESSOR_IDENTIFIER=Intel64 Family 6 Model 58 Stepping 9, GenuineIntel
TMP=C:\Users\EDITH\AppData\Local\Temp
TEMP=C:\Users\EDITH\AppData\Local\Temp




Periodic native trim disabled

---------------  S Y S T E M  ---------------

OS:
 Windows 10 , 64 bit Build 19041 (10.0.19041.928)
OS uptime: 0 days 3:02 hours

CPU: total 2 (initial active 2) (2 cores per cpu, 1 threads per core) family 6 model 58 stepping 9 microcode 0x21, cx8, cmov, fxsr, mmx, sse, sse2, sse3, ssse3, sse4.1, sse4.2, popcnt, tsc, tscinvbit, erms, clmul, clflush, rdtscp
Processor Information for the first 2 processors :
  Max Mhz: 2600, Current Mhz: 2600, Mhz Limit: 2600

Memory: 4k page, system-wide physical 8068M (1484M free)
TotalPageFile size 8068M (AvailPageFile size 108M)
current process WorkingSet (physical memory assigned to process): 502M, peak: 507M
current process commit charge ("private bytes"): 524M, peak: 798M

vm_info: OpenJDK 64-Bit Server VM (21.0.6+7-LTS) for windows-amd64 JRE (21.0.6+7-LTS), built on 2025-01-21T00:00:00Z by "admin" with MS VC++ 17.7 (VS2022)

END.
